#
# A fatal error has been detected by the Java Runtime Environment:
#
#  SIGBUS (0xa) at pc=0x000000010a8c54f0, pid=77310, tid=29711
#
# JRE version: OpenJDK Runtime Environment Corretto-17.0.1.12.1 (17.0.1+12) (build 17.0.1+12-LTS)
# Java VM: OpenJDK 64-Bit Server VM Corretto-17.0.1.12.1 (17.0.1+12-LTS, mixed mode, sharing, tiered, compressed oops, compressed class ptrs, g1 gc, bsd-aarch64)
# Problematic frame:
# v  ~StubRoutines::SafeFetchN
#
# No core dump will be written. Core dumps have been disabled. To enable core dumping, try "ulimit -c unlimited" before starting Java again
#
# If you would like to submit a bug report, please visit:
#   https://github.com/corretto/corretto-17/issues/
# The crash happened outside the Java Virtual Machine in native code.
# See problematic frame for where to report the bug.
#

---------------  S U M M A R Y ------------

Command Line: -javaagent:/Applications/IntelliJ IDEA CE.app/Contents/lib/idea_rt.jar=58230:/Applications/IntelliJ IDEA CE.app/Contents/bin -Dfile.encoding=UTF-8 --module-path=/Users/raihanromzi/.m2/repository/org/openjfx/javafx-fxml/17-ea+11/javafx-fxml-17-ea+11-mac-aarch64.jar:/Users/raihanromzi/.m2/repository/org/openjfx/javafx-controls/17-ea+11/javafx-controls-17-ea+11-mac-aarch64.jar:/Users/raihanromzi/Documents/Programming/javaFX-Project-1/target/classes:/Users/raihanromzi/.m2/repository/org/openjfx/javafx-base/17-ea+11/javafx-base-17-ea+11-mac-aarch64.jar:/Users/raihanromzi/.m2/repository/org/openjfx/javafx-graphics/17-ea+11/javafx-graphics-17-ea+11-mac-aarch64.jar -Djdk.module.main=com.javafxproject com.javafxproject/com.javafxproject.HelloApplication

Host: "MacBookAir10,1" arm64 1 MHz, 8 cores, 8G, Darwin 21.1.0, macOS 12.0.1 (21A559)
Time: Fri Nov 19 07:59:07 2021 WIB elapsed time: 2.252659 seconds (0d 0h 0m 2s)

---------------  T H R E A D  ---------------

Current thread (0x00000001368aac00):  JavaThread "InvokeLaterDispatcher" daemon [_thread_in_native, id=29711, stack(0x0000000171de0000,0x0000000171fe3000)]

Stack: [0x0000000171de0000,0x0000000171fe3000],  sp=0x0000000171fe2790,  free space=2057k
Native frames: (J=compiled Java code, j=interpreted, Vv=VM code, C=native code)
v  ~StubRoutines::SafeFetchN
V  [libjvm.dylib+0x7ae3e0]  OopStorage::release(oopDesc* const*)+0x20
V  [libjvm.dylib+0x4c6480]  jni_DeleteGlobalRef+0xd8
C  [libglass.dylib+0xa880]  -[GlassRunnable dealloc]+0x34
C  [Foundation+0x85e0c]  -[_NSThreadPerformInfo dealloc]+0x30
C  [Foundation+0x525e8]  -[NSObject(NSThreadPerformAdditions) performSelectorOnMainThread:withObject:waitUntilDone:]+0x88
C  0x546c80010a8cd8ac
j  com.sun.glass.ui.mac.MacApplication.submitForLaterInvocation(Ljava/lang/Runnable;)V+2 javafx.graphics
j  com.sun.glass.ui.InvokeLaterDispatcher.run()V+82 javafx.graphics
v  ~StubRoutines::call_stub
V  [libjvm.dylib+0x46b5dc]  JavaCalls::call_helper(JavaValue*, methodHandle const&, JavaCallArguments*, JavaThread*)+0x390
V  [libjvm.dylib+0x46a648]  JavaCalls::call_virtual(JavaValue*, Klass*, Symbol*, Symbol*, JavaCallArguments*, JavaThread*)+0xf8
V  [libjvm.dylib+0x46a710]  JavaCalls::call_virtual(JavaValue*, Handle, Klass*, Symbol*, Symbol*, JavaThread*)+0x64
V  [libjvm.dylib+0x51f494]  thread_entry(JavaThread*, JavaThread*)+0xc4
V  [libjvm.dylib+0x98f4e4]  JavaThread::thread_main_inner()+0x138
V  [libjvm.dylib+0x98dbc0]  Thread::call_run()+0x128
V  [libjvm.dylib+0x7b5330]  thread_native_entry(Thread*)+0x158
C  [libsystem_pthread.dylib+0x74ec]  _pthread_start+0x94

Java frames: (J=compiled Java code, j=interpreted, Vv=VM code)
j  com.sun.glass.ui.mac.MacApplication._submitForLaterInvocation(Ljava/lang/Runnable;)V+0 javafx.graphics
j  com.sun.glass.ui.mac.MacApplication.submitForLaterInvocation(Ljava/lang/Runnable;)V+2 javafx.graphics
j  com.sun.glass.ui.InvokeLaterDispatcher.run()V+82 javafx.graphics
v  ~StubRoutines::call_stub

siginfo: si_signo: 10 (SIGBUS), si_code: 1 (BUS_ADRALN), si_addr: 0x000000010a8c54f0

Register to memory mapping:

 x0=0x0000000101d07bc8 is a global jni handle
 x1=0x0 is NULL
 x2=0x0000000786f80dd8 is an oop: com.sun.glass.ui.InvokeLaterDispatcher$Future 
{0x0000000786f80dd8} - klass: 'com/sun/glass/ui/InvokeLaterDispatcher$Future'
 - ---- fields (total size 3 words):
 - private 'done' 'Z' @12  true
 - private final 'runnable' 'Ljava/lang/Runnable;' @16  a 'com/sun/javafx/application/PlatformImpl$$Lambda$92+0x0000000800c85d50'{0x000000078648c8e0} (f0c9191c)
 - final synthetic 'this$0' 'Lcom/sun/glass/ui/InvokeLaterDispatcher;' @20  a 'com/sun/glass/ui/InvokeLaterDispatcher'{0x000000078682aac8} (f0d05559)
 x3=0x0 is NULL
 x4=0x00000000000130a8 is an unknown value
 x5=0x0 is NULL
 x6=0x0 is NULL
 x7=0x0 is NULL
 x8=0x000000010a8c54ec is at begin+0 in a stub
StubRoutines::SafeFetchN [0x000000010a8c54ec, 0x000000010a8c54f8] (12 bytes)
 x9=0x0 is NULL
x10=0x2010000030300000 is an unknown value
x11=0x0000000000000007 is an unknown value
x12=0x0 is NULL
x13=0x0000600003c4fe70 points into unknown readable memory: 0x5e020001826d48c0 | c0 48 6d 82 01 00 02 5e
x14=0x0000000000000001 is an unknown value
x15=0x000000011fc29f98: OBJC_CLASS_$_GlassRunnable+0 in /Users/raihanromzi/.openjfx/cache/17-ea/libglass.dylib at 0x000000011fbe4000
x16=0x0000000182844340: pthread_getspecific+0 in /usr/lib/system/libsystem_pthread.dylib at 0x0000000182842000
x17=0x00006000036582a0 points into unknown readable memory: 0xfffffffffffffffe | fe ff ff ff ff ff ff ff
x18=0x0 is NULL
x19=0x00006000039542a0 points into unknown readable memory: 0x0000600001058140 | 40 81 05 01 00 60 00 00
x20=0x0000000101d079c0 points into unknown readable memory: 0xafbd2231d62cee01 | 01 ee 2c d6 31 22 bd af
x21=0x0000000101d07bc8 is a global jni handle
x22=0x00000001368aac00 is a thread
x23=0x0000000000000001 is an unknown value
x24=0x0000000101d07b80 is a global jni handle
x25=0x0000000102abfa08: _ZN12StubRoutines17_safefetchN_entryE+0 in /Library/Java/JavaVirtualMachines/amazon-corretto-17.jdk/Contents/Home/lib/server/libjvm.dylib at 0x0000000101e70000
x26=0x0000000120d180d8 is pointing into metadata
x27=0x0 is NULL
x28=0x00000001368aac00 is a thread


Registers:
 x0=0x0000000101d07bc8  x1=0x0000000000000000  x2=0x0000000786f80dd8  x3=0x0000000000000000
 x4=0x00000000000130a8  x5=0x0000000000000000  x6=0x0000000000000000  x7=0x0000000000000000
 x8=0x000000010a8c54ec  x9=0x0000000000000000 x10=0x2010000030300000 x11=0x0000000000000007
x12=0x0000000000000000 x13=0x0000600003c4fe70 x14=0x0000000000000001 x15=0x000000011fc29f98
x16=0x0000000182844340 x17=0x00006000036582a0 x18=0x0000000000000000 x19=0x00006000039542a0
x20=0x0000000101d079c0 x21=0x0000000101d07bc8 x22=0x00000001368aac00 x23=0x0000000000000001
x24=0x0000000101d07b80 x25=0x0000000102abfa08 x26=0x0000000120d180d8 x27=0x0000000000000000
x28=0x00000001368aac00  fp=0x0000000171fe27d0  lr=0x000000010261d1bc  sp=0x0000000171fe2790
pc=0x000000010a8c54f0 cpsr=0x0000000060001000
Top of Stack: (sp=0x0000000171fe2790)
0x0000000171fe2790:   0000000120d180d8 0000000000000001
0x0000000171fe27a0:   000000013589a138 0000000000000000
0x0000000171fe27b0:   000000013589a0a8 0000000101d07bb0
0x0000000171fe27c0:   0000000101d07bb0 00006000039542a0
0x0000000171fe27d0:   0000000171fe2810 000000010261e3e0
0x0000000171fe27e0:   0000000000000001 0000000101d07bb0
0x0000000171fe27f0:   000000013589a0a8 0000000101d07bb0
0x0000000171fe2800:   0000000000000001 0000000135899e00
0x0000000171fe2810:   0000000171fe2850 0000000102336480
0x0000000171fe2820:   0000000171fe2998 00006000010510d0
0x0000000171fe2830:   00006000010510c0 00000001cca719f4
0x0000000171fe2840:   0000000000000000 00006000010510c0
0x0000000171fe2850:   0000000171fe2880 000000011fbee880
0x0000000171fe2860:   92c8e13473af005e 0000000000000000
0x0000000171fe2870:   0000000000000000 000060000074e840
0x0000000171fe2880:   0000000171fe28c0 000000018380ce0c
0x0000000171fe2890:   0000000171fe2998 00006000010510d0
0x0000000171fe28a0:   00006000010510c0 92c8e13473af005e
0x0000000171fe28b0:   0000000000000000 0000000000000000
0x0000000171fe28c0:   0000000171fe2900 315b8001837d95e8
0x0000000171fe28d0:   0000000171fe2998 000000010a8cc7c0
0x0000000171fe28e0:   0000000000000000 0000000102ac73c0
0x0000000171fe28f0:   0000000171fe2910 000000010a8cb730
0x0000000171fe2900:   0000000171fe2970 546c80010a8cd8ac
0x0000000171fe2910:   0000000171fe2910 00000008009847e5
0x0000000171fe2920:   0000000171fe2920 0000000000000000
0x0000000171fe2930:   0000000171fe2998 0000000120d180d8
0x0000000171fe2940:   00000007868369e0 0000000000000000
0x0000000171fe2950:   0000000000000000 0000000120cf7120
0x0000000171fe2960:   0000000000000000 0000000171fe2970
0x0000000171fe2970:   0000000171fe29f0 000000010a8c9fc8
0x0000000171fe2980:   0000000000000000 0000000000000000 

Instructions: (pc=0x000000010a8c54f0)
0x000000010a8c53f0:   f2a05509 f2c00029 6d425935 1e640886
0x000000010a8c5400:   0c402d31 1e6408c7 1f5654d0 1e6c1017
0x000000010a8c5410:   1f5050d0 1f504cd0 1f5048d0 1e650af6
0x000000010a8c5420:   1f50d8f6 1f5694d6 1f5158f6 1e762880
0x000000010a8c5430:   36000501 1e614000 14000026 2e251ca5
0x000000010a8c5440:   d2983009 f2a05509 f2c00029 6d425d36
0x000000010a8c5450:   1e600806 0c402d32 1f5758c7 1e6c101a
0x000000010a8c5460:   1f4754c7 1e650805 1f4750c7 d2866668
0x000000010a8c5470:   f2a7fa68 1f474cc7 1e6608c0 1f4748c7
0x000000010a8c5480:   1e6e1019 eb08007f 540000ac 1f479400
0x000000010a8c5490:   1f460340 1e603b20 1400000e d2a7fd29
0x000000010a8c54a0:   eb09007f 540000ac 51480069 d3607d29
0x000000010a8c54b0:   9e670121 14000002 1e6a5001 1f679417
0x000000010a8c54c0:   1f668742 1e613b23 1e773857 1e773860
0x000000010a8c54d0:   a8c17ff3 910003bf a8c17bfd d65f03c0
0x000000010a8c54e0:   b9400001 aa0103e0 d65f03c0 f9400001
0x000000010a8c54f0:   aa0103e0 d65f03c0 00000000 00000000
0x000000010a8c5500:   00000000 00000000 00000000 00000000
0x000000010a8c5510:   00000000 00000000 00000000 00000000
0x000000010a8c5520:   00000000 00000000 00000000 00000000
0x000000010a8c5530:   00000000 00000000 00000000 00000000
0x000000010a8c5540:   00000000 00000000 00000000 00000000
0x000000010a8c5550:   00000000 00000000 00000000 00000000
0x000000010a8c5560:   00000000 00000000 00000000 00000000
0x000000010a8c5570:   00000000 00000000 00000000 00000000
0x000000010a8c5580:   00000000 00000000 00000000 00000000
0x000000010a8c5590:   00000000 00000000 00000000 00000000
0x000000010a8c55a0:   00000000 00000000 00000000 00000000
0x000000010a8c55b0:   00000000 00000000 00000000 00000000
0x000000010a8c55c0:   00000000 00000000 00000000 00000000
0x000000010a8c55d0:   00000000 00000000 00000000 00000000
0x000000010a8c55e0:   00000000 00000000 00000000 00000000 


Stack slot to memory mapping:
stack at sp + 0 slots: 0x0000000120d180d8 is pointing into metadata
stack at sp + 1 slots: 0x0000000000000001 is an unknown value
stack at sp + 2 slots: 0x000000013589a138 points into unknown readable memory: 0x616a4c2800000004 | 04 00 00 00 28 4c 6a 61
stack at sp + 3 slots: 0x0 is NULL
stack at sp + 4 slots: 0x000000013589a0a8 points into unknown readable memory: 0x0000000102a7a8a0 | a0 a8 a7 02 01 00 00 00
stack at sp + 5 slots: 0x0000000101d07bb0 is a global jni handle
stack at sp + 6 slots: 0x0000000101d07bb0 is a global jni handle
stack at sp + 7 slots: 0x00006000039542a0 points into unknown readable memory: 0x0000600001058140 | 40 81 05 01 00 60 00 00

StubRoutines::SafeFetchN [0x000000010a8c54ec, 0x000000010a8c54f8] (12 bytes)
[MachCode]
  0x000000010a8c54ec: 0100 40f9 | e003 01aa | c003 5fd6 
[/MachCode]

---------------  P R O C E S S  ---------------

Threads class SMR info:
_java_thread_list=0x0000600001286b20, length=20, elements={
0x000000013680b800, 0x0000000140014200, 0x000000012100a400, 0x0000000120025600,
0x0000000120028000, 0x0000000120028600, 0x000000012002ae00, 0x0000000135815600,
0x0000000135809000, 0x0000000140012800, 0x000000013580b600, 0x0000000135813000,
0x000000013581a000, 0x00000001368aac00, 0x0000000135899e00, 0x0000000120261c00,
0x0000000136a4c400, 0x00000001401c7600, 0x0000000140442000, 0x00000001204ba400
}

Java Threads: ( => current thread )
  0x000000013680b800 JavaThread "main" [_thread_blocked, id=9987, stack(0x000000016f3d8000,0x000000016f5db000)]
  0x0000000140014200 JavaThread "Reference Handler" daemon [_thread_blocked, id=15363, stack(0x000000017022c000,0x000000017042f000)]
  0x000000012100a400 JavaThread "Finalizer" daemon [_thread_blocked, id=16643, stack(0x0000000170438000,0x000000017063b000)]
  0x0000000120025600 JavaThread "Signal Dispatcher" daemon [_thread_blocked, id=42243, stack(0x000000017075c000,0x000000017095f000)]
  0x0000000120028000 JavaThread "Service Thread" daemon [_thread_blocked, id=41987, stack(0x0000000170968000,0x0000000170b6b000)]
  0x0000000120028600 JavaThread "Monitor Deflation Thread" daemon [_thread_blocked, id=41475, stack(0x0000000170b74000,0x0000000170d77000)]
  0x000000012002ae00 JavaThread "C2 CompilerThread0" daemon [_thread_blocked, id=23299, stack(0x0000000170d80000,0x0000000170f83000)]
  0x0000000135815600 JavaThread "C1 CompilerThread0" daemon [_thread_blocked, id=23555, stack(0x0000000170f8c000,0x000000017118f000)]
  0x0000000135809000 JavaThread "Sweeper thread" daemon [_thread_blocked, id=23811, stack(0x0000000171198000,0x000000017139b000)]
  0x0000000140012800 JavaThread "Common-Cleaner" daemon [_thread_blocked, id=40707, stack(0x00000001713a4000,0x00000001715a7000)]
  0x000000013580b600 JavaThread "Monitor Ctrl-Break" daemon [_thread_in_native, id=24323, stack(0x00000001715b0000,0x00000001717b3000)]
  0x0000000135813000 JavaThread "Notification Thread" daemon [_thread_blocked, id=24579, stack(0x00000001717bc000,0x00000001719bf000)]
  0x000000013581a000 JavaThread "QuantumRenderer-0" daemon [_thread_blocked, id=25603, stack(0x0000000171bd4000,0x0000000171dd7000)]
=>0x00000001368aac00 JavaThread "InvokeLaterDispatcher" daemon [_thread_in_native, id=29711, stack(0x0000000171de0000,0x0000000171fe3000)]
  0x0000000135899e00 JavaThread "JavaFX Application Thread" [_thread_in_native, id=259, stack(0x000000016eb50000,0x000000016f34c000)]
  0x0000000120261c00 JavaThread "JavaFX-Launcher" [_thread_blocked, id=74243, stack(0x0000000172284000,0x0000000172487000)]
  0x0000000136a4c400 JavaThread "Prism Font Disposer" daemon [_thread_blocked, id=70979, stack(0x0000000172ecc000,0x00000001730cf000)]
  0x00000001401c7600 JavaThread "Cleaner-0" daemon [_thread_blocked, id=55815, stack(0x0000000173164000,0x0000000173367000)]
  0x0000000140442000 JavaThread "Attach Listener" daemon [_thread_blocked, id=1319, stack(0x0000000173370000,0x0000000173573000)]
  0x00000001204ba400 JavaThread "PulseTimer-CVDisplayLink thread" daemon [_thread_in_native, id=77831, stack(0x0000000171fec000,0x000000017206f000)]

Other Threads:
  0x0000000137104de0 VMThread "VM Thread" [stack: 0x0000000170020000,0x0000000170223000] [id=14851]
  0x000000013561d6a0 WatcherThread [stack: 0x00000001719c8000,0x0000000171bcb000] [id=25091]
  0x0000000135706c30 GCTaskThread "GC Thread#0" [stack: 0x000000016f5e4000,0x000000016f7e7000] [id=19715]
  0x000000013571cac0 GCTaskThread "GC Thread#1" [stack: 0x0000000172490000,0x0000000172693000] [id=54787]
  0x000000013571d3b0 GCTaskThread "GC Thread#2" [stack: 0x000000017269c000,0x000000017289f000] [id=73731]
  0x0000000101d2c6e0 GCTaskThread "GC Thread#3" [stack: 0x00000001728a8000,0x0000000172aab000] [id=55299]
  0x0000000101d2cb60 GCTaskThread "GC Thread#4" [stack: 0x0000000172ab4000,0x0000000172cb7000] [id=73219]
  0x0000000101d2cfe0 GCTaskThread "GC Thread#5" [stack: 0x0000000172cc0000,0x0000000172ec3000] [id=72963]
  0x00000001357072e0 ConcurrentGCThread "G1 Main Marker" [stack: 0x000000016f7f0000,0x000000016f9f3000] [id=19459]
  0x0000000135707b60 ConcurrentGCThread "G1 Conc#0" [stack: 0x000000016f9fc000,0x000000016fbff000] [id=18947]
  0x00000001357099d0 ConcurrentGCThread "G1 Refine#0" [stack: 0x000000016fc08000,0x000000016fe0b000] [id=18691]
  0x00000001371043f0 ConcurrentGCThread "G1 Service" [stack: 0x000000016fe14000,0x0000000170017000] [id=13827]

Threads with active compile tasks:

VM state: not at safepoint (normal execution)

VM Mutex/Monitor currently owned by a thread: None

Heap address: 0x0000000780000000, size: 2048 MB, Compressed Oops mode: Zero based, Oop shift amount: 3

CDS archive(s) mapped at: [0x0000000800000000-0x0000000800bd4000-0x0000000800bd4000), size 12402688, SharedBaseAddress: 0x0000000800000000, ArchiveRelocationMode: 0.
Compressed class space mapped at: 0x0000000800c00000-0x0000000840c00000, reserved size: 1073741824
Narrow klass base: 0x0000000800000000, Narrow klass shift: 0, Narrow klass range: 0x100000000

GC Precious Log:
 CPUs: 8 total, 8 available
 Memory: 8192M
 Large Page Support: Disabled
 NUMA Support: Disabled
 Compressed Oops: Enabled (Zero based)
 Heap Region Size: 1M
 Heap Min Capacity: 8M
 Heap Initial Capacity: 128M
 Heap Max Capacity: 2G
 Pre-touch: Disabled
 Parallel Workers: 8
 Concurrent Workers: 2
 Concurrent Refinement Workers: 8
 Periodic GC: Disabled

Heap:
 garbage-first heap   total 133120K, used 31327K [0x0000000780000000, 0x0000000800000000)
  region size 1024K, 28 young (28672K), 3 survivors (3072K)
 Metaspace       used 13404K, committed 13632K, reserved 1064960K
  class space    used 1809K, committed 1920K, reserved 1048576K

Heap Regions: E=young(eden), S=young(survivor), O=old, HS=humongous(starts), HC=humongous(continues), CS=collection set, F=free, OA=open archive, CA=closed archive, TAMS=top-at-mark-start (previous, next)
|   0|0x0000000780000000, 0x000000078009fe00, 0x0000000780100000| 62%| O|  |TAMS 0x0000000780000000, 0x0000000780000000| Untracked 
|   1|0x0000000780100000, 0x0000000780200000, 0x0000000780200000|100%|HS|  |TAMS 0x0000000780100000, 0x0000000780100000| Complete 
|   2|0x0000000780200000, 0x0000000780300000, 0x0000000780300000|100%|HC|  |TAMS 0x0000000780200000, 0x0000000780200000| Complete 
|   3|0x0000000780300000, 0x0000000780300000, 0x0000000780400000|  0%| F|  |TAMS 0x0000000780300000, 0x0000000780300000| Untracked 
|   4|0x0000000780400000, 0x0000000780400000, 0x0000000780500000|  0%| F|  |TAMS 0x0000000780400000, 0x0000000780400000| Untracked 
|   5|0x0000000780500000, 0x0000000780500000, 0x0000000780600000|  0%| F|  |TAMS 0x0000000780500000, 0x0000000780500000| Untracked 
|   6|0x0000000780600000, 0x0000000780600000, 0x0000000780700000|  0%| F|  |TAMS 0x0000000780600000, 0x0000000780600000| Untracked 
|   7|0x0000000780700000, 0x0000000780700000, 0x0000000780800000|  0%| F|  |TAMS 0x0000000780700000, 0x0000000780700000| Untracked 
|   8|0x0000000780800000, 0x0000000780800000, 0x0000000780900000|  0%| F|  |TAMS 0x0000000780800000, 0x0000000780800000| Untracked 
|   9|0x0000000780900000, 0x0000000780900000, 0x0000000780a00000|  0%| F|  |TAMS 0x0000000780900000, 0x0000000780900000| Untracked 
|  10|0x0000000780a00000, 0x0000000780a00000, 0x0000000780b00000|  0%| F|  |TAMS 0x0000000780a00000, 0x0000000780a00000| Untracked 
|  11|0x0000000780b00000, 0x0000000780b00000, 0x0000000780c00000|  0%| F|  |TAMS 0x0000000780b00000, 0x0000000780b00000| Untracked 
|  12|0x0000000780c00000, 0x0000000780c00000, 0x0000000780d00000|  0%| F|  |TAMS 0x0000000780c00000, 0x0000000780c00000| Untracked 
|  13|0x0000000780d00000, 0x0000000780d00000, 0x0000000780e00000|  0%| F|  |TAMS 0x0000000780d00000, 0x0000000780d00000| Untracked 
|  14|0x0000000780e00000, 0x0000000780e00000, 0x0000000780f00000|  0%| F|  |TAMS 0x0000000780e00000, 0x0000000780e00000| Untracked 
|  15|0x0000000780f00000, 0x0000000780f00000, 0x0000000781000000|  0%| F|  |TAMS 0x0000000780f00000, 0x0000000780f00000| Untracked 
|  16|0x0000000781000000, 0x0000000781000000, 0x0000000781100000|  0%| F|  |TAMS 0x0000000781000000, 0x0000000781000000| Untracked 
|  17|0x0000000781100000, 0x0000000781100000, 0x0000000781200000|  0%| F|  |TAMS 0x0000000781100000, 0x0000000781100000| Untracked 
|  18|0x0000000781200000, 0x0000000781200000, 0x0000000781300000|  0%| F|  |TAMS 0x0000000781200000, 0x0000000781200000| Untracked 
|  19|0x0000000781300000, 0x0000000781300000, 0x0000000781400000|  0%| F|  |TAMS 0x0000000781300000, 0x0000000781300000| Untracked 
|  20|0x0000000781400000, 0x0000000781400000, 0x0000000781500000|  0%| F|  |TAMS 0x0000000781400000, 0x0000000781400000| Untracked 
|  21|0x0000000781500000, 0x0000000781500000, 0x0000000781600000|  0%| F|  |TAMS 0x0000000781500000, 0x0000000781500000| Untracked 
|  22|0x0000000781600000, 0x0000000781600000, 0x0000000781700000|  0%| F|  |TAMS 0x0000000781600000, 0x0000000781600000| Untracked 
|  23|0x0000000781700000, 0x0000000781700000, 0x0000000781800000|  0%| F|  |TAMS 0x0000000781700000, 0x0000000781700000| Untracked 
|  24|0x0000000781800000, 0x0000000781800000, 0x0000000781900000|  0%| F|  |TAMS 0x0000000781800000, 0x0000000781800000| Untracked 
|  25|0x0000000781900000, 0x0000000781900000, 0x0000000781a00000|  0%| F|  |TAMS 0x0000000781900000, 0x0000000781900000| Untracked 
|  26|0x0000000781a00000, 0x0000000781a00000, 0x0000000781b00000|  0%| F|  |TAMS 0x0000000781a00000, 0x0000000781a00000| Untracked 
|  27|0x0000000781b00000, 0x0000000781b00000, 0x0000000781c00000|  0%| F|  |TAMS 0x0000000781b00000, 0x0000000781b00000| Untracked 
|  28|0x0000000781c00000, 0x0000000781c00000, 0x0000000781d00000|  0%| F|  |TAMS 0x0000000781c00000, 0x0000000781c00000| Untracked 
|  29|0x0000000781d00000, 0x0000000781d00000, 0x0000000781e00000|  0%| F|  |TAMS 0x0000000781d00000, 0x0000000781d00000| Untracked 
|  30|0x0000000781e00000, 0x0000000781e00000, 0x0000000781f00000|  0%| F|  |TAMS 0x0000000781e00000, 0x0000000781e00000| Untracked 
|  31|0x0000000781f00000, 0x0000000781f00000, 0x0000000782000000|  0%| F|  |TAMS 0x0000000781f00000, 0x0000000781f00000| Untracked 
|  32|0x0000000782000000, 0x0000000782000000, 0x0000000782100000|  0%| F|  |TAMS 0x0000000782000000, 0x0000000782000000| Untracked 
|  33|0x0000000782100000, 0x0000000782100000, 0x0000000782200000|  0%| F|  |TAMS 0x0000000782100000, 0x0000000782100000| Untracked 
|  34|0x0000000782200000, 0x0000000782200000, 0x0000000782300000|  0%| F|  |TAMS 0x0000000782200000, 0x0000000782200000| Untracked 
|  35|0x0000000782300000, 0x0000000782300000, 0x0000000782400000|  0%| F|  |TAMS 0x0000000782300000, 0x0000000782300000| Untracked 
|  36|0x0000000782400000, 0x0000000782400000, 0x0000000782500000|  0%| F|  |TAMS 0x0000000782400000, 0x0000000782400000| Untracked 
|  37|0x0000000782500000, 0x0000000782500000, 0x0000000782600000|  0%| F|  |TAMS 0x0000000782500000, 0x0000000782500000| Untracked 
|  38|0x0000000782600000, 0x0000000782600000, 0x0000000782700000|  0%| F|  |TAMS 0x0000000782600000, 0x0000000782600000| Untracked 
|  39|0x0000000782700000, 0x0000000782700000, 0x0000000782800000|  0%| F|  |TAMS 0x0000000782700000, 0x0000000782700000| Untracked 
|  40|0x0000000782800000, 0x0000000782800000, 0x0000000782900000|  0%| F|  |TAMS 0x0000000782800000, 0x0000000782800000| Untracked 
|  41|0x0000000782900000, 0x0000000782900000, 0x0000000782a00000|  0%| F|  |TAMS 0x0000000782900000, 0x0000000782900000| Untracked 
|  42|0x0000000782a00000, 0x0000000782a00000, 0x0000000782b00000|  0%| F|  |TAMS 0x0000000782a00000, 0x0000000782a00000| Untracked 
|  43|0x0000000782b00000, 0x0000000782b00000, 0x0000000782c00000|  0%| F|  |TAMS 0x0000000782b00000, 0x0000000782b00000| Untracked 
|  44|0x0000000782c00000, 0x0000000782c00000, 0x0000000782d00000|  0%| F|  |TAMS 0x0000000782c00000, 0x0000000782c00000| Untracked 
|  45|0x0000000782d00000, 0x0000000782d00000, 0x0000000782e00000|  0%| F|  |TAMS 0x0000000782d00000, 0x0000000782d00000| Untracked 
|  46|0x0000000782e00000, 0x0000000782e00000, 0x0000000782f00000|  0%| F|  |TAMS 0x0000000782e00000, 0x0000000782e00000| Untracked 
|  47|0x0000000782f00000, 0x0000000782f00000, 0x0000000783000000|  0%| F|  |TAMS 0x0000000782f00000, 0x0000000782f00000| Untracked 
|  48|0x0000000783000000, 0x0000000783000000, 0x0000000783100000|  0%| F|  |TAMS 0x0000000783000000, 0x0000000783000000| Untracked 
|  49|0x0000000783100000, 0x0000000783100000, 0x0000000783200000|  0%| F|  |TAMS 0x0000000783100000, 0x0000000783100000| Untracked 
|  50|0x0000000783200000, 0x0000000783200000, 0x0000000783300000|  0%| F|  |TAMS 0x0000000783200000, 0x0000000783200000| Untracked 
|  51|0x0000000783300000, 0x0000000783300000, 0x0000000783400000|  0%| F|  |TAMS 0x0000000783300000, 0x0000000783300000| Untracked 
|  52|0x0000000783400000, 0x0000000783400000, 0x0000000783500000|  0%| F|  |TAMS 0x0000000783400000, 0x0000000783400000| Untracked 
|  53|0x0000000783500000, 0x0000000783500000, 0x0000000783600000|  0%| F|  |TAMS 0x0000000783500000, 0x0000000783500000| Untracked 
|  54|0x0000000783600000, 0x0000000783600000, 0x0000000783700000|  0%| F|  |TAMS 0x0000000783600000, 0x0000000783600000| Untracked 
|  55|0x0000000783700000, 0x0000000783700000, 0x0000000783800000|  0%| F|  |TAMS 0x0000000783700000, 0x0000000783700000| Untracked 
|  56|0x0000000783800000, 0x0000000783800000, 0x0000000783900000|  0%| F|  |TAMS 0x0000000783800000, 0x0000000783800000| Untracked 
|  57|0x0000000783900000, 0x0000000783900000, 0x0000000783a00000|  0%| F|  |TAMS 0x0000000783900000, 0x0000000783900000| Untracked 
|  58|0x0000000783a00000, 0x0000000783a00000, 0x0000000783b00000|  0%| F|  |TAMS 0x0000000783a00000, 0x0000000783a00000| Untracked 
|  59|0x0000000783b00000, 0x0000000783b00000, 0x0000000783c00000|  0%| F|  |TAMS 0x0000000783b00000, 0x0000000783b00000| Untracked 
|  60|0x0000000783c00000, 0x0000000783c00000, 0x0000000783d00000|  0%| F|  |TAMS 0x0000000783c00000, 0x0000000783c00000| Untracked 
|  61|0x0000000783d00000, 0x0000000783d00000, 0x0000000783e00000|  0%| F|  |TAMS 0x0000000783d00000, 0x0000000783d00000| Untracked 
|  62|0x0000000783e00000, 0x0000000783e00000, 0x0000000783f00000|  0%| F|  |TAMS 0x0000000783e00000, 0x0000000783e00000| Untracked 
|  63|0x0000000783f00000, 0x0000000783f00000, 0x0000000784000000|  0%| F|  |TAMS 0x0000000783f00000, 0x0000000783f00000| Untracked 
|  64|0x0000000784000000, 0x0000000784000000, 0x0000000784100000|  0%| F|  |TAMS 0x0000000784000000, 0x0000000784000000| Untracked 
|  65|0x0000000784100000, 0x0000000784100000, 0x0000000784200000|  0%| F|  |TAMS 0x0000000784100000, 0x0000000784100000| Untracked 
|  66|0x0000000784200000, 0x0000000784200000, 0x0000000784300000|  0%| F|  |TAMS 0x0000000784200000, 0x0000000784200000| Untracked 
|  67|0x0000000784300000, 0x0000000784300000, 0x0000000784400000|  0%| F|  |TAMS 0x0000000784300000, 0x0000000784300000| Untracked 
|  68|0x0000000784400000, 0x0000000784400000, 0x0000000784500000|  0%| F|  |TAMS 0x0000000784400000, 0x0000000784400000| Untracked 
|  69|0x0000000784500000, 0x0000000784500000, 0x0000000784600000|  0%| F|  |TAMS 0x0000000784500000, 0x0000000784500000| Untracked 
|  70|0x0000000784600000, 0x0000000784600000, 0x0000000784700000|  0%| F|  |TAMS 0x0000000784600000, 0x0000000784600000| Untracked 
|  71|0x0000000784700000, 0x0000000784700000, 0x0000000784800000|  0%| F|  |TAMS 0x0000000784700000, 0x0000000784700000| Untracked 
|  72|0x0000000784800000, 0x0000000784800000, 0x0000000784900000|  0%| F|  |TAMS 0x0000000784800000, 0x0000000784800000| Untracked 
|  73|0x0000000784900000, 0x0000000784900000, 0x0000000784a00000|  0%| F|  |TAMS 0x0000000784900000, 0x0000000784900000| Untracked 
|  74|0x0000000784a00000, 0x0000000784a00000, 0x0000000784b00000|  0%| F|  |TAMS 0x0000000784a00000, 0x0000000784a00000| Untracked 
|  75|0x0000000784b00000, 0x0000000784b00000, 0x0000000784c00000|  0%| F|  |TAMS 0x0000000784b00000, 0x0000000784b00000| Untracked 
|  76|0x0000000784c00000, 0x0000000784c00000, 0x0000000784d00000|  0%| F|  |TAMS 0x0000000784c00000, 0x0000000784c00000| Untracked 
|  77|0x0000000784d00000, 0x0000000784d00000, 0x0000000784e00000|  0%| F|  |TAMS 0x0000000784d00000, 0x0000000784d00000| Untracked 
|  78|0x0000000784e00000, 0x0000000784e00000, 0x0000000784f00000|  0%| F|  |TAMS 0x0000000784e00000, 0x0000000784e00000| Untracked 
|  79|0x0000000784f00000, 0x0000000784f00000, 0x0000000785000000|  0%| F|  |TAMS 0x0000000784f00000, 0x0000000784f00000| Untracked 
|  80|0x0000000785000000, 0x0000000785000000, 0x0000000785100000|  0%| F|  |TAMS 0x0000000785000000, 0x0000000785000000| Untracked 
|  81|0x0000000785100000, 0x0000000785100000, 0x0000000785200000|  0%| F|  |TAMS 0x0000000785100000, 0x0000000785100000| Untracked 
|  82|0x0000000785200000, 0x0000000785200000, 0x0000000785300000|  0%| F|  |TAMS 0x0000000785200000, 0x0000000785200000| Untracked 
|  83|0x0000000785300000, 0x0000000785300000, 0x0000000785400000|  0%| F|  |TAMS 0x0000000785300000, 0x0000000785300000| Untracked 
|  84|0x0000000785400000, 0x0000000785400000, 0x0000000785500000|  0%| F|  |TAMS 0x0000000785400000, 0x0000000785400000| Untracked 
|  85|0x0000000785500000, 0x0000000785500000, 0x0000000785600000|  0%| F|  |TAMS 0x0000000785500000, 0x0000000785500000| Untracked 
|  86|0x0000000785600000, 0x0000000785600000, 0x0000000785700000|  0%| F|  |TAMS 0x0000000785600000, 0x0000000785600000| Untracked 
|  87|0x0000000785700000, 0x0000000785700000, 0x0000000785800000|  0%| F|  |TAMS 0x0000000785700000, 0x0000000785700000| Untracked 
|  88|0x0000000785800000, 0x0000000785800000, 0x0000000785900000|  0%| F|  |TAMS 0x0000000785800000, 0x0000000785800000| Untracked 
|  89|0x0000000785900000, 0x0000000785900000, 0x0000000785a00000|  0%| F|  |TAMS 0x0000000785900000, 0x0000000785900000| Untracked 
|  90|0x0000000785a00000, 0x0000000785a00000, 0x0000000785b00000|  0%| F|  |TAMS 0x0000000785a00000, 0x0000000785a00000| Untracked 
|  91|0x0000000785b00000, 0x0000000785b00000, 0x0000000785c00000|  0%| F|  |TAMS 0x0000000785b00000, 0x0000000785b00000| Untracked 
|  92|0x0000000785c00000, 0x0000000785c00000, 0x0000000785d00000|  0%| F|  |TAMS 0x0000000785c00000, 0x0000000785c00000| Untracked 
|  93|0x0000000785d00000, 0x0000000785d00000, 0x0000000785e00000|  0%| F|  |TAMS 0x0000000785d00000, 0x0000000785d00000| Untracked 
|  94|0x0000000785e00000, 0x0000000785e00000, 0x0000000785f00000|  0%| F|  |TAMS 0x0000000785e00000, 0x0000000785e00000| Untracked 
|  95|0x0000000785f00000, 0x0000000785f00000, 0x0000000786000000|  0%| F|  |TAMS 0x0000000785f00000, 0x0000000785f00000| Untracked 
|  96|0x0000000786000000, 0x0000000786000000, 0x0000000786100000|  0%| F|  |TAMS 0x0000000786000000, 0x0000000786000000| Untracked 
|  97|0x0000000786100000, 0x0000000786100000, 0x0000000786200000|  0%| F|  |TAMS 0x0000000786100000, 0x0000000786100000| Untracked 
|  98|0x0000000786200000, 0x0000000786200000, 0x0000000786300000|  0%| F|  |TAMS 0x0000000786200000, 0x0000000786200000| Untracked 
|  99|0x0000000786300000, 0x0000000786300000, 0x0000000786400000|  0%| F|  |TAMS 0x0000000786300000, 0x0000000786300000| Untracked 
| 100|0x0000000786400000, 0x0000000786500000, 0x0000000786500000|100%| E|  |TAMS 0x0000000786400000, 0x0000000786400000| Complete 
| 101|0x0000000786500000, 0x0000000786600000, 0x0000000786600000|100%| E|CS|TAMS 0x0000000786500000, 0x0000000786500000| Complete 
| 102|0x0000000786600000, 0x0000000786700000, 0x0000000786700000|100%| S|CS|TAMS 0x0000000786600000, 0x0000000786600000| Complete 
| 103|0x0000000786700000, 0x0000000786800000, 0x0000000786800000|100%| S|CS|TAMS 0x0000000786700000, 0x0000000786700000| Complete 
| 104|0x0000000786800000, 0x0000000786900000, 0x0000000786900000|100%| S|CS|TAMS 0x0000000786800000, 0x0000000786800000| Complete 
| 105|0x0000000786900000, 0x0000000786a00000, 0x0000000786a00000|100%| E|CS|TAMS 0x0000000786900000, 0x0000000786900000| Complete 
| 106|0x0000000786a00000, 0x0000000786b00000, 0x0000000786b00000|100%| E|CS|TAMS 0x0000000786a00000, 0x0000000786a00000| Complete 
| 107|0x0000000786b00000, 0x0000000786c00000, 0x0000000786c00000|100%| E|CS|TAMS 0x0000000786b00000, 0x0000000786b00000| Complete 
| 108|0x0000000786c00000, 0x0000000786d00000, 0x0000000786d00000|100%| E|CS|TAMS 0x0000000786c00000, 0x0000000786c00000| Complete 
| 109|0x0000000786d00000, 0x0000000786e00000, 0x0000000786e00000|100%| E|CS|TAMS 0x0000000786d00000, 0x0000000786d00000| Complete 
| 110|0x0000000786e00000, 0x0000000786f00000, 0x0000000786f00000|100%| E|CS|TAMS 0x0000000786e00000, 0x0000000786e00000| Complete 
| 111|0x0000000786f00000, 0x0000000787000000, 0x0000000787000000|100%| E|CS|TAMS 0x0000000786f00000, 0x0000000786f00000| Complete 
| 112|0x0000000787000000, 0x0000000787100000, 0x0000000787100000|100%| E|CS|TAMS 0x0000000787000000, 0x0000000787000000| Complete 
| 113|0x0000000787100000, 0x0000000787200000, 0x0000000787200000|100%| E|CS|TAMS 0x0000000787100000, 0x0000000787100000| Complete 
| 114|0x0000000787200000, 0x0000000787300000, 0x0000000787300000|100%| E|CS|TAMS 0x0000000787200000, 0x0000000787200000| Complete 
| 115|0x0000000787300000, 0x0000000787400000, 0x0000000787400000|100%| E|CS|TAMS 0x0000000787300000, 0x0000000787300000| Complete 
| 116|0x0000000787400000, 0x0000000787500000, 0x0000000787500000|100%| E|CS|TAMS 0x0000000787400000, 0x0000000787400000| Complete 
| 117|0x0000000787500000, 0x0000000787600000, 0x0000000787600000|100%| E|CS|TAMS 0x0000000787500000, 0x0000000787500000| Complete 
| 118|0x0000000787600000, 0x0000000787700000, 0x0000000787700000|100%| E|CS|TAMS 0x0000000787600000, 0x0000000787600000| Complete 
| 119|0x0000000787700000, 0x0000000787800000, 0x0000000787800000|100%| E|CS|TAMS 0x0000000787700000, 0x0000000787700000| Complete 
| 120|0x0000000787800000, 0x0000000787900000, 0x0000000787900000|100%| E|CS|TAMS 0x0000000787800000, 0x0000000787800000| Complete 
| 121|0x0000000787900000, 0x0000000787a00000, 0x0000000787a00000|100%| E|CS|TAMS 0x0000000787900000, 0x0000000787900000| Complete 
| 122|0x0000000787a00000, 0x0000000787b00000, 0x0000000787b00000|100%| E|CS|TAMS 0x0000000787a00000, 0x0000000787a00000| Complete 
| 123|0x0000000787b00000, 0x0000000787c00000, 0x0000000787c00000|100%| E|CS|TAMS 0x0000000787b00000, 0x0000000787b00000| Complete 
| 124|0x0000000787c00000, 0x0000000787d00000, 0x0000000787d00000|100%| E|CS|TAMS 0x0000000787c00000, 0x0000000787c00000| Complete 
| 125|0x0000000787d00000, 0x0000000787e00000, 0x0000000787e00000|100%| E|CS|TAMS 0x0000000787d00000, 0x0000000787d00000| Complete 
| 126|0x0000000787e00000, 0x0000000787f00000, 0x0000000787f00000|100%| E|CS|TAMS 0x0000000787e00000, 0x0000000787e00000| Complete 
| 127|0x0000000787f00000, 0x0000000788000000, 0x0000000788000000|100%| E|CS|TAMS 0x0000000787f00000, 0x0000000787f00000| Complete 
|2046|0x00000007ffe00000, 0x00000007ffe78000, 0x00000007fff00000| 46%|OA|  |TAMS 0x00000007ffe00000, 0x00000007ffe00000| Untracked 
|2047|0x00000007fff00000, 0x00000007fff80000, 0x0000000800000000| 50%|CA|  |TAMS 0x00000007fff00000, 0x00000007fff00000| Untracked 

Card table byte_map: [0x0000000101454000,0x0000000101854000] _byte_map_base: 0x00000000fd854000

Marking Bits (Prev, Next): (CMBitMap*) 0x0000000136831010, (CMBitMap*) 0x0000000136831050
 Prev Bits: [0x00000001198c4000, 0x000000011b8c4000)
 Next Bits: [0x000000011b8c4000, 0x000000011d8c4000)

Polling page: 0x0000000100c38000

Metaspace:

Usage:
  Non-class:     11.32 MB used.
      Class:      1.77 MB used.
       Both:     13.09 MB used.

Virtual space:
  Non-class space:       16.00 MB reserved,      11.44 MB ( 71%) committed,  2 nodes.
      Class space:        1.00 GB reserved,       1.88 MB ( <1%) committed,  1 nodes.
             Both:        1.02 GB reserved,      13.31 MB (  1%) committed. 

Chunk freelists:
   Non-Class:  140.00 KB
       Class:  2.10 MB
        Both:  2.23 MB

MaxMetaspaceSize: unlimited
CompressedClassSpaceSize: 1.00 GB
Initial GC threshold: 21.00 MB
Current GC threshold: 21.00 MB
CDS: on
MetaspaceReclaimPolicy: balanced
 - commit_granule_bytes: 65536.
 - commit_granule_words: 8192.
 - virtual_space_node_default_size: 1048576.
 - enlarge_chunks_in_place: 1.
 - new_chunks_are_fully_committed: 0.
 - uncommit_free_chunks: 1.
 - use_allocation_guard: 0.
 - handle_deallocations: 1.


Internal statistics:

num_allocs_failed_limit: 0.
num_arena_births: 200.
num_arena_deaths: 0.
num_vsnodes_births: 3.
num_vsnodes_deaths: 0.
num_space_committed: 213.
num_space_uncommitted: 0.
num_chunks_returned_to_freelist: 0.
num_chunks_taken_from_freelist: 600.
num_chunk_merges: 0.
num_chunk_splits: 416.
num_chunks_enlarged: 324.
num_purges: 0.
num_inconsistent_stats: 0.

CodeHeap 'non-profiled nmethods': size=120032Kb used=852Kb max_used=852Kb free=119179Kb
 bounds [0x000000011238c000, 0x00000001125fc000, 0x00000001198c4000]
CodeHeap 'profiled nmethods': size=120016Kb used=3800Kb max_used=3800Kb free=116215Kb
 bounds [0x000000010ae58000, 0x000000010b218000, 0x000000011238c000]
CodeHeap 'non-nmethods': size=5712Kb used=1369Kb max_used=1475Kb free=4342Kb
 bounds [0x000000010a8c4000, 0x000000010ab34000, 0x000000010ae58000]
 total_blobs=2777 nmethods=2011 adapters=682
 compilation: enabled
              stopped_count=0, restarted_count=0
 full_count=0

Compilation events (20 events):
Event: 2.201 Thread 0x0000000135815600 2048       3       com.sun.javafx.sg.prism.NGNode::renderForcedContent (1 bytes)
Event: 2.201 Thread 0x0000000135815600 nmethod 2048 0x000000010b209390 code [0x000000010b209540, 0x000000010b209668]
Event: 2.203 Thread 0x000000012002ae00 nmethod 2047 0x000000011245ed10 code [0x000000011245ef40, 0x000000011245f420]
Event: 2.213 Thread 0x0000000135815600 2049       1       javafx.scene.input.MouseEvent::isShiftDown (5 bytes)
Event: 2.213 Thread 0x0000000135815600 nmethod 2049 0x000000011245f910 code [0x000000011245fa80, 0x000000011245fb68]
Event: 2.213 Thread 0x0000000135815600 2050       1       javafx.scene.input.MouseEvent::isControlDown (5 bytes)
Event: 2.213 Thread 0x0000000135815600 nmethod 2050 0x000000011245fc10 code [0x000000011245fd80, 0x000000011245fe68]
Event: 2.213 Thread 0x0000000135815600 2051       1       javafx.scene.input.MouseEvent::isAltDown (5 bytes)
Event: 2.213 Thread 0x0000000135815600 nmethod 2051 0x000000011245ff10 code [0x0000000112460080, 0x0000000112460168]
Event: 2.213 Thread 0x0000000135815600 2052       1       javafx.scene.input.MouseEvent::isMetaDown (5 bytes)
Event: 2.213 Thread 0x0000000135815600 nmethod 2052 0x0000000112460210 code [0x0000000112460380, 0x0000000112460468]
Event: 2.213 Thread 0x0000000135815600 2053       1       javafx.scene.input.MouseEvent::isSynthesized (5 bytes)
Event: 2.213 Thread 0x0000000135815600 nmethod 2053 0x0000000112460510 code [0x0000000112460680, 0x0000000112460768]
Event: 2.213 Thread 0x0000000135815600 2054       1       javafx.scene.input.MouseEvent::isPopupTrigger (5 bytes)
Event: 2.213 Thread 0x0000000135815600 nmethod 2054 0x0000000112460810 code [0x0000000112460980, 0x0000000112460a68]
Event: 2.217 Thread 0x0000000135815600 2055       3       java.util.concurrent.locks.ReentrantLock$Sync::isHeldExclusively (16 bytes)
Event: 2.217 Thread 0x0000000135815600 nmethod 2055 0x000000010b209710 code [0x000000010b2098c0, 0x000000010b209aa8]
Event: 2.233 Thread 0x0000000135815600 2056       3       java.util.WeakHashMap::size (18 bytes)
Event: 2.233 Thread 0x0000000135815600 nmethod 2056 0x000000010b209b10 code [0x000000010b209cc0, 0x000000010b209ed8]
Event: 2.250 Thread 0x0000000135815600 2058       3       com.sun.javafx.css.BitSet::retainAll (318 bytes)

GC Heap History (2 events):
Event: 0.462 GC heap before
{Heap before GC invocations=0 (full 0):
 garbage-first heap   total 133120K, used 23520K [0x0000000780000000, 0x0000000800000000)
  region size 1024K, 23 young (23552K), 0 survivors (0K)
 Metaspace       used 7615K, committed 7872K, reserved 1056768K
  class space    used 960K, committed 1088K, reserved 1048576K
}
Event: 0.467 GC heap after
{Heap after GC invocations=1 (full 0):
 garbage-first heap   total 133120K, used 4703K [0x0000000780000000, 0x0000000800000000)
  region size 1024K, 3 young (3072K), 3 survivors (3072K)
 Metaspace       used 7615K, committed 7872K, reserved 1056768K
  class space    used 960K, committed 1088K, reserved 1048576K
}

Deoptimization events (20 events):
Event: 0.822 Thread 0x000000013581a000 DEOPT PACKING pc=0x000000010b130974 sp=0x0000000171dd54c0
Event: 0.822 Thread 0x000000013581a000 DEOPT UNPACKING pc=0x000000010a902b7c sp=0x0000000171dd5120 mode 0
Event: 0.824 Thread 0x000000013581a000 DEOPT PACKING pc=0x000000010b130974 sp=0x0000000171dd54c0
Event: 0.824 Thread 0x000000013581a000 DEOPT UNPACKING pc=0x000000010a902b7c sp=0x0000000171dd5120 mode 0
Event: 0.824 Thread 0x000000013581a000 DEOPT PACKING pc=0x000000010b130974 sp=0x0000000171dd54c0
Event: 0.824 Thread 0x000000013581a000 DEOPT UNPACKING pc=0x000000010a902b7c sp=0x0000000171dd5120 mode 0
Event: 0.825 Thread 0x000000013581a000 DEOPT PACKING pc=0x000000010b130974 sp=0x0000000171dd54c0
Event: 0.825 Thread 0x000000013581a000 DEOPT UNPACKING pc=0x000000010a902b7c sp=0x0000000171dd5120 mode 0
Event: 0.825 Thread 0x000000013581a000 DEOPT PACKING pc=0x000000010b130974 sp=0x0000000171dd54c0
Event: 0.825 Thread 0x000000013581a000 DEOPT UNPACKING pc=0x000000010a902b7c sp=0x0000000171dd5120 mode 0
Event: 1.147 Thread 0x0000000140442000 Uncommon trap: trap_request=0xffffff45 fr.pc=0x00000001123989b8 relative=0x00000000000000f8
Event: 1.147 Thread 0x0000000140442000 Uncommon trap: reason=unstable_if action=reinterpret pc=0x00000001123989b8 method=java.lang.StringLatin1.lastIndexOf([BI[BII)I @ 86 c2
Event: 1.147 Thread 0x0000000140442000 DEOPT PACKING pc=0x00000001123989b8 sp=0x00000001735718b0
Event: 1.147 Thread 0x0000000140442000 DEOPT UNPACKING pc=0x000000010a902d1c sp=0x0000000173571810 mode 2
Event: 1.454 Thread 0x000000013581a000 DEOPT PACKING pc=0x000000010b13b8d4 sp=0x0000000171dd5800
Event: 1.454 Thread 0x000000013581a000 DEOPT UNPACKING pc=0x000000010a902b7c sp=0x0000000171dd5420 mode 0
Event: 1.650 Thread 0x000000013581a000 DEOPT PACKING pc=0x000000010b154d14 sp=0x0000000171dd56e0
Event: 1.650 Thread 0x000000013581a000 DEOPT UNPACKING pc=0x000000010a902b7c sp=0x0000000171dd52e0 mode 0
Event: 1.651 Thread 0x000000013581a000 DEOPT PACKING pc=0x000000010b162460 sp=0x0000000171dd57c0
Event: 1.651 Thread 0x000000013581a000 DEOPT UNPACKING pc=0x000000010a902b7c sp=0x0000000171dd5460 mode 0

Classes unloaded (0 events):
No events

Classes redefined (0 events):
No events

Internal exceptions (20 events):
Event: 0.424 Thread 0x0000000135899e00 Exception <a 'java/lang/NoSuchMethodError'{0x0000000786d804f8}: 'java.lang.Object java.lang.invoke.DirectMethodHandle$Holder.invokeStaticInit(java.lang.Object, java.lang.Object, java.lang.Object, java.lang.Object)'> (0x0000000786d804f8) 
thrown [src/hotspot/share/interpreter/linkResolver.cpp, line 766]
Event: 0.424 Thread 0x0000000135899e00 Exception <a 'java/lang/NullPointerException'{0x0000000786d8c9d8}> (0x0000000786d8c9d8) 
thrown [src/hotspot/share/interpreter/linkResolver.cpp, line 1357]
Event: 0.477 Thread 0x0000000135899e00 Exception <a 'java/lang/NoSuchMethodError'{0x0000000787d327d0}: 'void java.lang.invoke.DirectMethodHandle$Holder.invokeStaticInit(java.lang.Object, java.lang.Object)'> (0x0000000787d327d0) 
thrown [src/hotspot/share/interpreter/linkResolver.cpp, line 766]
Event: 0.485 Thread 0x0000000135899e00 Exception <a 'java/lang/NoSuchMethodError'{0x0000000787b1d9c0}: 'java.lang.Object java.lang.invoke.DirectMethodHandle$Holder.invokeSpecial(java.lang.Object, java.lang.Object, java.lang.Object, int, java.lang.Object)'> (0x0000000787b1d9c0) 
thrown [src/hotspot/share/interpreter/linkResolver.cpp, line 766]
Event: 0.524 Thread 0x0000000135899e00 Exception <a 'sun/nio/fs/UnixException'{0x00000007878d9948}> (0x00000007878d9948) 
thrown [src/hotspot/share/prims/jni.cpp, line 516]
Event: 0.534 Thread 0x0000000135899e00 Implicit null exception at 0x00000001123cc878 to 0x00000001123cc908
Event: 0.540 Thread 0x0000000135899e00 Implicit null exception at 0x00000001123d36d4 to 0x00000001123d3a2c
Event: 0.540 Thread 0x0000000135899e00 Implicit null exception at 0x00000001123d4a94 to 0x00000001123d4e44
Event: 0.540 Thread 0x0000000135899e00 Implicit null exception at 0x00000001123a5654 to 0x00000001123a56c0
Event: 0.708 Thread 0x0000000135899e00 Exception <a 'java/lang/NoSuchMethodError'{0x000000078712baf0}: 'void java.lang.invoke.DirectMethodHandle$Holder.invokeSpecial(java.lang.Object, java.lang.Object, java.lang.Object, java.lang.Object, java.lang.Object)'> (0x000000078712baf0) 
thrown [src/hotspot/share/interpreter/linkResolver.cpp, line 766]
Event: 0.709 Thread 0x0000000135899e00 Exception <a 'java/lang/NoSuchMethodError'{0x000000078713c0c0}: 'java.lang.Object java.lang.invoke.DirectMethodHandle$Holder.invokeInterface(java.lang.Object, java.lang.Object, java.lang.Object)'> (0x000000078713c0c0) 
thrown [src/hotspot/share/interpreter/linkResolver.cpp, line 766]
Event: 0.709 Thread 0x0000000135899e00 Exception <a 'java/lang/IncompatibleClassChangeError'{0x000000078713fa48}: Found class java.lang.Object, but interface was expected> (0x000000078713fa48) 
thrown [src/hotspot/share/interpreter/linkResolver.cpp, line 833]
Event: 0.736 Thread 0x0000000135899e00 Exception <a 'java/lang/NoSuchMethodError'{0x0000000786f45880}: 'java.lang.Object java.lang.invoke.DirectMethodHandle$Holder.newInvokeSpecial(java.lang.Object, java.lang.Object, int)'> (0x0000000786f45880) 
thrown [src/hotspot/share/interpreter/linkResolver.cpp, line 766]
Event: 0.777 Thread 0x000000013581a000 Exception <a 'java/lang/NoSuchMethodError'{0x0000000786ee22c8}: 'int java.lang.invoke.DirectMethodHandle$Holder.invokeStaticInit(java.lang.Object, java.lang.Object)'> (0x0000000786ee22c8) 
thrown [src/hotspot/share/interpreter/linkResolver.cpp, line 766]
Event: 1.019 Thread 0x0000000135899e00 Exception <a 'java/lang/NoSuchMethodError'{0x0000000786e63ad0}: 'java.lang.Object java.lang.invoke.DirectMethodHandle$Holder.newInvokeSpecial(java.lang.Object, java.lang.Object, int, java.lang.Object, double, double, double, double, double, double, int, int, int, int, int, int, int, int)'> (0x0000000786e63ad0) 
thrown [src/hotspot/share/interpreter/linkResolver.cpp, line 766]
Event: 2.139 Thread 0x0000000135899e00 Exception <a 'java/lang/NoSuchMethodError'{0x000000078643f730}: 'long java.lang.invoke.DirectMethodHandle$Holder.invokeStatic(java.lang.Object, java.lang.Object)'> (0x000000078643f730) 
thrown [src/hotspot/share/interpreter/linkResolver.cpp, line 766]
Event: 2.142 Thread 0x0000000135899e00 Exception <a 'java/lang/NoSuchMethodError'{0x000000078645e0e8}: 'long java.lang.invoke.DirectMethodHandle$Holder.invokeStatic(java.lang.Object, java.lang.Object, java.lang.Object)'> (0x000000078645e0e8) 
thrown [src/hotspot/share/interpreter/linkResolver.cpp, line 766]
Event: 2.142 Thread 0x0000000135899e00 Exception <a 'java/lang/NoSuchMethodError'{0x0000000786461890}: 'long java.lang.invoke.DirectMethodHandle$Holder.invokeStaticInit(java.lang.Object, java.lang.Object, java.lang.Object)'> (0x0000000786461890) 
thrown [src/hotspot/share/interpreter/linkResolver.cpp, line 766]
Event: 2.143 Thread 0x0000000135899e00 Exception <a 'java/lang/NoSuchMethodError'{0x0000000786479498}: 'java.lang.Object java.lang.invoke.DirectMethodHandle$Holder.newInvokeSpecial(java.lang.Object, java.lang.Object, long)'> (0x0000000786479498) 
thrown [src/hotspot/share/interpreter/linkResolver.cpp, line 766]
Event: 2.143 Thread 0x0000000135899e00 Exception <a 'java/lang/NoSuchMethodError'{0x000000078647cd60}: 'java.lang.Object java.lang.invoke.Invokers$Holder.linkToTargetMethod(java.lang.Object, long, java.lang.Object)'> (0x000000078647cd60) 
thrown [src/hotspot/share/interpreter/linkResolver.cpp, line 766]

VM Operations (20 events):
Event: 0.071 Executing VM operation: HandshakeAllThreads
Event: 0.071 Executing VM operation: HandshakeAllThreads done
Event: 0.232 Executing VM operation: ICBufferFull
Event: 0.232 Executing VM operation: ICBufferFull done
Event: 0.448 Executing VM operation: HandshakeAllThreads
Event: 0.448 Executing VM operation: HandshakeAllThreads done
Event: 0.454 Executing VM operation: ICBufferFull
Event: 0.454 Executing VM operation: ICBufferFull done
Event: 0.462 Executing VM operation: G1CollectForAllocation
Event: 0.467 Executing VM operation: G1CollectForAllocation done
Event: 0.545 Executing VM operation: ICBufferFull
Event: 0.545 Executing VM operation: ICBufferFull done
Event: 0.702 Executing VM operation: HandshakeAllThreads
Event: 0.702 Executing VM operation: HandshakeAllThreads done
Event: 0.809 Executing VM operation: ICBufferFull
Event: 0.809 Executing VM operation: ICBufferFull done
Event: 2.037 Executing VM operation: Cleanup
Event: 2.037 Executing VM operation: Cleanup done
Event: 2.140 Executing VM operation: HandshakeAllThreads
Event: 2.140 Executing VM operation: HandshakeAllThreads done

Events (20 events):
Event: 2.141 loading class java/util/stream/Nodes$EmptyNode$OfLong
Event: 2.141 loading class java/util/stream/Node$OfLong
Event: 2.141 loading class java/util/stream/Node$OfLong done
Event: 2.141 loading class java/util/stream/Nodes$EmptyNode$OfLong done
Event: 2.141 loading class java/util/stream/Nodes$EmptyNode$OfDouble
Event: 2.141 loading class java/util/stream/Node$OfDouble
Event: 2.141 loading class java/util/stream/Node$OfDouble done
Event: 2.141 loading class java/util/stream/Nodes$EmptyNode$OfDouble done
Event: 2.141 loading class java/util/stream/Nodes$LongFixedNodeBuilder
Event: 2.141 loading class java/util/stream/Node$Builder$OfLong
Event: 2.141 loading class java/util/stream/Node$Builder
Event: 2.141 loading class java/util/stream/Node$Builder done
Event: 2.141 loading class java/util/stream/Sink$OfLong
Event: 2.141 loading class java/util/stream/Sink$OfLong done
Event: 2.141 loading class java/util/stream/Node$Builder$OfLong done
Event: 2.141 loading class java/util/stream/Nodes$LongArrayNode
Event: 2.141 loading class java/util/stream/Nodes$LongArrayNode done
Event: 2.141 loading class java/util/stream/Nodes$LongFixedNodeBuilder done
Event: 2.141 loading class java/util/stream/ReferencePipeline$5$1
Event: 2.141 loading class java/util/stream/ReferencePipeline$5$1 done


Dynamic libraries:
0x0000000100be8000 	/Library/Java/JavaVirtualMachines/amazon-corretto-17.jdk/Contents/Home/lib/libjli.dylib
0x000000018d22e000 	/usr/lib/libz.1.dylib
0x000000018d2de000 	/usr/lib/libSystem.B.dylib
0x000000018d2d8000 	/usr/lib/system/libcache.dylib
0x000000018d296000 	/usr/lib/system/libcommonCrypto.dylib
0x000000018d2bf000 	/usr/lib/system/libcompiler_rt.dylib
0x000000018d2b6000 	/usr/lib/system/libcopyfile.dylib
0x00000001825e2000 	/usr/lib/system/libcorecrypto.dylib
0x0000000182687000 	/usr/lib/system/libdispatch.dylib
0x000000018284f000 	/usr/lib/system/libdyld.dylib
0x000000018d2ce000 	/usr/lib/system/libkeymgr.dylib
0x000000018d278000 	/usr/lib/system/libmacho.dylib
0x000000018c984000 	/usr/lib/system/libquarantine.dylib
0x000000018d2cb000 	/usr/lib/system/libremovefile.dylib
0x00000001879d1000 	/usr/lib/system/libsystem_asl.dylib
0x000000018258c000 	/usr/lib/system/libsystem_blocks.dylib
0x000000018270d000 	/usr/lib/system/libsystem_c.dylib
0x000000018d2c3000 	/usr/lib/system/libsystem_collections.dylib
0x000000018bde1000 	/usr/lib/system/libsystem_configuration.dylib
0x000000018b067000 	/usr/lib/system/libsystem_containermanager.dylib
0x000000018cfe2000 	/usr/lib/system/libsystem_coreservices.dylib
0x0000000184f74000 	/usr/lib/system/libsystem_darwin.dylib
0x000000018d2cf000 	/usr/lib/system/libsystem_dnssd.dylib
0x000000018270a000 	/usr/lib/system/libsystem_featureflags.dylib
0x0000000182864000 	/usr/lib/system/libsystem_info.dylib
0x000000018d240000 	/usr/lib/system/libsystem_m.dylib
0x000000018265c000 	/usr/lib/system/libsystem_malloc.dylib
0x0000000187962000 	/usr/lib/system/libsystem_networkextension.dylib
0x00000001853c7000 	/usr/lib/system/libsystem_notify.dylib
0x00000001934ab000 	/usr/lib/system/libsystem_product_info_filter.dylib
0x000000018bde6000 	/usr/lib/system/libsystem_sandbox.dylib
0x000000018d2c8000 	/usr/lib/system/libsystem_secinit.dylib
0x000000018280c000 	/usr/lib/system/libsystem_kernel.dylib
0x000000018285c000 	/usr/lib/system/libsystem_platform.dylib
0x0000000182842000 	/usr/lib/system/libsystem_pthread.dylib
0x0000000189107000 	/usr/lib/system/libsystem_symptoms.dylib
0x00000001825c8000 	/usr/lib/system/libsystem_trace.dylib
0x000000018d2a3000 	/usr/lib/system/libunwind.dylib
0x000000018258e000 	/usr/lib/system/libxpc.dylib
0x00000001827f2000 	/usr/lib/libc++abi.dylib
0x00000001826ce000 	/usr/lib/libobjc.A.dylib
0x000000018d2ae000 	/usr/lib/liboah.dylib
0x000000018278e000 	/usr/lib/libc++.1.dylib
0x0000000198e88000 	/System/Library/Frameworks/Cocoa.framework/Versions/A/Cocoa
0x0000000185426000 	/System/Library/Frameworks/AppKit.framework/Versions/C/AppKit
0x0000000188948000 	/System/Library/Frameworks/CoreData.framework/Versions/A/CoreData
0x0000000183787000 	/System/Library/Frameworks/Foundation.framework/Versions/C/Foundation
0x00000001862d8000 	/System/Library/PrivateFrameworks/UIFoundation.framework/Versions/A/UIFoundation
0x00000001931a5000 	/System/Library/PrivateFrameworks/RemoteViewServices.framework/Versions/A/RemoteViewServices
0x000000018b7a0000 	/System/Library/PrivateFrameworks/XCTTargetBootstrap.framework/Versions/A/XCTTargetBootstrap
0x000000018efe0000 	/System/Library/PrivateFrameworks/InternationalSupport.framework/Versions/A/InternationalSupport
0x000000018f069000 	/System/Library/PrivateFrameworks/UserActivity.framework/Versions/A/UserActivity
0x000000018e50b000 	/usr/lib/libspindump.dylib
0x0000000186548000 	/System/Library/Frameworks/UniformTypeIdentifiers.framework/Versions/A/UniformTypeIdentifiers
0x0000000189d2e000 	/usr/lib/libapp_launch_measurement.dylib
0x00000001892ab000 	/System/Library/PrivateFrameworks/CoreAnalytics.framework/Versions/A/CoreAnalytics
0x0000000189d31000 	/System/Library/PrivateFrameworks/CoreAutoLayout.framework/Versions/A/CoreAutoLayout
0x000000018b0a4000 	/System/Library/Frameworks/Metal.framework/Versions/A/Metal
0x000000018bdf1000 	/usr/lib/liblangid.dylib
0x000000018b7a4000 	/System/Library/PrivateFrameworks/CoreSVG.framework/Versions/A/CoreSVG
0x0000000187a05000 	/System/Library/PrivateFrameworks/SkyLight.framework/Versions/A/SkyLight
0x0000000187dcd000 	/System/Library/Frameworks/CoreGraphics.framework/Versions/A/CoreGraphics
0x000000019381e000 	/System/Library/Frameworks/Accelerate.framework/Versions/A/Accelerate
0x000000018df80000 	/System/Library/PrivateFrameworks/IconServices.framework/Versions/A/IconServices
0x000000018b086000 	/System/Library/Frameworks/IOSurface.framework/Versions/A/IOSurface
0x00000001892db000 	/usr/lib/libDiagnosticMessagesClient.dylib
0x0000000196c56000 	/System/Library/Frameworks/ApplicationServices.framework/Versions/A/ApplicationServices
0x000000018b788000 	/System/Library/PrivateFrameworks/DFRFoundation.framework/Versions/A/DFRFoundation
0x0000000184cc9000 	/usr/lib/libicucore.A.dylib
0x000000018fddd000 	/System/Library/Frameworks/AudioToolbox.framework/Versions/A/AudioToolbox
0x000000018efec000 	/System/Library/PrivateFrameworks/DataDetectorsCore.framework/Versions/A/DataDetectorsCore
0x00000001a5008000 	/System/Library/PrivateFrameworks/TextInput.framework/Versions/A/TextInput
0x000000018797c000 	/usr/lib/libMobileGestalt.dylib
0x000000018b458000 	/System/Library/Frameworks/Carbon.framework/Versions/A/Frameworks/HIToolbox.framework/Versions/A/HIToolbox
0x0000000189738000 	/System/Library/Frameworks/QuartzCore.framework/Versions/A/QuartzCore
0x0000000184946000 	/System/Library/Frameworks/Security.framework/Versions/A/Security
0x00000001931e5000 	/System/Library/Frameworks/Carbon.framework/Versions/A/Frameworks/SpeechRecognition.framework/Versions/A/SpeechRecognition
0x0000000189a85000 	/System/Library/PrivateFrameworks/CoreUI.framework/Versions/A/CoreUI
0x0000000184219000 	/System/Library/Frameworks/CoreAudio.framework/Versions/A/CoreAudio
0x00000001893cb000 	/System/Library/Frameworks/DiskArbitration.framework/Versions/A/DiskArbitration
0x000000018e8f3000 	/System/Library/PrivateFrameworks/MultitouchSupport.framework/Versions/A/MultitouchSupport
0x000000018797a000 	/usr/lib/libenergytrace.dylib
0x00000001852f2000 	/System/Library/Frameworks/IOKit.framework/Versions/A/IOKit
0x00000001935cc000 	/System/Library/Frameworks/CoreServices.framework/Versions/A/CoreServices
0x0000000189cbe000 	/System/Library/PrivateFrameworks/PerformanceAnalysis.framework/Versions/A/PerformanceAnalysis
0x00000001e382d000 	/System/Library/Frameworks/OpenGL.framework/Versions/A/OpenGL
0x000000018c8a4000 	/System/Library/PrivateFrameworks/MobileKeyBag.framework/Versions/A/MobileKeyBag
0x00000001883dd000 	/System/Library/Frameworks/ColorSync.framework/Versions/A/ColorSync
0x0000000182890000 	/System/Library/Frameworks/CoreFoundation.framework/Versions/A/CoreFoundation
0x000000018ba25000 	/System/Library/Frameworks/CoreImage.framework/Versions/A/CoreImage
0x000000018403c000 	/System/Library/Frameworks/CoreText.framework/Versions/A/CoreText
0x000000018b7d4000 	/System/Library/Frameworks/ImageIO.framework/Versions/A/ImageIO
0x000000018d2e4000 	/System/Library/PrivateFrameworks/SoftLinking.framework/Versions/A/SoftLinking
0x0000000189d7b000 	/usr/lib/libxml2.2.dylib
0x000000018d57c000 	/usr/lib/libcompression.dylib
0x000000018ef39000 	/System/Library/PrivateFrameworks/TextureIO.framework/Versions/A/TextureIO
0x000000018dc9a000 	/usr/lib/libate.dylib
0x000000018db62000 	/usr/lib/liblzma.5.dylib
0x0000000183478000 	/System/Library/Frameworks/SystemConfiguration.framework/Versions/A/SystemConfiguration
0x000000018d2e0000 	/usr/lib/libfakelink.dylib
0x00000001874aa000 	/System/Library/Frameworks/CFNetwork.framework/Versions/A/CFNetwork
0x000000018d427000 	/usr/lib/libarchive.2.dylib
0x000000018bded000 	/System/Library/PrivateFrameworks/AppleSystemInfo.framework/Versions/A/AppleSystemInfo
0x000000018c9ae000 	/usr/lib/libbsm.0.dylib
0x00000001869e7000 	/usr/lib/libnetwork.dylib
0x000000018d27e000 	/usr/lib/system/libkxld.dylib
0x000000018c5c6000 	/System/Library/PrivateFrameworks/IOMobileFramebuffer.framework/Versions/A/IOMobileFramebuffer
0x00000001ff158000 	/usr/lib/libCoreEntitlements.dylib
0x000000018cfc4000 	/System/Library/PrivateFrameworks/AppleFSCompression.framework/Versions/A/AppleFSCompression
0x000000018c997000 	/usr/lib/libcoretls.dylib
0x000000018db7b000 	/usr/lib/libcoretls_cfhelpers.dylib
0x000000018d577000 	/usr/lib/libpam.2.dylib
0x0000000188d2f000 	/usr/lib/libsqlite3.dylib
0x000000018dbe3000 	/usr/lib/libxar.1.dylib
0x000000018cfd5000 	/usr/lib/libbz2.1.0.dylib
0x000000018d2e5000 	/usr/lib/libpcap.A.dylib
0x00000001890fe000 	/usr/lib/libdns_services.dylib
0x000000018d54a000 	/usr/lib/libapple_nghttp2.dylib
0x000000018d322000 	/usr/lib/libiconv.2.dylib
0x000000018d277000 	/usr/lib/libcharset.1.dylib
0x0000000189cfa000 	/System/Library/Frameworks/CoreServices.framework/Versions/A/Frameworks/FSEvents.framework/Versions/A/FSEvents
0x0000000184f7f000 	/System/Library/Frameworks/CoreServices.framework/Versions/A/Frameworks/CarbonCore.framework/Versions/A/CarbonCore
0x000000018932e000 	/System/Library/Frameworks/CoreServices.framework/Versions/A/Frameworks/Metadata.framework/Versions/A/Metadata
0x000000018cfe8000 	/System/Library/Frameworks/CoreServices.framework/Versions/A/Frameworks/OSServices.framework/Versions/A/OSServices
0x000000018d4ac000 	/System/Library/Frameworks/CoreServices.framework/Versions/A/Frameworks/SearchKit.framework/Versions/A/SearchKit
0x000000018908c000 	/System/Library/Frameworks/CoreServices.framework/Versions/A/Frameworks/AE.framework/Versions/A/AE
0x0000000182dd4000 	/System/Library/Frameworks/CoreServices.framework/Versions/A/Frameworks/LaunchServices.framework/Versions/A/LaunchServices
0x000000018db0b000 	/System/Library/Frameworks/CoreServices.framework/Versions/A/Frameworks/DictionaryServices.framework/Versions/A/DictionaryServices
0x0000000189d07000 	/System/Library/Frameworks/CoreServices.framework/Versions/A/Frameworks/SharedFileList.framework/Versions/A/SharedFileList
0x000000018c987000 	/usr/lib/libCheckFix.dylib
0x00000001879e9000 	/System/Library/PrivateFrameworks/TCC.framework/Versions/A/TCC
0x000000018bdf3000 	/System/Library/PrivateFrameworks/CoreNLP.framework/Versions/A/CoreNLP
0x00000001892de000 	/System/Library/PrivateFrameworks/MetadataUtilities.framework/Versions/A/MetadataUtilities
0x0000000183531000 	/usr/lib/libmecabra.dylib
0x000000018c9bf000 	/usr/lib/libmecab.dylib
0x00000001834fd000 	/usr/lib/libCRFSuite.dylib
0x000000018ca1d000 	/usr/lib/libgermantok.dylib
0x000000018d523000 	/usr/lib/libThaiTokenizer.dylib
0x00000001893d3000 	/System/Library/Frameworks/Accelerate.framework/Versions/A/Frameworks/vImage.framework/Versions/A/vImage
0x00000001935a3000 	/System/Library/Frameworks/Accelerate.framework/Versions/A/Frameworks/vecLib.framework/Versions/A/vecLib
0x000000018dc27000 	/System/Library/Frameworks/Accelerate.framework/Versions/A/Frameworks/vecLib.framework/Versions/A/libvMisc.dylib
0x000000018c4d0000 	/System/Library/Frameworks/Accelerate.framework/Versions/A/Frameworks/vecLib.framework/Versions/A/libvDSP.dylib
0x0000000183157000 	/System/Library/Frameworks/Accelerate.framework/Versions/A/Frameworks/vecLib.framework/Versions/A/libBLAS.dylib
0x000000018d64b000 	/System/Library/Frameworks/Accelerate.framework/Versions/A/Frameworks/vecLib.framework/Versions/A/libLAPACK.dylib
0x000000018ca20000 	/System/Library/Frameworks/Accelerate.framework/Versions/A/Frameworks/vecLib.framework/Versions/A/libLinearAlgebra.dylib
0x000000018d562000 	/System/Library/Frameworks/Accelerate.framework/Versions/A/Frameworks/vecLib.framework/Versions/A/libSparseBLAS.dylib
0x000000018d646000 	/System/Library/Frameworks/Accelerate.framework/Versions/A/Frameworks/vecLib.framework/Versions/A/libQuadrature.dylib
0x000000018beea000 	/System/Library/Frameworks/Accelerate.framework/Versions/A/Frameworks/vecLib.framework/Versions/A/libBNNS.dylib
0x0000000183415000 	/System/Library/Frameworks/Accelerate.framework/Versions/A/Frameworks/vecLib.framework/Versions/A/libSparse.dylib
0x000000018bee2000 	/System/Library/PrivateFrameworks/LinguisticData.framework/Versions/A/LinguisticData
0x00000001833cb000 	/System/Library/PrivateFrameworks/Lexicon.framework/Versions/A/Lexicon
0x000000018dc1f000 	/usr/lib/libChineseTokenizer.dylib
0x0000000183b75000 	/System/Library/PrivateFrameworks/LanguageModeling.framework/Versions/A/LanguageModeling
0x000000018d525000 	/System/Library/PrivateFrameworks/AppleSauce.framework/Versions/A/AppleSauce
0x000000018c5b3000 	/System/Library/PrivateFrameworks/CoreEmoji.framework/Versions/A/CoreEmoji
0x000000018d415000 	/usr/lib/libcmph.dylib
0x0000000189cda000 	/System/Library/Frameworks/OpenDirectory.framework/Versions/A/Frameworks/CFOpenDirectory.framework/Versions/A/CFOpenDirectory
0x0000000189cca000 	/System/Library/Frameworks/OpenDirectory.framework/Versions/A/OpenDirectory
0x000000018db7d000 	/System/Library/PrivateFrameworks/APFS.framework/Versions/A/APFS
0x000000018c8df000 	/System/Library/Frameworks/SecurityFoundation.framework/Versions/A/SecurityFoundation
0x000000018dbf1000 	/usr/lib/libutil.dylib
0x00000001852b4000 	/System/Library/PrivateFrameworks/CoreServicesStore.framework/Versions/A/CoreServicesStore
0x000000018dbf5000 	/usr/lib/libxslt.1.dylib
0x000000018c973000 	/System/Library/PrivateFrameworks/BackgroundTaskManagement.framework/Versions/A/BackgroundTaskManagement
0x000000018ee5a000 	/System/Library/Frameworks/ImageIO.framework/Versions/A/Resources/libRadiance.dylib
0x000000018ee63000 	/System/Library/Frameworks/ImageIO.framework/Versions/A/Resources/libJPEG.dylib
0x000000018edb5000 	/System/Library/Frameworks/ImageIO.framework/Versions/A/Resources/libPng.dylib
0x000000018edd7000 	/System/Library/Frameworks/ImageIO.framework/Versions/A/Resources/libTIFF.dylib
0x000000018eebe000 	/System/Library/Frameworks/ImageIO.framework/Versions/A/Resources/libGIF.dylib
0x000000018e803000 	/System/Library/Frameworks/ImageIO.framework/Versions/A/Resources/libJP2.dylib
0x000000018df46000 	/usr/lib/libexpat.1.dylib
0x000000018e7be000 	/System/Library/PrivateFrameworks/AppleJPEG.framework/Versions/A/AppleJPEG
0x000000018b317000 	/System/Library/PrivateFrameworks/FontServices.framework/libFontParser.dylib
0x0000000189031000 	/System/Library/PrivateFrameworks/RunningBoardServices.framework/Versions/A/RunningBoardServices
0x00000001994f3000 	/System/Library/PrivateFrameworks/IOSurfaceAccelerator.framework/Versions/A/IOSurfaceAccelerator
0x000000018e8ef000 	/System/Library/PrivateFrameworks/WatchdogClient.framework/Versions/A/WatchdogClient
0x0000000183c79000 	/System/Library/Frameworks/CoreDisplay.framework/Versions/A/CoreDisplay
0x000000018b206000 	/System/Library/Frameworks/CoreMedia.framework/Versions/A/CoreMedia
0x000000018b09a000 	/System/Library/PrivateFrameworks/IOAccelerator.framework/Versions/A/IOAccelerator
0x0000000189e68000 	/System/Library/Frameworks/CoreVideo.framework/Versions/A/CoreVideo
0x000000018d575000 	/System/Library/Frameworks/MetalPerformanceShaders.framework/Versions/A/MetalPerformanceShaders
0x000000018e92c000 	/System/Library/Frameworks/VideoToolbox.framework/Versions/A/VideoToolbox
0x0000000188f75000 	/System/Library/PrivateFrameworks/BaseBoard.framework/Versions/A/BaseBoard
0x0000000188d14000 	/System/Library/PrivateFrameworks/ProtocolBuffer.framework/Versions/A/ProtocolBuffer
0x000000018ee55000 	/System/Library/PrivateFrameworks/GPUWrangler.framework/Versions/A/GPUWrangler
0x000000018ee34000 	/System/Library/PrivateFrameworks/IOPresentment.framework/Versions/A/IOPresentment
0x000000018ee5d000 	/System/Library/PrivateFrameworks/DSExternalDisplay.framework/Versions/A/DSExternalDisplay
0x00000001e3820000 	/System/Library/Frameworks/OpenGL.framework/Versions/A/Libraries/libCoreFSCache.dylib
0x00000001ecf3a000 	/System/Library/PrivateFrameworks/GPUCompiler.framework/Versions/31001/Libraries/libGPUCompilerUtils.dylib
0x000000018eec3000 	/System/Library/PrivateFrameworks/CMCaptureCore.framework/Versions/A/CMCaptureCore
0x000000018e4f9000 	/System/Library/PrivateFrameworks/AppServerSupport.framework/Versions/A/AppServerSupport
0x0000000190698000 	/System/Library/PrivateFrameworks/perfdata.framework/Versions/A/perfdata
0x0000000183d99000 	/System/Library/PrivateFrameworks/AudioToolboxCore.framework/Versions/A/AudioToolboxCore
0x000000018b1de000 	/System/Library/PrivateFrameworks/caulk.framework/Versions/A/caulk
0x000000018ff8d000 	/usr/lib/libAudioStatistics.dylib
0x00000001a17a6000 	/System/Library/PrivateFrameworks/SystemPolicy.framework/Versions/A/SystemPolicy
0x00000001901ed000 	/usr/lib/libSMC.dylib
0x0000000198d6a000 	/System/Library/Frameworks/CoreMIDI.framework/Versions/A/CoreMIDI
0x000000018ed83000 	/usr/lib/libAudioToolboxUtility.dylib
0x000000019dc4c000 	/System/Library/PrivateFrameworks/OSAServicesClient.framework/Versions/A/OSAServicesClient
0x00000001906a5000 	/usr/lib/libperfcheck.dylib
0x00000001a22a9000 	/usr/lib/libmis.dylib
0x00000001e3881000 	/System/Library/Frameworks/OpenGL.framework/Versions/A/Libraries/libGLU.dylib
0x00000001e3840000 	/System/Library/Frameworks/OpenGL.framework/Versions/A/Libraries/libGFXShared.dylib
0x00000001e3a2a000 	/System/Library/Frameworks/OpenGL.framework/Versions/A/Libraries/libGL.dylib
0x00000001e3849000 	/System/Library/Frameworks/OpenGL.framework/Versions/A/Libraries/libGLImage.dylib
0x00000001e383d000 	/System/Library/Frameworks/OpenGL.framework/Versions/A/Libraries/libCVMSPluginSupport.dylib
0x00000001e3827000 	/System/Library/Frameworks/OpenGL.framework/Versions/A/Libraries/libCoreVMClient.dylib
0x000000018bd6f000 	/System/Library/Frameworks/MetalPerformanceShaders.framework/Versions/A/Frameworks/MPSCore.framework/Versions/A/MPSCore
0x000000018cf37000 	/System/Library/Frameworks/MetalPerformanceShaders.framework/Versions/A/Frameworks/MPSImage.framework/Versions/A/MPSImage
0x000000018ca35000 	/System/Library/Frameworks/MetalPerformanceShaders.framework/Versions/A/Frameworks/MPSNeuralNetwork.framework/Versions/A/MPSNeuralNetwork
0x000000018ce72000 	/System/Library/Frameworks/MetalPerformanceShaders.framework/Versions/A/Frameworks/MPSMatrix.framework/Versions/A/MPSMatrix
0x000000018cc4d000 	/System/Library/Frameworks/MetalPerformanceShaders.framework/Versions/A/Frameworks/MPSRayIntersector.framework/Versions/A/MPSRayIntersector
0x000000018cea3000 	/System/Library/Frameworks/MetalPerformanceShaders.framework/Versions/A/Frameworks/MPSNDArray.framework/Versions/A/MPSNDArray
0x00000001e553c000 	/System/Library/Frameworks/MetalPerformanceShaders.framework/Versions/A/Frameworks/MPSFunctions.framework/Versions/A/MPSFunctions
0x0000000183035000 	/System/Library/PrivateFrameworks/MetalTools.framework/Versions/A/MetalTools
0x000000018bdeb000 	/System/Library/PrivateFrameworks/AggregateDictionary.framework/Versions/A/AggregateDictionary
0x000000018dd2c000 	/usr/lib/libIOReport.dylib
0x0000000197d58000 	/System/Library/PrivateFrameworks/ASEProcessing.framework/Versions/A/ASEProcessing
0x000000018e09e000 	/System/Library/PrivateFrameworks/FaceCore.framework/Versions/A/FaceCore
0x000000018e090000 	/System/Library/PrivateFrameworks/GraphVisualizer.framework/Versions/A/GraphVisualizer
0x00000001ece51000 	/System/Library/PrivateFrameworks/FontServices.framework/Versions/A/FontServices
0x000000018e4b3000 	/System/Library/PrivateFrameworks/OTSVG.framework/Versions/A/OTSVG
0x0000000189a36000 	/System/Library/Frameworks/ApplicationServices.framework/Versions/A/Frameworks/ATS.framework/Versions/A/Resources/libFontRegistry.dylib
0x000000018e502000 	/System/Library/PrivateFrameworks/FontServices.framework/libhvf.dylib
0x00000001ece52000 	/System/Library/PrivateFrameworks/FontServices.framework/libXTFontStaticRegistryData.dylib
0x00000001e3bcc000 	/System/Library/Frameworks/OpenCL.framework/Versions/A/OpenCL
0x000000018defa000 	/System/Library/PrivateFrameworks/AppleVA.framework/Versions/A/AppleVA
0x000000018ffb5000 	/System/Library/Frameworks/ApplicationServices.framework/Versions/A/Frameworks/ATS.framework/Versions/A/ATS
0x00000001884da000 	/System/Library/Frameworks/ApplicationServices.framework/Versions/A/Frameworks/HIServices.framework/Versions/A/HIServices
0x000000018eecd000 	/System/Library/Frameworks/ApplicationServices.framework/Versions/A/Frameworks/PrintCore.framework/Versions/A/PrintCore
0x0000000190340000 	/System/Library/Frameworks/ApplicationServices.framework/Versions/A/Frameworks/QD.framework/Versions/A/QD
0x0000000190338000 	/System/Library/Frameworks/ApplicationServices.framework/Versions/A/Frameworks/ColorSyncLegacy.framework/Versions/A/ColorSyncLegacy
0x000000018ffa1000 	/System/Library/Frameworks/ApplicationServices.framework/Versions/A/Frameworks/SpeechSynthesis.framework/Versions/A/SpeechSynthesis
0x000000018ee8e000 	/System/Library/Frameworks/ApplicationServices.framework/Versions/A/Frameworks/ATSUI.framework/Versions/A/ATSUI
0x00000001902cd000 	/usr/lib/libcups.2.dylib
0x00000001906b3000 	/System/Library/Frameworks/Kerberos.framework/Versions/A/Kerberos
0x00000001906c4000 	/System/Library/Frameworks/GSS.framework/Versions/A/GSS
0x0000000190024000 	/usr/lib/libresolv.9.dylib
0x000000018e510000 	/System/Library/PrivateFrameworks/Heimdal.framework/Versions/A/Heimdal
0x0000000196fcc000 	/System/Library/Frameworks/Kerberos.framework/Versions/A/Libraries/libHeimdalProxy.dylib
0x0000000189110000 	/System/Library/Frameworks/Network.framework/Versions/A/Network
0x000000018df61000 	/usr/lib/libheimdal-asn1.dylib
0x000000019070a000 	/System/Library/PrivateFrameworks/CommonAuth.framework/Versions/A/CommonAuth
0x000000018ff1b000 	/System/Library/PrivateFrameworks/AudioSession.framework/Versions/A/AudioSession
0x000000018dff2000 	/System/Library/PrivateFrameworks/MediaExperience.framework/Versions/A/MediaExperience
0x000000018fda3000 	/System/Library/PrivateFrameworks/AudioSession.framework/libSessionUtility.dylib
0x000000019034c000 	/System/Library/PrivateFrameworks/AudioResourceArbitration.framework/Versions/A/AudioResourceArbitration
0x000000018df6a000 	/System/Library/PrivateFrameworks/IconFoundation.framework/Versions/A/IconFoundation
0x00000001931d1000 	/System/Library/PrivateFrameworks/SpeechRecognitionCore.framework/Versions/A/SpeechRecognitionCore
0x0000000101e70000 	/Library/Java/JavaVirtualMachines/amazon-corretto-17.jdk/Contents/Home/lib/server/libjvm.dylib
0x0000000100c4c000 	/Library/Java/JavaVirtualMachines/amazon-corretto-17.jdk/Contents/Home/lib/libjimage.dylib
0x0000000100c78000 	/Library/Java/JavaVirtualMachines/amazon-corretto-17.jdk/Contents/Home/lib/libinstrument.dylib
0x0000000100cc4000 	/Library/Java/JavaVirtualMachines/amazon-corretto-17.jdk/Contents/Home/lib/libjava.dylib
0x0000000100da0000 	/Library/Java/JavaVirtualMachines/amazon-corretto-17.jdk/Contents/Home/lib/libnio.dylib
0x0000000101c54000 	/Library/Java/JavaVirtualMachines/amazon-corretto-17.jdk/Contents/Home/lib/libnet.dylib
0x0000000100cac000 	/Library/Java/JavaVirtualMachines/amazon-corretto-17.jdk/Contents/Home/lib/libzip.dylib
0x0000000101c78000 	/Users/raihanromzi/.openjfx/cache/17-ea/libprism_es2.dylib
0x0000000185277000 	/System/Library/PrivateFrameworks/CoreServicesInternal.framework/Versions/A/CoreServicesInternal
0x00000001e3a34000 	/System/Library/Frameworks/OpenGL.framework/Versions/A/Resources/GLEngine.bundle/GLEngine
0x00000001e38bb000 	/System/Library/Frameworks/OpenGL.framework/Versions/A/Libraries/libGLProgrammability.dylib
0x000000011fcb4000 	/System/Library/Extensions/AppleMetalOpenGLRenderer.bundle/Contents/MacOS/AppleMetalOpenGLRenderer
0x00000001e3ba3000 	/System/Library/Frameworks/OpenGL.framework/Versions/A/Resources/GLRendererFloat.bundle/GLRendererFloat
0x00000001e3c44000 	/System/Library/Extensions/AGXMetal13_3.bundle/Contents/MacOS/AGXMetal13_3
0x00000001a22c5000 	/System/Library/PrivateFrameworks/GPURawCounter.framework/Versions/A/GPURawCounter
0x000000019cd9a000 	/System/Library/PrivateFrameworks/IOGPU.framework/Versions/A/IOGPU
0x000000011fbe4000 	/Users/raihanromzi/.openjfx/cache/17-ea/libglass.dylib
0x0000000194671000 	/System/Library/Frameworks/FileProvider.framework/Versions/A/FileProvider
0x0000000188edd000 	/System/Library/Frameworks/Accounts.framework/Versions/A/Accounts
0x00000001947f1000 	/System/Library/PrivateFrameworks/GenerationalStorage.framework/Versions/A/GenerationalStorage
0x00000001953a1000 	/System/Library/PrivateFrameworks/CoreSymbolication.framework/Versions/A/CoreSymbolication
0x0000000194411000 	/System/Library/PrivateFrameworks/SymptomDiagnosticReporter.framework/Versions/A/SymptomDiagnosticReporter
0x000000018655c000 	/System/Library/PrivateFrameworks/DesktopServicesPriv.framework/Versions/A/DesktopServicesPriv
0x00000001853d6000 	/usr/lib/libsandbox.1.dylib
0x0000000189ef4000 	/System/Library/PrivateFrameworks/UserManagement.framework/Versions/A/UserManagement
0x0000000195362000 	/System/Library/PrivateFrameworks/DebugSymbols.framework/Versions/A/DebugSymbols
0x000000019032b000 	/System/Library/PrivateFrameworks/NetAuth.framework/Versions/A/NetAuth
0x0000000191229000 	/System/Library/PrivateFrameworks/Sharing.framework/Versions/A/Sharing
0x0000000189ec4000 	/System/Library/PrivateFrameworks/login.framework/Versions/A/Frameworks/loginsupport.framework/Versions/A/loginsupport
0x0000000196512000 	/System/Library/PrivateFrameworks/Apple80211.framework/Versions/A/Apple80211
0x000000018d01b000 	/System/Library/PrivateFrameworks/AuthKit.framework/Versions/A/AuthKit
0x000000018c6b2000 	/System/Library/PrivateFrameworks/CoreUtils.framework/Versions/A/CoreUtils
0x000000018c5d2000 	/System/Library/Frameworks/CoreWLAN.framework/Versions/A/CoreWLAN
0x0000000191392000 	/System/Library/Frameworks/IOBluetooth.framework/Versions/A/IOBluetooth
0x0000000196572000 	/System/Library/PrivateFrameworks/CoreWiFi.framework/Versions/A/CoreWiFi
0x0000000194f49000 	/System/Library/PrivateFrameworks/FrontBoardServices.framework/Versions/A/FrontBoardServices
0x0000000194fe1000 	/System/Library/PrivateFrameworks/BoardServices.framework/Versions/A/BoardServices
0x000000018c8cd000 	/System/Library/PrivateFrameworks/AssertionServices.framework/Versions/A/AssertionServices
0x00000001966e0000 	/System/Library/PrivateFrameworks/BackBoardServices.framework/Versions/A/BackBoardServices
0x000000019079d000 	/System/Library/PrivateFrameworks/CorePhoneNumbers.framework/Versions/A/CorePhoneNumbers
0x0000000194541000 	/System/Library/PrivateFrameworks/DiskManagement.framework/Versions/A/DiskManagement
0x0000000194444000 	/System/Library/PrivateFrameworks/AppleIDAuthSupport.framework/Versions/A/AppleIDAuthSupport
0x00000001e77d5000 	/System/Library/PrivateFrameworks/AAAFoundation.framework/Versions/A/AAAFoundation
0x000000019077c000 	/System/Library/PrivateFrameworks/KeychainCircle.framework/Versions/A/KeychainCircle
0x000000019450d000 	/System/Library/PrivateFrameworks/MediaKit.framework/Versions/A/MediaKit
0x0000000194451000 	/System/Library/Frameworks/DiscRecording.framework/Versions/A/DiscRecording
0x000000018de76000 	/usr/lib/libCoreStorage.dylib
0x00000001969da000 	/usr/lib/libcsfde.dylib
0x0000000191467000 	/System/Library/PrivateFrameworks/ProtectedCloudStorage.framework/Versions/A/ProtectedCloudStorage
0x00000001969d2000 	/System/Library/PrivateFrameworks/EFILogin.framework/Versions/A/EFILogin
0x0000000194818000 	/System/Library/PrivateFrameworks/OctagonTrust.framework/Versions/A/OctagonTrust
0x00000001ec0bc000 	/System/Library/PrivateFrameworks/CoreUtilsExtras.framework/Versions/A/CoreUtilsExtras
0x0000000194383000 	/System/Library/Frameworks/CoreBluetooth.framework/Versions/A/CoreBluetooth
0x0000000197051000 	/System/Library/Frameworks/AudioUnit.framework/Versions/A/AudioUnit
0x000000018de6e000 	/usr/lib/libMatch.1.dylib
0x00000001a652c000 	/System/Library/Frameworks/Accelerate.framework/Versions/A/Frameworks/vImage.framework/Versions/A/Libraries/libCGInterfaces.dylib
0x000000011ffec000 	/usr/lib/libobjc-trampolines.dylib
0x0000000189bc2000 	/System/Library/PrivateFrameworks/ViewBridge.framework/Versions/A/ViewBridge
0x000000018dd35000 	/System/Library/PrivateFrameworks/CrashReporterSupport.framework/Versions/A/CrashReporterSupport
0x00000001ade3b000 	/System/Library/PrivateFrameworks/OSAnalytics.framework/Versions/A/OSAnalytics
0x00000001b8f8a000 	/System/Library/PrivateFrameworks/Symbolication.framework/Versions/A/Symbolication
0x00000001a2286000 	/System/Library/PrivateFrameworks/MallocStackLogging.framework/Versions/A/MallocStackLogging
0x0000000127b30000 	/Users/raihanromzi/.openjfx/cache/17-ea/libjavafx_font.dylib
0x000000018e5be000 	/System/Library/PrivateFrameworks/login.framework/Versions/A/login
0x00000001ff2d2000 	/usr/lib/libRosetta.dylib
0x00000001e7e74000 	/System/Library/PrivateFrameworks/AccessibilityBundles.framework/Versions/A/AccessibilityBundles


VM Arguments:
jvm_args: -javaagent:/Applications/IntelliJ IDEA CE.app/Contents/lib/idea_rt.jar=58230:/Applications/IntelliJ IDEA CE.app/Contents/bin -Dfile.encoding=UTF-8 --module-path=/Users/raihanromzi/.m2/repository/org/openjfx/javafx-fxml/17-ea+11/javafx-fxml-17-ea+11-mac-aarch64.jar:/Users/raihanromzi/.m2/repository/org/openjfx/javafx-controls/17-ea+11/javafx-controls-17-ea+11-mac-aarch64.jar:/Users/raihanromzi/Documents/Programming/javaFX-Project-1/target/classes:/Users/raihanromzi/.m2/repository/org/openjfx/javafx-base/17-ea+11/javafx-base-17-ea+11-mac-aarch64.jar:/Users/raihanromzi/.m2/repository/org/openjfx/javafx-graphics/17-ea+11/javafx-graphics-17-ea+11-mac-aarch64.jar -Djdk.module.main=com.javafxproject 
java_command: com.javafxproject/com.javafxproject.HelloApplication
java_class_path (initial): /Users/raihanromzi/.m2/repository/org/openjfx/javafx-controls/17-ea+11/javafx-controls-17-ea+11.jar:/Users/raihanromzi/.m2/repository/org/openjfx/javafx-graphics/17-ea+11/javafx-graphics-17-ea+11.jar:/Users/raihanromzi/.m2/repository/org/openjfx/javafx-base/17-ea+11/javafx-base-17-ea+11.jar:/Users/raihanromzi/.m2/repository/org/openjfx/javafx-fxml/17-ea+11/javafx-fxml-17-ea+11.jar
Launcher Type: SUN_STANDARD

[Global flags]
     intx CICompilerCount                          = 4                                         {product} {ergonomic}
     uint ConcGCThreads                            = 2                                         {product} {ergonomic}
     uint G1ConcRefinementThreads                  = 8                                         {product} {ergonomic}
   size_t G1HeapRegionSize                         = 1048576                                   {product} {ergonomic}
    uintx GCDrainStackTargetSize                   = 64                                        {product} {ergonomic}
   size_t InitialHeapSize                          = 134217728                                 {product} {ergonomic}
   size_t MarkStackSize                            = 4194304                                   {product} {ergonomic}
   size_t MaxHeapSize                              = 2147483648                                {product} {ergonomic}
   size_t MaxNewSize                               = 1287651328                                {product} {ergonomic}
   size_t MinHeapDeltaBytes                        = 1048576                                   {product} {ergonomic}
   size_t MinHeapSize                              = 8388608                                   {product} {ergonomic}
    uintx NonNMethodCodeHeapSize                   = 5839564                                {pd product} {ergonomic}
    uintx NonProfiledCodeHeapSize                  = 122909338                              {pd product} {ergonomic}
    uintx ProfiledCodeHeapSize                     = 122909338                              {pd product} {ergonomic}
    uintx ReservedCodeCacheSize                    = 251658240                              {pd product} {ergonomic}
     bool SegmentedCodeCache                       = true                                      {product} {ergonomic}
   size_t SoftMaxHeapSize                          = 2147483648                             {manageable} {ergonomic}
     bool UseCompressedClassPointers               = true                           {product lp64_product} {ergonomic}
     bool UseCompressedOops                        = true                           {product lp64_product} {ergonomic}
     bool UseG1GC                                  = true                                      {product} {ergonomic}
     bool UseNUMA                                  = false                                     {product} {ergonomic}
     bool UseNUMAInterleaving                      = false                                     {product} {ergonomic}

Logging:
Log output configuration:
 #0: stdout all=warning uptime,level,tags
 #1: stderr all=off uptime,level,tags

Environment Variables:
PATH=/Library/Frameworks/Python.framework/Versions/3.9/bin:/opt/homebrew/bin:/opt/homebrew/sbin:/usr/local/bin:/usr/bin:/bin:/usr/sbin:/sbin:/Library/Apple/usr/bin
SHELL=/bin/zsh
LC_CTYPE=en_US.UTF-8

Signal Handlers:
   SIGSEGV: crash_handler in libjvm.dylib, mask=11100110000111110111111111111111, flags=SA_RESTART|SA_SIGINFO
    SIGBUS: crash_handler in libjvm.dylib, mask=11100110000111110111111111111111, flags=SA_RESTART|SA_SIGINFO
    SIGFPE: crash_handler in libjvm.dylib, mask=11100110000111110111111111111111, flags=SA_RESTART|SA_SIGINFO
   SIGPIPE: javaSignalHandler in libjvm.dylib, mask=11100110000111110111111111111111, flags=SA_RESTART|SA_SIGINFO
   SIGXFSZ: javaSignalHandler in libjvm.dylib, mask=11100110000111110111111111111111, flags=SA_RESTART|SA_SIGINFO
    SIGILL: crash_handler in libjvm.dylib, mask=11100110000111110111111111111111, flags=SA_RESTART|SA_SIGINFO
   SIGUSR2: SR_handler in libjvm.dylib, mask=00100000000000000000000000000000, flags=SA_RESTART|SA_SIGINFO
    SIGHUP: UserHandler in libjvm.dylib, mask=11100110000111110111111111111111, flags=SA_RESTART|SA_SIGINFO
    SIGINT: UserHandler in libjvm.dylib, mask=11100110000111110111111111111111, flags=SA_RESTART|SA_SIGINFO
   SIGTERM: UserHandler in libjvm.dylib, mask=11100110000111110111111111111111, flags=SA_RESTART|SA_SIGINFO
   SIGQUIT: UserHandler in libjvm.dylib, mask=11100110000111110111111111111111, flags=SA_RESTART|SA_SIGINFO
   SIGTRAP: crash_handler in libjvm.dylib, mask=11100110000111110111111111111111, flags=SA_RESTART|SA_SIGINFO


---------------  S Y S T E M  ---------------

OS:
uname: Darwin 21.1.0 Darwin Kernel Version 21.1.0: Wed Oct 13 17:33:24 PDT 2021; root:xnu-8019.41.5~1/RELEASE_ARM64_T8101 arm64
OS uptime: 4 days 16:56 hours
rlimit (soft/hard): STACK 8176k/65520k , CORE 0k/infinity , NPROC 1333/2000 , NOFILE 10240/infinity , AS infinity/infinity , CPU infinity/infinity , DATA infinity/infinity , FSIZE infinity/infinity , MEMLOCK infinity/infinity , RSS infinity/infinity
load average: 2.39 1.68 1.41

CPU: total 8 (initial active 8) 0x61:0x0:0x1b588bb3:0, fp, simd, crc, lse

Memory: 16k page, physical 8388608k(84608k free), swap 3145728k(1777152k free)

vm_info: OpenJDK 64-Bit Server VM (17.0.1+12-LTS) for bsd-aarch64 JRE (17.0.1+12-LTS), built on Oct 20 2021 15:30:38 by "jenkins" with clang Apple LLVM 13.0.0 (clang-1300.0.29.3)

END.
