#
# A fatal error has been detected by the Java Runtime Environment:
#
#  SIGBUS (0xa) at pc=0x000000010e4194f0, pid=58545, tid=30735
#
# JRE version: OpenJDK Runtime Environment Corretto-17.0.1.12.1 (17.0.1+12) (build 17.0.1+12-LTS)
# Java VM: OpenJDK 64-Bit Server VM Corretto-17.0.1.12.1 (17.0.1+12-LTS, mixed mode, sharing, tiered, compressed oops, compressed class ptrs, g1 gc, bsd-aarch64)
# Problematic frame:
# v  ~StubRoutines::SafeFetchN
#
# No core dump will be written. Core dumps have been disabled. To enable core dumping, try "ulimit -c unlimited" before starting Java again
#
# If you would like to submit a bug report, please visit:
#   https://github.com/corretto/corretto-17/issues/
# The crash happened outside the Java Virtual Machine in native code.
# See problematic frame for where to report the bug.
#

---------------  S U M M A R Y ------------

Command Line: -javaagent:/Applications/IntelliJ IDEA CE.app/Contents/lib/idea_rt.jar=52147:/Applications/IntelliJ IDEA CE.app/Contents/bin -Dfile.encoding=UTF-8 --module-path=/Users/raihanromzi/.m2/repository/org/openjfx/javafx-controls/17-ea+11/javafx-controls-17-ea+11-mac-aarch64.jar:/Users/raihanromzi/.m2/repository/org/openjfx/javafx-graphics/17-ea+11/javafx-graphics-17-ea+11-mac-aarch64.jar:/Users/raihanromzi/Documents/Programming/javaFX-Project-1/target/classes:/Users/raihanromzi/.m2/repository/org/openjfx/javafx-base/17-ea+11/javafx-base-17-ea+11-mac-aarch64.jar:/Users/raihanromzi/.m2/repository/org/openjfx/javafx-fxml/17-ea+11/javafx-fxml-17-ea+11-mac-aarch64.jar -Djdk.module.main=com.javafxproject com.javafxproject/com.javafxproject.HelloApplication

Host: "MacBookAir10,1" arm64 1 MHz, 8 cores, 8G, Darwin 21.1.0, macOS 12.0.1 (21A559)
Time: Sun Nov  7 07:29:08 2021 WIB elapsed time: 5.766993 seconds (0d 0h 0m 5s)

---------------  T H R E A D  ---------------

Current thread (0x00000001438fd200):  JavaThread "InvokeLaterDispatcher" daemon [_thread_in_native, id=30735, stack(0x000000016e0f0000,0x000000016e2f3000)]

Stack: [0x000000016e0f0000,0x000000016e2f3000],  sp=0x000000016e2f2790,  free space=2057k
Native frames: (J=compiled Java code, j=interpreted, Vv=VM code, C=native code)
v  ~StubRoutines::SafeFetchN
V  [libjvm.dylib+0x7ae3e0]  _ZN10OopStorage7releaseEPKP7oopDesc+0x20
V  [libjvm.dylib+0x4c6480]  jni_DeleteGlobalRef+0xd8
C  [libglass.dylib+0xa880]  -[GlassRunnable dealloc]+0x34
C  [Foundation+0x85e0c]  -[_NSThreadPerformInfo dealloc]+0x30
C  [Foundation+0x525e8]  -[NSObject(NSThreadPerformAdditions) performSelectorOnMainThread:withObject:waitUntilDone:]+0x88
C  0x2b2580010e4218ac
j  com.sun.glass.ui.mac.MacApplication.submitForLaterInvocation(Ljava/lang/Runnable;)V+2 javafx.graphics
j  com.sun.glass.ui.InvokeLaterDispatcher.run()V+82 javafx.graphics
v  ~StubRoutines::call_stub
V  [libjvm.dylib+0x46b5dc]  _ZN9JavaCalls11call_helperEP9JavaValueRK12methodHandleP17JavaCallArgumentsP10JavaThread+0x390
V  [libjvm.dylib+0x46a648]  _ZN9JavaCalls12call_virtualEP9JavaValueP5KlassP6SymbolS5_P17JavaCallArgumentsP10JavaThread+0xf8
V  [libjvm.dylib+0x46a710]  _ZN9JavaCalls12call_virtualEP9JavaValue6HandleP5KlassP6SymbolS6_P10JavaThread+0x64
V  [libjvm.dylib+0x51f494]  _ZL12thread_entryP10JavaThreadS0_+0xc4
V  [libjvm.dylib+0x98f4e4]  _ZN10JavaThread17thread_main_innerEv+0x138
V  [libjvm.dylib+0x98dbc0]  _ZN6Thread8call_runEv+0x128
V  [libjvm.dylib+0x7b5330]  _ZL19thread_native_entryP6Thread+0x158
C  [libsystem_pthread.dylib+0x74ec]  _pthread_start+0x94

Java frames: (J=compiled Java code, j=interpreted, Vv=VM code)
j  com.sun.glass.ui.mac.MacApplication._submitForLaterInvocation(Ljava/lang/Runnable;)V+0 javafx.graphics
j  com.sun.glass.ui.mac.MacApplication.submitForLaterInvocation(Ljava/lang/Runnable;)V+2 javafx.graphics
j  com.sun.glass.ui.InvokeLaterDispatcher.run()V+82 javafx.graphics
v  ~StubRoutines::call_stub

siginfo: si_signo: 10 (SIGBUS), si_code: 1 (BUS_ADRALN), si_addr: 0x000000010e4194f0

Register to memory mapping:

 x0=0x0000000124f04988 points into unknown readable memory: 0x0000000000000000 | 00 00 00 00 00 00 00 00
 x1=0x0 is NULL
 x2=0x0000000786e01130 is an oop: com.sun.glass.ui.InvokeLaterDispatcher$Future 
{0x0000000786e01130} - klass: 'com/sun/glass/ui/InvokeLaterDispatcher$Future'
 - ---- fields (total size 3 words):
 - private 'done' 'Z' @12  true
 - private final 'runnable' 'Ljava/lang/Runnable;' @16  a 'com/sun/javafx/application/PlatformImpl$$Lambda$92+0x0000000800c81598'{0x0000000786579758} (f0caf2eb)
 - final synthetic 'this$0' 'Lcom/sun/glass/ui/InvokeLaterDispatcher;' @20  a 'com/sun/glass/ui/InvokeLaterDispatcher'{0x000000078680ac18} (f0d01583)
 x3=0x0 is NULL
 x4=0x00000000000130a8 is an unknown value
 x5=0x0 is NULL
 x6=0x0 is NULL
 x7=0x0 is NULL
 x8=0x000000010e4194ec is at begin+0 in a stub
StubRoutines::SafeFetchN [0x000000010e4194ec, 0x000000010e4194f8] (12 bytes)
 x9=0x0 is NULL
x10=0x2010000030300000 is an unknown value
x11=0x0000000000000007 is an unknown value
x12=0x0 is NULL
x13=0x0000600003f1d970 points into unknown readable memory: 0x0000000100000000 | 00 00 00 00 01 00 00 00
x14=0x0000000000000001 is an unknown value
x15=0x000000012170df98: OBJC_CLASS_$_GlassRunnable+0 in /Users/raihanromzi/.openjfx/cache/17-ea/libglass.dylib at 0x00000001216c8000
x16=0x00000001915d8340: pthread_getspecific+0 in /usr/lib/system/libsystem_pthread.dylib at 0x00000001915d6000
x17=0x000060000351e760 points into unknown readable memory: 0xfffffffffffffffe | fe ff ff ff ff ff ff ff
x18=0x0 is NULL
x19=0x0000600003a19570 points into unknown readable memory: 0x000060000131c640 | 40 c6 31 01 00 60 00 00
x20=0x0000000124f04780 points into unknown readable memory: 0x0000000000000000 | 00 00 00 00 00 00 00 00
x21=0x0000000124f04988 points into unknown readable memory: 0x0000000000000000 | 00 00 00 00 00 00 00 00
x22=0x00000001438fd200 is a thread
x23=0x0000000000000001 is an unknown value
x24=0x0000000124f04940 is a global jni handle
x25=0x0000000106613a08: _ZN12StubRoutines17_safefetchN_entryE+0 in /Library/Java/JavaVirtualMachines/amazon-corretto-17.jdk/Contents/Home/lib/server/libjvm.dylib at 0x00000001059c4000
x26=0x0000000121d18100 is pointing into metadata
x27=0x0 is NULL
x28=0x00000001438fd200 is a thread


Registers:
 x0=0x0000000124f04988  x1=0x0000000000000000  x2=0x0000000786e01130  x3=0x0000000000000000
 x4=0x00000000000130a8  x5=0x0000000000000000  x6=0x0000000000000000  x7=0x0000000000000000
 x8=0x000000010e4194ec  x9=0x0000000000000000 x10=0x2010000030300000 x11=0x0000000000000007
x12=0x0000000000000000 x13=0x0000600003f1d970 x14=0x0000000000000001 x15=0x000000012170df98
x16=0x00000001915d8340 x17=0x000060000351e760 x18=0x0000000000000000 x19=0x0000600003a19570
x20=0x0000000124f04780 x21=0x0000000124f04988 x22=0x00000001438fd200 x23=0x0000000000000001
x24=0x0000000124f04940 x25=0x0000000106613a08 x26=0x0000000121d18100 x27=0x0000000000000000
x28=0x00000001438fd200  fp=0x000000016e2f27d0  lr=0x00000001061711bc  sp=0x000000016e2f2790
pc=0x000000010e4194f0 cpsr=0x0000000060001000
Top of Stack: (sp=0x000000016e2f2790)
0x000000016e2f2790:   0000000121d18100 0000000000000001
0x000000016e2f27a0:   00000001439a2738 0000000000000000
0x000000016e2f27b0:   00000001439a26a8 0000000124f04970
0x000000016e2f27c0:   0000000124f04970 0000600003a19570
0x000000016e2f27d0:   000000016e2f2810 00000001061723e0
0x000000016e2f27e0:   0000000000000001 0000000124f04970
0x000000016e2f27f0:   00000001439a26a8 0000000124f04970
0x000000016e2f2800:   0000000000000001 00000001439a2400
0x000000016e2f2810:   000000016e2f2850 0000000105e8a480
0x000000016e2f2820:   000000016e2f2998 0000600001338320
0x000000016e2f2830:   0000600001338360 00000001db8059f4
0x000000016e2f2840:   0000000000000000 0000600001338360
0x000000016e2f2850:   000000016e2f2880 00000001216d2880
0x000000016e2f2860:   b3f5160c7a2c001a 0000000000000000
0x000000016e2f2870:   0000000000000000 0000600000439cc0
0x000000016e2f2880:   000000016e2f28c0 00000001925a0e0c
0x000000016e2f2890:   000000016e2f2998 0000600001338320
0x000000016e2f28a0:   0000600001338360 b3f5160c7a2c001a
0x000000016e2f28b0:   0000000000000000 0000000000000000
0x000000016e2f28c0:   000000016e2f2900 190280019256d5e8
0x000000016e2f28d0:   000000016e2f2998 000000010e4207c0
0x000000016e2f28e0:   0000000000000000 000000010661b3c0
0x000000016e2f28f0:   000000016e2f2910 000000010e41f730
0x000000016e2f2900:   000000016e2f2970 2b2580010e4218ac
0x000000016e2f2910:   000000016e2f2910 00000008009847e5
0x000000016e2f2920:   000000016e2f2920 0000000000000000
0x000000016e2f2930:   000000016e2f2998 0000000121d18100
0x000000016e2f2940:   000000078682bf60 0000000000000000
0x000000016e2f2950:   0000000000000000 0000000121cf76c8
0x000000016e2f2960:   0000000000000000 000000016e2f2970
0x000000016e2f2970:   000000016e2f29f0 000000010e41dfc8
0x000000016e2f2980:   0000000000000000 0000000000000000 

Instructions: (pc=0x000000010e4194f0)
0x000000010e4193f0:   f2a0cbc9 f2c00029 6d425935 1e640886
0x000000010e419400:   0c402d31 1e6408c7 1f5654d0 1e6c1017
0x000000010e419410:   1f5050d0 1f504cd0 1f5048d0 1e650af6
0x000000010e419420:   1f50d8f6 1f5694d6 1f5158f6 1e762880
0x000000010e419430:   36000501 1e614000 14000026 2e251ca5
0x000000010e419440:   d2803009 f2a0cbc9 f2c00029 6d425d36
0x000000010e419450:   1e600806 0c402d32 1f5758c7 1e6c101a
0x000000010e419460:   1f4754c7 1e650805 1f4750c7 d2866668
0x000000010e419470:   f2a7fa68 1f474cc7 1e6608c0 1f4748c7
0x000000010e419480:   1e6e1019 eb08007f 540000ac 1f479400
0x000000010e419490:   1f460340 1e603b20 1400000e d2a7fd29
0x000000010e4194a0:   eb09007f 540000ac 51480069 d3607d29
0x000000010e4194b0:   9e670121 14000002 1e6a5001 1f679417
0x000000010e4194c0:   1f668742 1e613b23 1e773857 1e773860
0x000000010e4194d0:   a8c17ff3 910003bf a8c17bfd d65f03c0
0x000000010e4194e0:   b9400001 aa0103e0 d65f03c0 f9400001
0x000000010e4194f0:   aa0103e0 d65f03c0 00000000 00000000
0x000000010e419500:   00000000 00000000 00000000 00000000
0x000000010e419510:   00000000 00000000 00000000 00000000
0x000000010e419520:   00000000 00000000 00000000 00000000
0x000000010e419530:   00000000 00000000 00000000 00000000
0x000000010e419540:   00000000 00000000 00000000 00000000
0x000000010e419550:   00000000 00000000 00000000 00000000
0x000000010e419560:   00000000 00000000 00000000 00000000
0x000000010e419570:   00000000 00000000 00000000 00000000
0x000000010e419580:   00000000 00000000 00000000 00000000
0x000000010e419590:   00000000 00000000 00000000 00000000
0x000000010e4195a0:   00000000 00000000 00000000 00000000
0x000000010e4195b0:   00000000 00000000 00000000 00000000
0x000000010e4195c0:   00000000 00000000 00000000 00000000
0x000000010e4195d0:   00000000 00000000 00000000 00000000
0x000000010e4195e0:   00000000 00000000 00000000 00000000 


Stack slot to memory mapping:
stack at sp + 0 slots: 0x0000000121d18100 is pointing into metadata
stack at sp + 1 slots: 0x0000000000000001 is an unknown value
stack at sp + 2 slots: 0x00000001439a2738 points into unknown readable memory: 0x0000000000000004 | 04 00 00 00 00 00 00 00
stack at sp + 3 slots: 0x0 is NULL
stack at sp + 4 slots: 0x00000001439a26a8 points into unknown readable memory: 0x00000001065ce8a0 | a0 e8 5c 06 01 00 00 00
stack at sp + 5 slots: 0x0000000124f04970 is a global jni handle
stack at sp + 6 slots: 0x0000000124f04970 is a global jni handle
stack at sp + 7 slots: 0x0000600003a19570 points into unknown readable memory: 0x000060000131c640 | 40 c6 31 01 00 60 00 00

StubRoutines::SafeFetchN [0x000000010e4194ec, 0x000000010e4194f8] (12 bytes)
[MachCode]
  0x000000010e4194ec: 0100 40f9 | e003 01aa | c003 5fd6 
[/MachCode]

---------------  P R O C E S S  ---------------

Threads class SMR info:
_java_thread_list=0x000060000110de80, length=20, elements={
0x0000000143809a00, 0x000000014486d000, 0x0000000144808200, 0x000000014400d400,
0x000000014400fc00, 0x0000000144010200, 0x0000000144010e00, 0x0000000144011400,
0x0000000144019a00, 0x000000014480b400, 0x00000001438d2000, 0x00000001438d1800,
0x00000001438d0a00, 0x00000001438fd200, 0x00000001439a2400, 0x000000014486ec00,
0x00000001433bda00, 0x00000001449d7200, 0x0000000143152c00, 0x000000012503da00
}

Java Threads: ( => current thread )
  0x0000000143809a00 JavaThread "main" [_thread_blocked, id=6659, stack(0x000000016b6e8000,0x000000016b8eb000)]
  0x000000014486d000 JavaThread "Reference Handler" daemon [_thread_blocked, id=14851, stack(0x000000016c53c000,0x000000016c73f000)]
  0x0000000144808200 JavaThread "Finalizer" daemon [_thread_blocked, id=15107, stack(0x000000016c748000,0x000000016c94b000)]
  0x000000014400d400 JavaThread "Signal Dispatcher" daemon [_thread_blocked, id=42499, stack(0x000000016ca6c000,0x000000016cc6f000)]
  0x000000014400fc00 JavaThread "Service Thread" daemon [_thread_blocked, id=23043, stack(0x000000016cc78000,0x000000016ce7b000)]
  0x0000000144010200 JavaThread "Monitor Deflation Thread" daemon [_thread_blocked, id=23555, stack(0x000000016ce84000,0x000000016d087000)]
  0x0000000144010e00 JavaThread "C2 CompilerThread0" daemon [_thread_blocked, id=24067, stack(0x000000016d090000,0x000000016d293000)]
  0x0000000144011400 JavaThread "C1 CompilerThread0" daemon [_thread_blocked, id=41731, stack(0x000000016d29c000,0x000000016d49f000)]
  0x0000000144019a00 JavaThread "Sweeper thread" daemon [_thread_blocked, id=41219, stack(0x000000016d4a8000,0x000000016d6ab000)]
  0x000000014480b400 JavaThread "Common-Cleaner" daemon [_thread_blocked, id=24579, stack(0x000000016d6b4000,0x000000016d8b7000)]
  0x00000001438d2000 JavaThread "Monitor Ctrl-Break" daemon [_thread_in_native, id=40963, stack(0x000000016d8c0000,0x000000016dac3000)]
  0x00000001438d1800 JavaThread "Notification Thread" daemon [_thread_blocked, id=25347, stack(0x000000016dacc000,0x000000016dccf000)]
  0x00000001438d0a00 JavaThread "QuantumRenderer-0" daemon [_thread_blocked, id=26115, stack(0x000000016dee4000,0x000000016e0e7000)]
=>0x00000001438fd200 JavaThread "InvokeLaterDispatcher" daemon [_thread_in_native, id=30735, stack(0x000000016e0f0000,0x000000016e2f3000)]
  0x00000001439a2400 JavaThread "JavaFX Application Thread" [_thread_in_native, id=259, stack(0x000000016ae60000,0x000000016b65c000)]
  0x000000014486ec00 JavaThread "JavaFX-Launcher" [_thread_blocked, id=78363, stack(0x000000016e620000,0x000000016e823000)]
  0x00000001433bda00 JavaThread "Prism Font Disposer" daemon [_thread_blocked, id=71275, stack(0x000000016f268000,0x000000016f46b000)]
  0x00000001449d7200 JavaThread "Cleaner-0" daemon [_thread_blocked, id=48139, stack(0x000000016f474000,0x000000016f677000)]
  0x0000000143152c00 JavaThread "Attach Listener" daemon [_thread_blocked, id=78615, stack(0x000000016f680000,0x000000016f883000)]
  0x000000012503da00 JavaThread "PulseTimer-CVDisplayLink thread" daemon [_thread_in_native, id=58923, stack(0x000000016e2fc000,0x000000016e37f000)]

Other Threads:
  0x0000000124f04080 VMThread "VM Thread" [stack: 0x000000016c330000,0x000000016c533000] [id=14339]
  0x0000000142f0aa00 WatcherThread [stack: 0x000000016dcd8000,0x000000016dedb000] [id=25603]
  0x0000000142f07370 GCTaskThread "GC Thread#0" [stack: 0x000000016b8f4000,0x000000016baf7000] [id=12035]
  0x0000000142e238e0 GCTaskThread "GC Thread#1" [stack: 0x000000016e82c000,0x000000016ea2f000] [id=73731]
  0x0000000142e23b90 GCTaskThread "GC Thread#2" [stack: 0x000000016ea38000,0x000000016ec3b000] [id=73219]
  0x0000000142f3c9c0 GCTaskThread "GC Thread#3" [stack: 0x000000016ec44000,0x000000016ee47000] [id=55043]
  0x0000000142f3d060 GCTaskThread "GC Thread#4" [stack: 0x000000016ee50000,0x000000016f053000] [id=72963]
  0x0000000142f3d8d0 GCTaskThread "GC Thread#5" [stack: 0x000000016f05c000,0x000000016f25f000] [id=55811]
  0x0000000142e05720 ConcurrentGCThread "G1 Main Marker" [stack: 0x000000016bb00000,0x000000016bd03000] [id=19459]
  0x0000000142e05fa0 ConcurrentGCThread "G1 Conc#0" [stack: 0x000000016bd0c000,0x000000016bf0f000] [id=18691]
  0x0000000145006030 ConcurrentGCThread "G1 Refine#0" [stack: 0x000000016bf18000,0x000000016c11b000] [id=17923]
  0x0000000142e06810 ConcurrentGCThread "G1 Service" [stack: 0x000000016c124000,0x000000016c327000] [id=13059]

Threads with active compile tasks:

VM state: not at safepoint (normal execution)

VM Mutex/Monitor currently owned by a thread: None

Heap address: 0x0000000780000000, size: 2048 MB, Compressed Oops mode: Zero based, Oop shift amount: 3

CDS archive(s) mapped at: [0x0000000800000000-0x0000000800bd4000-0x0000000800bd4000), size 12402688, SharedBaseAddress: 0x0000000800000000, ArchiveRelocationMode: 0.
Compressed class space mapped at: 0x0000000800c00000-0x0000000840c00000, reserved size: 1073741824
Narrow klass base: 0x0000000800000000, Narrow klass shift: 0, Narrow klass range: 0x100000000

GC Precious Log:
 CPUs: 8 total, 8 available
 Memory: 8192M
 Large Page Support: Disabled
 NUMA Support: Disabled
 Compressed Oops: Enabled (Zero based)
 Heap Region Size: 1M
 Heap Min Capacity: 8M
 Heap Initial Capacity: 128M
 Heap Max Capacity: 2G
 Pre-touch: Disabled
 Parallel Workers: 8
 Concurrent Workers: 2
 Concurrent Refinement Workers: 8
 Periodic GC: Disabled

Heap:
 garbage-first heap   total 133120K, used 29728K [0x0000000780000000, 0x0000000800000000)
  region size 1024K, 28 young (28672K), 3 survivors (3072K)
 Metaspace       used 13006K, committed 13312K, reserved 1064960K
  class space    used 1722K, committed 1856K, reserved 1048576K

Heap Regions: E=young(eden), S=young(survivor), O=old, HS=humongous(starts), HC=humongous(continues), CS=collection set, F=free, OA=open archive, CA=closed archive, TAMS=top-at-mark-start (previous, next)
|   0|0x0000000780000000, 0x0000000780010000, 0x0000000780100000|  6%| O|  |TAMS 0x0000000780000000, 0x0000000780000000| Untracked 
|   1|0x0000000780100000, 0x0000000780200000, 0x0000000780200000|100%|HS|  |TAMS 0x0000000780100000, 0x0000000780100000| Complete 
|   2|0x0000000780200000, 0x0000000780300000, 0x0000000780300000|100%|HC|  |TAMS 0x0000000780200000, 0x0000000780200000| Complete 
|   3|0x0000000780300000, 0x0000000780300000, 0x0000000780400000|  0%| F|  |TAMS 0x0000000780300000, 0x0000000780300000| Untracked 
|   4|0x0000000780400000, 0x0000000780400000, 0x0000000780500000|  0%| F|  |TAMS 0x0000000780400000, 0x0000000780400000| Untracked 
|   5|0x0000000780500000, 0x0000000780500000, 0x0000000780600000|  0%| F|  |TAMS 0x0000000780500000, 0x0000000780500000| Untracked 
|   6|0x0000000780600000, 0x0000000780600000, 0x0000000780700000|  0%| F|  |TAMS 0x0000000780600000, 0x0000000780600000| Untracked 
|   7|0x0000000780700000, 0x0000000780700000, 0x0000000780800000|  0%| F|  |TAMS 0x0000000780700000, 0x0000000780700000| Untracked 
|   8|0x0000000780800000, 0x0000000780800000, 0x0000000780900000|  0%| F|  |TAMS 0x0000000780800000, 0x0000000780800000| Untracked 
|   9|0x0000000780900000, 0x0000000780900000, 0x0000000780a00000|  0%| F|  |TAMS 0x0000000780900000, 0x0000000780900000| Untracked 
|  10|0x0000000780a00000, 0x0000000780a00000, 0x0000000780b00000|  0%| F|  |TAMS 0x0000000780a00000, 0x0000000780a00000| Untracked 
|  11|0x0000000780b00000, 0x0000000780b00000, 0x0000000780c00000|  0%| F|  |TAMS 0x0000000780b00000, 0x0000000780b00000| Untracked 
|  12|0x0000000780c00000, 0x0000000780c00000, 0x0000000780d00000|  0%| F|  |TAMS 0x0000000780c00000, 0x0000000780c00000| Untracked 
|  13|0x0000000780d00000, 0x0000000780d00000, 0x0000000780e00000|  0%| F|  |TAMS 0x0000000780d00000, 0x0000000780d00000| Untracked 
|  14|0x0000000780e00000, 0x0000000780e00000, 0x0000000780f00000|  0%| F|  |TAMS 0x0000000780e00000, 0x0000000780e00000| Untracked 
|  15|0x0000000780f00000, 0x0000000780f00000, 0x0000000781000000|  0%| F|  |TAMS 0x0000000780f00000, 0x0000000780f00000| Untracked 
|  16|0x0000000781000000, 0x0000000781000000, 0x0000000781100000|  0%| F|  |TAMS 0x0000000781000000, 0x0000000781000000| Untracked 
|  17|0x0000000781100000, 0x0000000781100000, 0x0000000781200000|  0%| F|  |TAMS 0x0000000781100000, 0x0000000781100000| Untracked 
|  18|0x0000000781200000, 0x0000000781200000, 0x0000000781300000|  0%| F|  |TAMS 0x0000000781200000, 0x0000000781200000| Untracked 
|  19|0x0000000781300000, 0x0000000781300000, 0x0000000781400000|  0%| F|  |TAMS 0x0000000781300000, 0x0000000781300000| Untracked 
|  20|0x0000000781400000, 0x0000000781400000, 0x0000000781500000|  0%| F|  |TAMS 0x0000000781400000, 0x0000000781400000| Untracked 
|  21|0x0000000781500000, 0x0000000781500000, 0x0000000781600000|  0%| F|  |TAMS 0x0000000781500000, 0x0000000781500000| Untracked 
|  22|0x0000000781600000, 0x0000000781600000, 0x0000000781700000|  0%| F|  |TAMS 0x0000000781600000, 0x0000000781600000| Untracked 
|  23|0x0000000781700000, 0x0000000781700000, 0x0000000781800000|  0%| F|  |TAMS 0x0000000781700000, 0x0000000781700000| Untracked 
|  24|0x0000000781800000, 0x0000000781800000, 0x0000000781900000|  0%| F|  |TAMS 0x0000000781800000, 0x0000000781800000| Untracked 
|  25|0x0000000781900000, 0x0000000781900000, 0x0000000781a00000|  0%| F|  |TAMS 0x0000000781900000, 0x0000000781900000| Untracked 
|  26|0x0000000781a00000, 0x0000000781a00000, 0x0000000781b00000|  0%| F|  |TAMS 0x0000000781a00000, 0x0000000781a00000| Untracked 
|  27|0x0000000781b00000, 0x0000000781b00000, 0x0000000781c00000|  0%| F|  |TAMS 0x0000000781b00000, 0x0000000781b00000| Untracked 
|  28|0x0000000781c00000, 0x0000000781c00000, 0x0000000781d00000|  0%| F|  |TAMS 0x0000000781c00000, 0x0000000781c00000| Untracked 
|  29|0x0000000781d00000, 0x0000000781d00000, 0x0000000781e00000|  0%| F|  |TAMS 0x0000000781d00000, 0x0000000781d00000| Untracked 
|  30|0x0000000781e00000, 0x0000000781e00000, 0x0000000781f00000|  0%| F|  |TAMS 0x0000000781e00000, 0x0000000781e00000| Untracked 
|  31|0x0000000781f00000, 0x0000000781f00000, 0x0000000782000000|  0%| F|  |TAMS 0x0000000781f00000, 0x0000000781f00000| Untracked 
|  32|0x0000000782000000, 0x0000000782000000, 0x0000000782100000|  0%| F|  |TAMS 0x0000000782000000, 0x0000000782000000| Untracked 
|  33|0x0000000782100000, 0x0000000782100000, 0x0000000782200000|  0%| F|  |TAMS 0x0000000782100000, 0x0000000782100000| Untracked 
|  34|0x0000000782200000, 0x0000000782200000, 0x0000000782300000|  0%| F|  |TAMS 0x0000000782200000, 0x0000000782200000| Untracked 
|  35|0x0000000782300000, 0x0000000782300000, 0x0000000782400000|  0%| F|  |TAMS 0x0000000782300000, 0x0000000782300000| Untracked 
|  36|0x0000000782400000, 0x0000000782400000, 0x0000000782500000|  0%| F|  |TAMS 0x0000000782400000, 0x0000000782400000| Untracked 
|  37|0x0000000782500000, 0x0000000782500000, 0x0000000782600000|  0%| F|  |TAMS 0x0000000782500000, 0x0000000782500000| Untracked 
|  38|0x0000000782600000, 0x0000000782600000, 0x0000000782700000|  0%| F|  |TAMS 0x0000000782600000, 0x0000000782600000| Untracked 
|  39|0x0000000782700000, 0x0000000782700000, 0x0000000782800000|  0%| F|  |TAMS 0x0000000782700000, 0x0000000782700000| Untracked 
|  40|0x0000000782800000, 0x0000000782800000, 0x0000000782900000|  0%| F|  |TAMS 0x0000000782800000, 0x0000000782800000| Untracked 
|  41|0x0000000782900000, 0x0000000782900000, 0x0000000782a00000|  0%| F|  |TAMS 0x0000000782900000, 0x0000000782900000| Untracked 
|  42|0x0000000782a00000, 0x0000000782a00000, 0x0000000782b00000|  0%| F|  |TAMS 0x0000000782a00000, 0x0000000782a00000| Untracked 
|  43|0x0000000782b00000, 0x0000000782b00000, 0x0000000782c00000|  0%| F|  |TAMS 0x0000000782b00000, 0x0000000782b00000| Untracked 
|  44|0x0000000782c00000, 0x0000000782c00000, 0x0000000782d00000|  0%| F|  |TAMS 0x0000000782c00000, 0x0000000782c00000| Untracked 
|  45|0x0000000782d00000, 0x0000000782d00000, 0x0000000782e00000|  0%| F|  |TAMS 0x0000000782d00000, 0x0000000782d00000| Untracked 
|  46|0x0000000782e00000, 0x0000000782e00000, 0x0000000782f00000|  0%| F|  |TAMS 0x0000000782e00000, 0x0000000782e00000| Untracked 
|  47|0x0000000782f00000, 0x0000000782f00000, 0x0000000783000000|  0%| F|  |TAMS 0x0000000782f00000, 0x0000000782f00000| Untracked 
|  48|0x0000000783000000, 0x0000000783000000, 0x0000000783100000|  0%| F|  |TAMS 0x0000000783000000, 0x0000000783000000| Untracked 
|  49|0x0000000783100000, 0x0000000783100000, 0x0000000783200000|  0%| F|  |TAMS 0x0000000783100000, 0x0000000783100000| Untracked 
|  50|0x0000000783200000, 0x0000000783200000, 0x0000000783300000|  0%| F|  |TAMS 0x0000000783200000, 0x0000000783200000| Untracked 
|  51|0x0000000783300000, 0x0000000783300000, 0x0000000783400000|  0%| F|  |TAMS 0x0000000783300000, 0x0000000783300000| Untracked 
|  52|0x0000000783400000, 0x0000000783400000, 0x0000000783500000|  0%| F|  |TAMS 0x0000000783400000, 0x0000000783400000| Untracked 
|  53|0x0000000783500000, 0x0000000783500000, 0x0000000783600000|  0%| F|  |TAMS 0x0000000783500000, 0x0000000783500000| Untracked 
|  54|0x0000000783600000, 0x0000000783600000, 0x0000000783700000|  0%| F|  |TAMS 0x0000000783600000, 0x0000000783600000| Untracked 
|  55|0x0000000783700000, 0x0000000783700000, 0x0000000783800000|  0%| F|  |TAMS 0x0000000783700000, 0x0000000783700000| Untracked 
|  56|0x0000000783800000, 0x0000000783800000, 0x0000000783900000|  0%| F|  |TAMS 0x0000000783800000, 0x0000000783800000| Untracked 
|  57|0x0000000783900000, 0x0000000783900000, 0x0000000783a00000|  0%| F|  |TAMS 0x0000000783900000, 0x0000000783900000| Untracked 
|  58|0x0000000783a00000, 0x0000000783a00000, 0x0000000783b00000|  0%| F|  |TAMS 0x0000000783a00000, 0x0000000783a00000| Untracked 
|  59|0x0000000783b00000, 0x0000000783b00000, 0x0000000783c00000|  0%| F|  |TAMS 0x0000000783b00000, 0x0000000783b00000| Untracked 
|  60|0x0000000783c00000, 0x0000000783c00000, 0x0000000783d00000|  0%| F|  |TAMS 0x0000000783c00000, 0x0000000783c00000| Untracked 
|  61|0x0000000783d00000, 0x0000000783d00000, 0x0000000783e00000|  0%| F|  |TAMS 0x0000000783d00000, 0x0000000783d00000| Untracked 
|  62|0x0000000783e00000, 0x0000000783e00000, 0x0000000783f00000|  0%| F|  |TAMS 0x0000000783e00000, 0x0000000783e00000| Untracked 
|  63|0x0000000783f00000, 0x0000000783f00000, 0x0000000784000000|  0%| F|  |TAMS 0x0000000783f00000, 0x0000000783f00000| Untracked 
|  64|0x0000000784000000, 0x0000000784000000, 0x0000000784100000|  0%| F|  |TAMS 0x0000000784000000, 0x0000000784000000| Untracked 
|  65|0x0000000784100000, 0x0000000784100000, 0x0000000784200000|  0%| F|  |TAMS 0x0000000784100000, 0x0000000784100000| Untracked 
|  66|0x0000000784200000, 0x0000000784200000, 0x0000000784300000|  0%| F|  |TAMS 0x0000000784200000, 0x0000000784200000| Untracked 
|  67|0x0000000784300000, 0x0000000784300000, 0x0000000784400000|  0%| F|  |TAMS 0x0000000784300000, 0x0000000784300000| Untracked 
|  68|0x0000000784400000, 0x0000000784400000, 0x0000000784500000|  0%| F|  |TAMS 0x0000000784400000, 0x0000000784400000| Untracked 
|  69|0x0000000784500000, 0x0000000784500000, 0x0000000784600000|  0%| F|  |TAMS 0x0000000784500000, 0x0000000784500000| Untracked 
|  70|0x0000000784600000, 0x0000000784600000, 0x0000000784700000|  0%| F|  |TAMS 0x0000000784600000, 0x0000000784600000| Untracked 
|  71|0x0000000784700000, 0x0000000784700000, 0x0000000784800000|  0%| F|  |TAMS 0x0000000784700000, 0x0000000784700000| Untracked 
|  72|0x0000000784800000, 0x0000000784800000, 0x0000000784900000|  0%| F|  |TAMS 0x0000000784800000, 0x0000000784800000| Untracked 
|  73|0x0000000784900000, 0x0000000784900000, 0x0000000784a00000|  0%| F|  |TAMS 0x0000000784900000, 0x0000000784900000| Untracked 
|  74|0x0000000784a00000, 0x0000000784a00000, 0x0000000784b00000|  0%| F|  |TAMS 0x0000000784a00000, 0x0000000784a00000| Untracked 
|  75|0x0000000784b00000, 0x0000000784b00000, 0x0000000784c00000|  0%| F|  |TAMS 0x0000000784b00000, 0x0000000784b00000| Untracked 
|  76|0x0000000784c00000, 0x0000000784c00000, 0x0000000784d00000|  0%| F|  |TAMS 0x0000000784c00000, 0x0000000784c00000| Untracked 
|  77|0x0000000784d00000, 0x0000000784d00000, 0x0000000784e00000|  0%| F|  |TAMS 0x0000000784d00000, 0x0000000784d00000| Untracked 
|  78|0x0000000784e00000, 0x0000000784e00000, 0x0000000784f00000|  0%| F|  |TAMS 0x0000000784e00000, 0x0000000784e00000| Untracked 
|  79|0x0000000784f00000, 0x0000000784f00000, 0x0000000785000000|  0%| F|  |TAMS 0x0000000784f00000, 0x0000000784f00000| Untracked 
|  80|0x0000000785000000, 0x0000000785000000, 0x0000000785100000|  0%| F|  |TAMS 0x0000000785000000, 0x0000000785000000| Untracked 
|  81|0x0000000785100000, 0x0000000785100000, 0x0000000785200000|  0%| F|  |TAMS 0x0000000785100000, 0x0000000785100000| Untracked 
|  82|0x0000000785200000, 0x0000000785200000, 0x0000000785300000|  0%| F|  |TAMS 0x0000000785200000, 0x0000000785200000| Untracked 
|  83|0x0000000785300000, 0x0000000785300000, 0x0000000785400000|  0%| F|  |TAMS 0x0000000785300000, 0x0000000785300000| Untracked 
|  84|0x0000000785400000, 0x0000000785400000, 0x0000000785500000|  0%| F|  |TAMS 0x0000000785400000, 0x0000000785400000| Untracked 
|  85|0x0000000785500000, 0x0000000785500000, 0x0000000785600000|  0%| F|  |TAMS 0x0000000785500000, 0x0000000785500000| Untracked 
|  86|0x0000000785600000, 0x0000000785600000, 0x0000000785700000|  0%| F|  |TAMS 0x0000000785600000, 0x0000000785600000| Untracked 
|  87|0x0000000785700000, 0x0000000785700000, 0x0000000785800000|  0%| F|  |TAMS 0x0000000785700000, 0x0000000785700000| Untracked 
|  88|0x0000000785800000, 0x0000000785800000, 0x0000000785900000|  0%| F|  |TAMS 0x0000000785800000, 0x0000000785800000| Untracked 
|  89|0x0000000785900000, 0x0000000785900000, 0x0000000785a00000|  0%| F|  |TAMS 0x0000000785900000, 0x0000000785900000| Untracked 
|  90|0x0000000785a00000, 0x0000000785a00000, 0x0000000785b00000|  0%| F|  |TAMS 0x0000000785a00000, 0x0000000785a00000| Untracked 
|  91|0x0000000785b00000, 0x0000000785b00000, 0x0000000785c00000|  0%| F|  |TAMS 0x0000000785b00000, 0x0000000785b00000| Untracked 
|  92|0x0000000785c00000, 0x0000000785c00000, 0x0000000785d00000|  0%| F|  |TAMS 0x0000000785c00000, 0x0000000785c00000| Untracked 
|  93|0x0000000785d00000, 0x0000000785d00000, 0x0000000785e00000|  0%| F|  |TAMS 0x0000000785d00000, 0x0000000785d00000| Untracked 
|  94|0x0000000785e00000, 0x0000000785e00000, 0x0000000785f00000|  0%| F|  |TAMS 0x0000000785e00000, 0x0000000785e00000| Untracked 
|  95|0x0000000785f00000, 0x0000000785f00000, 0x0000000786000000|  0%| F|  |TAMS 0x0000000785f00000, 0x0000000785f00000| Untracked 
|  96|0x0000000786000000, 0x0000000786000000, 0x0000000786100000|  0%| F|  |TAMS 0x0000000786000000, 0x0000000786000000| Untracked 
|  97|0x0000000786100000, 0x0000000786100000, 0x0000000786200000|  0%| F|  |TAMS 0x0000000786100000, 0x0000000786100000| Untracked 
|  98|0x0000000786200000, 0x0000000786200000, 0x0000000786300000|  0%| F|  |TAMS 0x0000000786200000, 0x0000000786200000| Untracked 
|  99|0x0000000786300000, 0x0000000786300000, 0x0000000786400000|  0%| F|  |TAMS 0x0000000786300000, 0x0000000786300000| Untracked 
| 100|0x0000000786400000, 0x0000000786400800, 0x0000000786500000|  0%| E|  |TAMS 0x0000000786400000, 0x0000000786400000| Complete 
| 101|0x0000000786500000, 0x0000000786600000, 0x0000000786600000|100%| E|CS|TAMS 0x0000000786500000, 0x0000000786500000| Complete 
| 102|0x0000000786600000, 0x0000000786700000, 0x0000000786700000|100%| S|CS|TAMS 0x0000000786600000, 0x0000000786600000| Complete 
| 103|0x0000000786700000, 0x0000000786800000, 0x0000000786800000|100%| S|CS|TAMS 0x0000000786700000, 0x0000000786700000| Complete 
| 104|0x0000000786800000, 0x0000000786900000, 0x0000000786900000|100%| S|CS|TAMS 0x0000000786800000, 0x0000000786800000| Complete 
| 105|0x0000000786900000, 0x0000000786a00000, 0x0000000786a00000|100%| E|  |TAMS 0x0000000786900000, 0x0000000786900000| Complete 
| 106|0x0000000786a00000, 0x0000000786b00000, 0x0000000786b00000|100%| E|CS|TAMS 0x0000000786a00000, 0x0000000786a00000| Complete 
| 107|0x0000000786b00000, 0x0000000786c00000, 0x0000000786c00000|100%| E|CS|TAMS 0x0000000786b00000, 0x0000000786b00000| Complete 
| 108|0x0000000786c00000, 0x0000000786d00000, 0x0000000786d00000|100%| E|CS|TAMS 0x0000000786c00000, 0x0000000786c00000| Complete 
| 109|0x0000000786d00000, 0x0000000786e00000, 0x0000000786e00000|100%| E|CS|TAMS 0x0000000786d00000, 0x0000000786d00000| Complete 
| 110|0x0000000786e00000, 0x0000000786f00000, 0x0000000786f00000|100%| E|CS|TAMS 0x0000000786e00000, 0x0000000786e00000| Complete 
| 111|0x0000000786f00000, 0x0000000787000000, 0x0000000787000000|100%| E|CS|TAMS 0x0000000786f00000, 0x0000000786f00000| Complete 
| 112|0x0000000787000000, 0x0000000787100000, 0x0000000787100000|100%| E|CS|TAMS 0x0000000787000000, 0x0000000787000000| Complete 
| 113|0x0000000787100000, 0x0000000787200000, 0x0000000787200000|100%| E|CS|TAMS 0x0000000787100000, 0x0000000787100000| Complete 
| 114|0x0000000787200000, 0x0000000787300000, 0x0000000787300000|100%| E|CS|TAMS 0x0000000787200000, 0x0000000787200000| Complete 
| 115|0x0000000787300000, 0x0000000787400000, 0x0000000787400000|100%| E|CS|TAMS 0x0000000787300000, 0x0000000787300000| Complete 
| 116|0x0000000787400000, 0x0000000787500000, 0x0000000787500000|100%| E|CS|TAMS 0x0000000787400000, 0x0000000787400000| Complete 
| 117|0x0000000787500000, 0x0000000787600000, 0x0000000787600000|100%| E|CS|TAMS 0x0000000787500000, 0x0000000787500000| Complete 
| 118|0x0000000787600000, 0x0000000787700000, 0x0000000787700000|100%| E|CS|TAMS 0x0000000787600000, 0x0000000787600000| Complete 
| 119|0x0000000787700000, 0x0000000787800000, 0x0000000787800000|100%| E|CS|TAMS 0x0000000787700000, 0x0000000787700000| Complete 
| 120|0x0000000787800000, 0x0000000787900000, 0x0000000787900000|100%| E|CS|TAMS 0x0000000787800000, 0x0000000787800000| Complete 
| 121|0x0000000787900000, 0x0000000787a00000, 0x0000000787a00000|100%| E|CS|TAMS 0x0000000787900000, 0x0000000787900000| Complete 
| 122|0x0000000787a00000, 0x0000000787b00000, 0x0000000787b00000|100%| E|CS|TAMS 0x0000000787a00000, 0x0000000787a00000| Complete 
| 123|0x0000000787b00000, 0x0000000787c00000, 0x0000000787c00000|100%| E|CS|TAMS 0x0000000787b00000, 0x0000000787b00000| Complete 
| 124|0x0000000787c00000, 0x0000000787d00000, 0x0000000787d00000|100%| E|CS|TAMS 0x0000000787c00000, 0x0000000787c00000| Complete 
| 125|0x0000000787d00000, 0x0000000787e00000, 0x0000000787e00000|100%| E|CS|TAMS 0x0000000787d00000, 0x0000000787d00000| Complete 
| 126|0x0000000787e00000, 0x0000000787f00000, 0x0000000787f00000|100%| E|CS|TAMS 0x0000000787e00000, 0x0000000787e00000| Complete 
| 127|0x0000000787f00000, 0x0000000788000000, 0x0000000788000000|100%| E|CS|TAMS 0x0000000787f00000, 0x0000000787f00000| Complete 
|2046|0x00000007ffe00000, 0x00000007ffe78000, 0x00000007fff00000| 46%|OA|  |TAMS 0x00000007ffe00000, 0x00000007ffe00000| Untracked 
|2047|0x00000007fff00000, 0x00000007fff80000, 0x0000000800000000| 50%|CA|  |TAMS 0x00000007fff00000, 0x00000007fff00000| Untracked 

Card table byte_map: [0x00000001050ac000,0x00000001054ac000] _byte_map_base: 0x00000001014ac000

Marking Bits (Prev, Next): (CMBitMap*) 0x000000014300d010, (CMBitMap*) 0x000000014300d050
 Prev Bits: [0x000000011d418000, 0x000000011f418000)
 Next Bits: [0x000000011f418000, 0x0000000121418000)

Polling page: 0x00000001049d4000

Metaspace:

Usage:
  Non-class:     11.02 MB used.
      Class:      1.68 MB used.
       Both:     12.70 MB used.

Virtual space:
  Non-class space:       16.00 MB reserved,      11.19 MB ( 70%) committed,  2 nodes.
      Class space:        1.00 GB reserved,       1.81 MB ( <1%) committed,  1 nodes.
             Both:        1.02 GB reserved,      13.00 MB (  1%) committed. 

Chunk freelists:
   Non-Class:  880.00 KB
       Class:  2.17 MB
        Both:  3.03 MB

MaxMetaspaceSize: unlimited
CompressedClassSpaceSize: 1.00 GB
Initial GC threshold: 21.00 MB
Current GC threshold: 21.00 MB
CDS: on
MetaspaceReclaimPolicy: balanced
 - commit_granule_bytes: 65536.
 - commit_granule_words: 8192.
 - virtual_space_node_default_size: 1048576.
 - enlarge_chunks_in_place: 1.
 - new_chunks_are_fully_committed: 0.
 - uncommit_free_chunks: 1.
 - use_allocation_guard: 0.
 - handle_deallocations: 1.


Internal statistics:

num_allocs_failed_limit: 0.
num_arena_births: 180.
num_arena_deaths: 0.
num_vsnodes_births: 3.
num_vsnodes_deaths: 0.
num_space_committed: 208.
num_space_uncommitted: 0.
num_chunks_returned_to_freelist: 0.
num_chunks_taken_from_freelist: 572.
num_chunk_merges: 0.
num_chunk_splits: 401.
num_chunks_enlarged: 307.
num_purges: 0.
num_inconsistent_stats: 0.

CodeHeap 'non-profiled nmethods': size=120032Kb used=811Kb max_used=811Kb free=119220Kb
 bounds [0x0000000115ee0000, 0x0000000116150000, 0x000000011d418000]
CodeHeap 'profiled nmethods': size=120016Kb used=3969Kb max_used=3969Kb free=116046Kb
 bounds [0x000000010e9ac000, 0x000000010ed9c000, 0x0000000115ee0000]
CodeHeap 'non-nmethods': size=5712Kb used=1355Kb max_used=1464Kb free=4356Kb
 bounds [0x000000010e418000, 0x000000010e688000, 0x000000010e9ac000]
 total_blobs=2900 nmethods=2155 adapters=661
 compilation: enabled
              stopped_count=0, restarted_count=0
 full_count=0

Compilation events (20 events):
Event: 5.748 Thread 0x0000000144011400 nmethod 2194 0x000000010ed88f90 code [0x000000010ed89140, 0x000000010ed892a8]
Event: 5.748 Thread 0x0000000144011400 2193       3       com.sun.javafx.tk.Toolkit::checkFxUserThread (27 bytes)
Event: 5.749 Thread 0x0000000144011400 nmethod 2193 0x000000010ed89390 code [0x000000010ed89580, 0x000000010ed899c8]
Event: 5.751 Thread 0x0000000144011400 2195       3       com.sun.javafx.geom.transform.Identity::getDegree (4 bytes)
Event: 5.751 Thread 0x0000000144011400 nmethod 2195 0x000000010ed89b90 code [0x000000010ed89d40, 0x000000010ed89e68]
Event: 5.751 Thread 0x0000000144011400 2196       3       java.lang.Math::signum (23 bytes)
Event: 5.751 Thread 0x0000000144011400 nmethod 2196 0x000000010ed89f10 code [0x000000010ed8a100, 0x000000010ed8a428]
Event: 5.751 Thread 0x0000000144011400 2197       3       java.lang.Math::copySign (19 bytes)
Event: 5.751 Thread 0x0000000144011400 nmethod 2197 0x000000010ed8a510 code [0x000000010ed8a6c0, 0x000000010ed8a828]
Event: 5.751 Thread 0x0000000144011400 2198       3       com.sun.prism.impl.ManagedResource::isValid (20 bytes)
Event: 5.752 Thread 0x0000000144011400 nmethod 2198 0x000000010ed8a890 code [0x000000010ed8aa40, 0x000000010ed8ac28]
Event: 5.753 Thread 0x0000000144011400 2199       1       com.sun.javafx.stage.WindowEventDispatcher::getLastDispatcher (5 bytes)
Event: 5.754 Thread 0x0000000144011400 nmethod 2199 0x0000000115faa110 code [0x0000000115faa280, 0x0000000115faa368]
Event: 5.754 Thread 0x0000000144011400 2200       1       com.sun.javafx.scene.SceneEventDispatcher::getLastDispatcher (5 bytes)
Event: 5.754 Thread 0x0000000144011400 nmethod 2200 0x0000000115faa410 code [0x0000000115faa580, 0x0000000115faa668]
Event: 5.761 Thread 0x0000000144011400 2201       3       javafx.scene.Node::isPickOnBounds (19 bytes)
Event: 5.762 Thread 0x0000000144011400 nmethod 2201 0x000000010ed8ad10 code [0x000000010ed8aec0, 0x000000010ed8b298]
Event: 5.763 Thread 0x0000000144011400 2202       1       javafx.scene.layout.Background::getImages (5 bytes)
Event: 5.763 Thread 0x0000000144011400 nmethod 2202 0x0000000115faa710 code [0x0000000115faa880, 0x0000000115faa968]
Event: 5.764 Thread 0x0000000144011400 2203       3       java.util.concurrent.locks.ReentrantLock$NonfairSync::initialTryLock (58 bytes)

GC Heap History (2 events):
Event: 0.413 GC heap before
{Heap before GC invocations=0 (full 0):
 garbage-first heap   total 133120K, used 23520K [0x0000000780000000, 0x0000000800000000)
  region size 1024K, 23 young (23552K), 0 survivors (0K)
 Metaspace       used 7827K, committed 8000K, reserved 1056768K
  class space    used 994K, committed 1088K, reserved 1048576K
}
Event: 0.415 GC heap after
{Heap after GC invocations=1 (full 0):
 garbage-first heap   total 133120K, used 4128K [0x0000000780000000, 0x0000000800000000)
  region size 1024K, 3 young (3072K), 3 survivors (3072K)
 Metaspace       used 7827K, committed 8000K, reserved 1056768K
  class space    used 994K, committed 1088K, reserved 1048576K
}

Deoptimization events (20 events):
Event: 0.731 Thread 0x00000001438d0a00 DEOPT PACKING pc=0x000000010ecae5b8 sp=0x000000016e0e54c0
Event: 0.731 Thread 0x00000001438d0a00 DEOPT UNPACKING pc=0x000000010e456b7c sp=0x000000016e0e5120 mode 0
Event: 0.731 Thread 0x00000001438d0a00 DEOPT PACKING pc=0x000000010ecae5b8 sp=0x000000016e0e54c0
Event: 0.731 Thread 0x00000001438d0a00 DEOPT UNPACKING pc=0x000000010e456b7c sp=0x000000016e0e5120 mode 0
Event: 0.731 Thread 0x00000001438d0a00 DEOPT PACKING pc=0x000000010ecae5b8 sp=0x000000016e0e54c0
Event: 0.731 Thread 0x00000001438d0a00 DEOPT UNPACKING pc=0x000000010e456b7c sp=0x000000016e0e5120 mode 0
Event: 0.731 Thread 0x00000001438d0a00 DEOPT PACKING pc=0x000000010ecae5b8 sp=0x000000016e0e54c0
Event: 0.731 Thread 0x00000001438d0a00 DEOPT UNPACKING pc=0x000000010e456b7c sp=0x000000016e0e5120 mode 0
Event: 0.732 Thread 0x00000001438d0a00 DEOPT PACKING pc=0x000000010ecae4cc sp=0x000000016e0e54c0
Event: 0.732 Thread 0x00000001438d0a00 DEOPT UNPACKING pc=0x000000010e456b7c sp=0x000000016e0e5120 mode 0
Event: 0.732 Thread 0x00000001438d0a00 DEOPT PACKING pc=0x000000010ecae5b8 sp=0x000000016e0e54c0
Event: 0.732 Thread 0x00000001438d0a00 DEOPT UNPACKING pc=0x000000010e456b7c sp=0x000000016e0e5120 mode 0
Event: 0.733 Thread 0x00000001438d0a00 DEOPT PACKING pc=0x000000010ecae5b8 sp=0x000000016e0e54c0
Event: 0.733 Thread 0x00000001438d0a00 DEOPT UNPACKING pc=0x000000010e456b7c sp=0x000000016e0e5120 mode 0
Event: 0.733 Thread 0x00000001438d0a00 DEOPT PACKING pc=0x000000010ecae5b8 sp=0x000000016e0e54c0
Event: 0.733 Thread 0x00000001438d0a00 DEOPT UNPACKING pc=0x000000010e456b7c sp=0x000000016e0e5120 mode 0
Event: 3.684 Thread 0x00000001438d0a00 DEOPT PACKING pc=0x000000010ecd2794 sp=0x000000016e0e56e0
Event: 3.684 Thread 0x00000001438d0a00 DEOPT UNPACKING pc=0x000000010e456b7c sp=0x000000016e0e52e0 mode 0
Event: 3.686 Thread 0x00000001438d0a00 DEOPT PACKING pc=0x000000010ecb7ed4 sp=0x000000016e0e5800
Event: 3.686 Thread 0x00000001438d0a00 DEOPT UNPACKING pc=0x000000010e456b7c sp=0x000000016e0e5420 mode 0

Classes unloaded (0 events):
No events

Classes redefined (0 events):
No events

Internal exceptions (20 events):
Event: 0.088 Thread 0x0000000143809a00 Exception <a 'java/lang/NoSuchMethodError'{0x0000000787867e68}: 'void java.lang.invoke.DirectMethodHandle$Holder.invokeStatic(java.lang.Object, java.lang.Object, java.lang.Object)'> (0x0000000787867e68) 
thrown [src/hotspot/share/interpreter/linkResolver.cpp, line 766]
Event: 0.193 Thread 0x0000000143809a00 Exception <a 'java/lang/NoSuchMethodError'{0x00000007877fd9e0}: 'int java.lang.invoke.DirectMethodHandle$Holder.invokeStaticInit(java.lang.Object, java.lang.Object, java.lang.Object)'> (0x00000007877fd9e0) 
thrown [src/hotspot/share/interpreter/linkResolver.cpp, line 766]
Event: 0.324 Thread 0x00000001439a2400 Exception <a 'java/lang/NoSuchMethodError'{0x00000007873a7be8}: 'void java.lang.invoke.DirectMethodHandle$Holder.invokeStaticInit(java.lang.Object)'> (0x00000007873a7be8) 
thrown [src/hotspot/share/interpreter/linkResolver.cpp, line 766]
Event: 0.325 Thread 0x0000000143809a00 Exception <a 'java/lang/NoSuchMethodError'{0x00000007876bafd0}: 'java.lang.Object java.lang.invoke.DirectMethodHandle$Holder.newInvokeSpecial(java.lang.Object, java.lang.Object, java.lang.Object, java.lang.Object, java.lang.Object, java.lang.Object)'> (0x00000007876bafd0) 
thrown [src/hotspot/share/interpreter/linkResolver.cpp, line 766]
Event: 0.335 Thread 0x0000000143809a00 Exception <a 'java/lang/NoSuchMethodError'{0x00000007876ec028}: 'java.lang.Object java.lang.invoke.DirectMethodHandle$Holder.newInvokeSpecial(java.lang.Object, java.lang.Object, java.lang.Object, java.lang.Object, java.lang.Object)'> (0x00000007876ec028) 
thrown [src/hotspot/share/interpreter/linkResolver.cpp, line 766]
Event: 0.335 Thread 0x000000014486ec00 Exception <a 'java/lang/NoSuchMethodError'{0x00000007872eff70}: 'void java.lang.invoke.DirectMethodHandle$Holder.invokeStatic(java.lang.Object, java.lang.Object, java.lang.Object, java.lang.Object)'> (0x00000007872eff70) 
thrown [src/hotspot/share/interpreter/linkResolver.cpp, line 766]
Event: 0.354 Thread 0x00000001439a2400 Exception <a 'sun/nio/fs/UnixException'{0x00000007870ef4c0}> (0x00000007870ef4c0) 
thrown [src/hotspot/share/prims/jni.cpp, line 516]
Event: 0.376 Thread 0x00000001439a2400 Exception <a 'java/lang/NoSuchMethodError'{0x0000000786dc9250}: 'java.lang.Object java.lang.invoke.DirectMethodHandle$Holder.invokeStaticInit(java.lang.Object, java.lang.Object, java.lang.Object, java.lang.Object)'> (0x0000000786dc9250) 
thrown [src/hotspot/share/interpreter/linkResolver.cpp, line 766]
Event: 0.377 Thread 0x00000001439a2400 Exception <a 'java/lang/NullPointerException'{0x0000000786dd4f58}> (0x0000000786dd4f58) 
thrown [src/hotspot/share/interpreter/linkResolver.cpp, line 1357]
Event: 0.388 Thread 0x00000001439a2400 Exception <a 'java/lang/NoSuchMethodError'{0x0000000786b9dec0}: 'java.lang.Object java.lang.invoke.DirectMethodHandle$Holder.invokeSpecial(java.lang.Object, java.lang.Object, java.lang.Object, int, java.lang.Object)'> (0x0000000786b9dec0) 
thrown [src/hotspot/share/interpreter/linkResolver.cpp, line 766]
Event: 0.435 Thread 0x00000001439a2400 Exception <a 'java/lang/NoSuchMethodError'{0x0000000787ce3030}: 'void java.lang.invoke.DirectMethodHandle$Holder.invokeStaticInit(java.lang.Object, java.lang.Object)'> (0x0000000787ce3030) 
thrown [src/hotspot/share/interpreter/linkResolver.cpp, line 766]
Event: 0.467 Thread 0x00000001439a2400 Exception <a 'sun/nio/fs/UnixException'{0x00000007877858d8}> (0x00000007877858d8) 
thrown [src/hotspot/share/prims/jni.cpp, line 516]
Event: 0.474 Thread 0x00000001439a2400 Implicit null exception at 0x0000000115f1f078 to 0x0000000115f1f108
Event: 0.479 Thread 0x00000001439a2400 Implicit null exception at 0x0000000115f29b54 to 0x0000000115f29eac
Event: 0.479 Thread 0x00000001439a2400 Implicit null exception at 0x0000000115f263d4 to 0x0000000115f26728
Event: 0.607 Thread 0x00000001439a2400 Exception <a 'java/lang/NoSuchMethodError'{0x000000078716dad0}: 'void java.lang.invoke.DirectMethodHandle$Holder.invokeSpecial(java.lang.Object, java.lang.Object, java.lang.Object, java.lang.Object, java.lang.Object)'> (0x000000078716dad0) 
thrown [src/hotspot/share/interpreter/linkResolver.cpp, line 766]
Event: 0.608 Thread 0x00000001439a2400 Exception <a 'java/lang/NoSuchMethodError'{0x000000078717e0a0}: 'java.lang.Object java.lang.invoke.DirectMethodHandle$Holder.invokeInterface(java.lang.Object, java.lang.Object, java.lang.Object)'> (0x000000078717e0a0) 
thrown [src/hotspot/share/interpreter/linkResolver.cpp, line 766]
Event: 0.608 Thread 0x00000001439a2400 Exception <a 'java/lang/IncompatibleClassChangeError'{0x0000000787181f60}: Found class java.lang.Object, but interface was expected> (0x0000000787181f60) 
thrown [src/hotspot/share/interpreter/linkResolver.cpp, line 833]
Event: 0.644 Thread 0x00000001439a2400 Exception <a 'java/lang/NoSuchMethodError'{0x0000000786fdce60}: 'java.lang.Object java.lang.invoke.DirectMethodHandle$Holder.newInvokeSpecial(java.lang.Object, java.lang.Object, int)'> (0x0000000786fdce60) 
thrown [src/hotspot/share/interpreter/linkResolver.cpp, line 766]
Event: 0.683 Thread 0x00000001438d0a00 Exception <a 'java/lang/NoSuchMethodError'{0x0000000786d4e4c0}: 'int java.lang.invoke.DirectMethodHandle$Holder.invokeStaticInit(java.lang.Object, java.lang.Object)'> (0x0000000786d4e4c0) 
thrown [src/hotspot/share/interpreter/linkResolver.cpp, line 766]

VM Operations (20 events):
Event: 0.060 Executing VM operation: HandshakeAllThreads
Event: 0.060 Executing VM operation: HandshakeAllThreads done
Event: 0.411 Executing VM operation: HandshakeAllThreads
Event: 0.411 Executing VM operation: HandshakeAllThreads done
Event: 0.413 Executing VM operation: G1CollectForAllocation
Event: 0.415 Executing VM operation: G1CollectForAllocation done
Event: 0.453 Executing VM operation: ICBufferFull
Event: 0.453 Executing VM operation: ICBufferFull done
Event: 0.601 Executing VM operation: HandshakeAllThreads
Event: 0.601 Executing VM operation: HandshakeAllThreads done
Event: 0.617 Executing VM operation: ICBufferFull
Event: 0.617 Executing VM operation: ICBufferFull done
Event: 0.686 Executing VM operation: ICBufferFull
Event: 0.686 Executing VM operation: ICBufferFull done
Event: 2.044 Executing VM operation: Cleanup
Event: 2.044 Executing VM operation: Cleanup done
Event: 4.050 Executing VM operation: Cleanup
Event: 4.051 Executing VM operation: Cleanup done
Event: 5.056 Executing VM operation: Cleanup
Event: 5.056 Executing VM operation: Cleanup done

Events (20 events):
Event: 1.155 loading class sun/util/resources/TimeZoneNames
Event: 1.156 loading class sun/util/resources/TimeZoneNames done
Event: 1.156 loading class sun/util/resources/TimeZoneNames_en
Event: 1.156 loading class sun/util/resources/TimeZoneNames_en done
Event: 3.661 loading class java/util/EnumMap$Values
Event: 3.661 loading class java/util/EnumMap$Values done
Event: 3.661 loading class java/util/EnumMap$ValueIterator
Event: 3.661 loading class java/util/EnumMap$EnumMapIterator
Event: 3.661 loading class java/util/EnumMap$EnumMapIterator done
Event: 3.661 loading class java/util/EnumMap$ValueIterator done
Event: 3.679 Protecting memory [0x000000016e2fc000,0x000000016e308000] with protection modes 0
Event: 3.679 Thread 0x0000000143ced800 Thread added: 0x0000000143ced800
Event: 4.713 Protecting memory [0x000000016e2fc000,0x000000016e308000] with protection modes 3
Event: 4.713 Thread 0x0000000143ced800 Thread exited: 0x0000000143ced800
Event: 4.728 Protecting memory [0x000000016e2fc000,0x000000016e308000] with protection modes 0
Event: 4.729 Thread 0x000000014354a400 Thread added: 0x000000014354a400
Event: 5.146 Protecting memory [0x000000016e2fc000,0x000000016e308000] with protection modes 3
Event: 5.146 Thread 0x000000014354a400 Thread exited: 0x000000014354a400
Event: 5.746 Protecting memory [0x000000016e2fc000,0x000000016e308000] with protection modes 0
Event: 5.746 Thread 0x000000012503da00 Thread added: 0x000000012503da00


Dynamic libraries:
0x0000000104984000 	/Library/Java/JavaVirtualMachines/amazon-corretto-17.jdk/Contents/Home/lib/libjli.dylib
0x000000019bfc2000 	/usr/lib/libz.1.dylib
0x000000019c072000 	/usr/lib/libSystem.B.dylib
0x000000019c06c000 	/usr/lib/system/libcache.dylib
0x000000019c02a000 	/usr/lib/system/libcommonCrypto.dylib
0x000000019c053000 	/usr/lib/system/libcompiler_rt.dylib
0x000000019c04a000 	/usr/lib/system/libcopyfile.dylib
0x0000000191376000 	/usr/lib/system/libcorecrypto.dylib
0x000000019141b000 	/usr/lib/system/libdispatch.dylib
0x00000001915e3000 	/usr/lib/system/libdyld.dylib
0x000000019c062000 	/usr/lib/system/libkeymgr.dylib
0x000000019c00c000 	/usr/lib/system/libmacho.dylib
0x000000019b718000 	/usr/lib/system/libquarantine.dylib
0x000000019c05f000 	/usr/lib/system/libremovefile.dylib
0x0000000196765000 	/usr/lib/system/libsystem_asl.dylib
0x0000000191320000 	/usr/lib/system/libsystem_blocks.dylib
0x00000001914a1000 	/usr/lib/system/libsystem_c.dylib
0x000000019c057000 	/usr/lib/system/libsystem_collections.dylib
0x000000019ab75000 	/usr/lib/system/libsystem_configuration.dylib
0x0000000199dfb000 	/usr/lib/system/libsystem_containermanager.dylib
0x000000019bd76000 	/usr/lib/system/libsystem_coreservices.dylib
0x0000000193d08000 	/usr/lib/system/libsystem_darwin.dylib
0x000000019c063000 	/usr/lib/system/libsystem_dnssd.dylib
0x000000019149e000 	/usr/lib/system/libsystem_featureflags.dylib
0x00000001915f8000 	/usr/lib/system/libsystem_info.dylib
0x000000019bfd4000 	/usr/lib/system/libsystem_m.dylib
0x00000001913f0000 	/usr/lib/system/libsystem_malloc.dylib
0x00000001966f6000 	/usr/lib/system/libsystem_networkextension.dylib
0x000000019415b000 	/usr/lib/system/libsystem_notify.dylib
0x00000001a223f000 	/usr/lib/system/libsystem_product_info_filter.dylib
0x000000019ab7a000 	/usr/lib/system/libsystem_sandbox.dylib
0x000000019c05c000 	/usr/lib/system/libsystem_secinit.dylib
0x00000001915a0000 	/usr/lib/system/libsystem_kernel.dylib
0x00000001915f0000 	/usr/lib/system/libsystem_platform.dylib
0x00000001915d6000 	/usr/lib/system/libsystem_pthread.dylib
0x0000000197e9b000 	/usr/lib/system/libsystem_symptoms.dylib
0x000000019135c000 	/usr/lib/system/libsystem_trace.dylib
0x000000019c037000 	/usr/lib/system/libunwind.dylib
0x0000000191322000 	/usr/lib/system/libxpc.dylib
0x0000000191586000 	/usr/lib/libc++abi.dylib
0x0000000191462000 	/usr/lib/libobjc.A.dylib
0x000000019c042000 	/usr/lib/liboah.dylib
0x0000000191522000 	/usr/lib/libc++.1.dylib
0x00000001a7c1c000 	/System/Library/Frameworks/Cocoa.framework/Versions/A/Cocoa
0x00000001941ba000 	/System/Library/Frameworks/AppKit.framework/Versions/C/AppKit
0x00000001976dc000 	/System/Library/Frameworks/CoreData.framework/Versions/A/CoreData
0x000000019251b000 	/System/Library/Frameworks/Foundation.framework/Versions/C/Foundation
0x000000019506c000 	/System/Library/PrivateFrameworks/UIFoundation.framework/Versions/A/UIFoundation
0x00000001a1f39000 	/System/Library/PrivateFrameworks/RemoteViewServices.framework/Versions/A/RemoteViewServices
0x000000019a534000 	/System/Library/PrivateFrameworks/XCTTargetBootstrap.framework/Versions/A/XCTTargetBootstrap
0x000000019dd74000 	/System/Library/PrivateFrameworks/InternationalSupport.framework/Versions/A/InternationalSupport
0x000000019ddfd000 	/System/Library/PrivateFrameworks/UserActivity.framework/Versions/A/UserActivity
0x000000019d29f000 	/usr/lib/libspindump.dylib
0x00000001952dc000 	/System/Library/Frameworks/UniformTypeIdentifiers.framework/Versions/A/UniformTypeIdentifiers
0x0000000198ac2000 	/usr/lib/libapp_launch_measurement.dylib
0x000000019803f000 	/System/Library/PrivateFrameworks/CoreAnalytics.framework/Versions/A/CoreAnalytics
0x0000000198ac5000 	/System/Library/PrivateFrameworks/CoreAutoLayout.framework/Versions/A/CoreAutoLayout
0x0000000199e38000 	/System/Library/Frameworks/Metal.framework/Versions/A/Metal
0x000000019ab85000 	/usr/lib/liblangid.dylib
0x000000019a538000 	/System/Library/PrivateFrameworks/CoreSVG.framework/Versions/A/CoreSVG
0x0000000196799000 	/System/Library/PrivateFrameworks/SkyLight.framework/Versions/A/SkyLight
0x0000000196b61000 	/System/Library/Frameworks/CoreGraphics.framework/Versions/A/CoreGraphics
0x00000001a25b2000 	/System/Library/Frameworks/Accelerate.framework/Versions/A/Accelerate
0x000000019cd14000 	/System/Library/PrivateFrameworks/IconServices.framework/Versions/A/IconServices
0x0000000199e1a000 	/System/Library/Frameworks/IOSurface.framework/Versions/A/IOSurface
0x000000019806f000 	/usr/lib/libDiagnosticMessagesClient.dylib
0x00000001a59ea000 	/System/Library/Frameworks/ApplicationServices.framework/Versions/A/ApplicationServices
0x000000019a51c000 	/System/Library/PrivateFrameworks/DFRFoundation.framework/Versions/A/DFRFoundation
0x0000000193a5d000 	/usr/lib/libicucore.A.dylib
0x000000019eb71000 	/System/Library/Frameworks/AudioToolbox.framework/Versions/A/AudioToolbox
0x000000019dd80000 	/System/Library/PrivateFrameworks/DataDetectorsCore.framework/Versions/A/DataDetectorsCore
0x00000001b3d9c000 	/System/Library/PrivateFrameworks/TextInput.framework/Versions/A/TextInput
0x0000000196710000 	/usr/lib/libMobileGestalt.dylib
0x000000019a1ec000 	/System/Library/Frameworks/Carbon.framework/Versions/A/Frameworks/HIToolbox.framework/Versions/A/HIToolbox
0x00000001984cc000 	/System/Library/Frameworks/QuartzCore.framework/Versions/A/QuartzCore
0x00000001936da000 	/System/Library/Frameworks/Security.framework/Versions/A/Security
0x00000001a1f79000 	/System/Library/Frameworks/Carbon.framework/Versions/A/Frameworks/SpeechRecognition.framework/Versions/A/SpeechRecognition
0x0000000198819000 	/System/Library/PrivateFrameworks/CoreUI.framework/Versions/A/CoreUI
0x0000000192fad000 	/System/Library/Frameworks/CoreAudio.framework/Versions/A/CoreAudio
0x000000019815f000 	/System/Library/Frameworks/DiskArbitration.framework/Versions/A/DiskArbitration
0x000000019d687000 	/System/Library/PrivateFrameworks/MultitouchSupport.framework/Versions/A/MultitouchSupport
0x000000019670e000 	/usr/lib/libenergytrace.dylib
0x0000000194086000 	/System/Library/Frameworks/IOKit.framework/Versions/A/IOKit
0x00000001a2360000 	/System/Library/Frameworks/CoreServices.framework/Versions/A/CoreServices
0x0000000198a52000 	/System/Library/PrivateFrameworks/PerformanceAnalysis.framework/Versions/A/PerformanceAnalysis
0x00000001f25c1000 	/System/Library/Frameworks/OpenGL.framework/Versions/A/OpenGL
0x000000019b638000 	/System/Library/PrivateFrameworks/MobileKeyBag.framework/Versions/A/MobileKeyBag
0x0000000197171000 	/System/Library/Frameworks/ColorSync.framework/Versions/A/ColorSync
0x0000000191624000 	/System/Library/Frameworks/CoreFoundation.framework/Versions/A/CoreFoundation
0x000000019a7b9000 	/System/Library/Frameworks/CoreImage.framework/Versions/A/CoreImage
0x0000000192dd0000 	/System/Library/Frameworks/CoreText.framework/Versions/A/CoreText
0x000000019a568000 	/System/Library/Frameworks/ImageIO.framework/Versions/A/ImageIO
0x000000019c078000 	/System/Library/PrivateFrameworks/SoftLinking.framework/Versions/A/SoftLinking
0x0000000198b0f000 	/usr/lib/libxml2.2.dylib
0x000000019c310000 	/usr/lib/libcompression.dylib
0x000000019dccd000 	/System/Library/PrivateFrameworks/TextureIO.framework/Versions/A/TextureIO
0x000000019ca2e000 	/usr/lib/libate.dylib
0x000000019c8f6000 	/usr/lib/liblzma.5.dylib
0x000000019220c000 	/System/Library/Frameworks/SystemConfiguration.framework/Versions/A/SystemConfiguration
0x000000019c074000 	/usr/lib/libfakelink.dylib
0x000000019623e000 	/System/Library/Frameworks/CFNetwork.framework/Versions/A/CFNetwork
0x000000019c1bb000 	/usr/lib/libarchive.2.dylib
0x000000019ab81000 	/System/Library/PrivateFrameworks/AppleSystemInfo.framework/Versions/A/AppleSystemInfo
0x000000019b742000 	/usr/lib/libbsm.0.dylib
0x000000019577b000 	/usr/lib/libnetwork.dylib
0x000000019c012000 	/usr/lib/system/libkxld.dylib
0x000000019b35a000 	/System/Library/PrivateFrameworks/IOMobileFramebuffer.framework/Versions/A/IOMobileFramebuffer
0x000000020deec000 	/usr/lib/libCoreEntitlements.dylib
0x000000019bd58000 	/System/Library/PrivateFrameworks/AppleFSCompression.framework/Versions/A/AppleFSCompression
0x000000019b72b000 	/usr/lib/libcoretls.dylib
0x000000019c90f000 	/usr/lib/libcoretls_cfhelpers.dylib
0x000000019c30b000 	/usr/lib/libpam.2.dylib
0x0000000197ac3000 	/usr/lib/libsqlite3.dylib
0x000000019c977000 	/usr/lib/libxar.1.dylib
0x000000019bd69000 	/usr/lib/libbz2.1.0.dylib
0x000000019c079000 	/usr/lib/libpcap.A.dylib
0x0000000197e92000 	/usr/lib/libdns_services.dylib
0x000000019c2de000 	/usr/lib/libapple_nghttp2.dylib
0x000000019c0b6000 	/usr/lib/libiconv.2.dylib
0x000000019c00b000 	/usr/lib/libcharset.1.dylib
0x0000000198a8e000 	/System/Library/Frameworks/CoreServices.framework/Versions/A/Frameworks/FSEvents.framework/Versions/A/FSEvents
0x0000000193d13000 	/System/Library/Frameworks/CoreServices.framework/Versions/A/Frameworks/CarbonCore.framework/Versions/A/CarbonCore
0x00000001980c2000 	/System/Library/Frameworks/CoreServices.framework/Versions/A/Frameworks/Metadata.framework/Versions/A/Metadata
0x000000019bd7c000 	/System/Library/Frameworks/CoreServices.framework/Versions/A/Frameworks/OSServices.framework/Versions/A/OSServices
0x000000019c240000 	/System/Library/Frameworks/CoreServices.framework/Versions/A/Frameworks/SearchKit.framework/Versions/A/SearchKit
0x0000000197e20000 	/System/Library/Frameworks/CoreServices.framework/Versions/A/Frameworks/AE.framework/Versions/A/AE
0x0000000191b68000 	/System/Library/Frameworks/CoreServices.framework/Versions/A/Frameworks/LaunchServices.framework/Versions/A/LaunchServices
0x000000019c89f000 	/System/Library/Frameworks/CoreServices.framework/Versions/A/Frameworks/DictionaryServices.framework/Versions/A/DictionaryServices
0x0000000198a9b000 	/System/Library/Frameworks/CoreServices.framework/Versions/A/Frameworks/SharedFileList.framework/Versions/A/SharedFileList
0x000000019b71b000 	/usr/lib/libCheckFix.dylib
0x000000019677d000 	/System/Library/PrivateFrameworks/TCC.framework/Versions/A/TCC
0x000000019ab87000 	/System/Library/PrivateFrameworks/CoreNLP.framework/Versions/A/CoreNLP
0x0000000198072000 	/System/Library/PrivateFrameworks/MetadataUtilities.framework/Versions/A/MetadataUtilities
0x00000001922c5000 	/usr/lib/libmecabra.dylib
0x000000019b753000 	/usr/lib/libmecab.dylib
0x0000000192291000 	/usr/lib/libCRFSuite.dylib
0x000000019b7b1000 	/usr/lib/libgermantok.dylib
0x000000019c2b7000 	/usr/lib/libThaiTokenizer.dylib
0x0000000198167000 	/System/Library/Frameworks/Accelerate.framework/Versions/A/Frameworks/vImage.framework/Versions/A/vImage
0x00000001a2337000 	/System/Library/Frameworks/Accelerate.framework/Versions/A/Frameworks/vecLib.framework/Versions/A/vecLib
0x000000019c9bb000 	/System/Library/Frameworks/Accelerate.framework/Versions/A/Frameworks/vecLib.framework/Versions/A/libvMisc.dylib
0x000000019b264000 	/System/Library/Frameworks/Accelerate.framework/Versions/A/Frameworks/vecLib.framework/Versions/A/libvDSP.dylib
0x0000000191eeb000 	/System/Library/Frameworks/Accelerate.framework/Versions/A/Frameworks/vecLib.framework/Versions/A/libBLAS.dylib
0x000000019c3df000 	/System/Library/Frameworks/Accelerate.framework/Versions/A/Frameworks/vecLib.framework/Versions/A/libLAPACK.dylib
0x000000019b7b4000 	/System/Library/Frameworks/Accelerate.framework/Versions/A/Frameworks/vecLib.framework/Versions/A/libLinearAlgebra.dylib
0x000000019c2f6000 	/System/Library/Frameworks/Accelerate.framework/Versions/A/Frameworks/vecLib.framework/Versions/A/libSparseBLAS.dylib
0x000000019c3da000 	/System/Library/Frameworks/Accelerate.framework/Versions/A/Frameworks/vecLib.framework/Versions/A/libQuadrature.dylib
0x000000019ac7e000 	/System/Library/Frameworks/Accelerate.framework/Versions/A/Frameworks/vecLib.framework/Versions/A/libBNNS.dylib
0x00000001921a9000 	/System/Library/Frameworks/Accelerate.framework/Versions/A/Frameworks/vecLib.framework/Versions/A/libSparse.dylib
0x000000019ac76000 	/System/Library/PrivateFrameworks/LinguisticData.framework/Versions/A/LinguisticData
0x000000019215f000 	/System/Library/PrivateFrameworks/Lexicon.framework/Versions/A/Lexicon
0x000000019c9b3000 	/usr/lib/libChineseTokenizer.dylib
0x0000000192909000 	/System/Library/PrivateFrameworks/LanguageModeling.framework/Versions/A/LanguageModeling
0x000000019c2b9000 	/System/Library/PrivateFrameworks/AppleSauce.framework/Versions/A/AppleSauce
0x000000019b347000 	/System/Library/PrivateFrameworks/CoreEmoji.framework/Versions/A/CoreEmoji
0x000000019c1a9000 	/usr/lib/libcmph.dylib
0x0000000198a6e000 	/System/Library/Frameworks/OpenDirectory.framework/Versions/A/Frameworks/CFOpenDirectory.framework/Versions/A/CFOpenDirectory
0x0000000198a5e000 	/System/Library/Frameworks/OpenDirectory.framework/Versions/A/OpenDirectory
0x000000019c911000 	/System/Library/PrivateFrameworks/APFS.framework/Versions/A/APFS
0x000000019b673000 	/System/Library/Frameworks/SecurityFoundation.framework/Versions/A/SecurityFoundation
0x000000019c985000 	/usr/lib/libutil.dylib
0x0000000194048000 	/System/Library/PrivateFrameworks/CoreServicesStore.framework/Versions/A/CoreServicesStore
0x000000019c989000 	/usr/lib/libxslt.1.dylib
0x000000019b707000 	/System/Library/PrivateFrameworks/BackgroundTaskManagement.framework/Versions/A/BackgroundTaskManagement
0x000000019dbee000 	/System/Library/Frameworks/ImageIO.framework/Versions/A/Resources/libRadiance.dylib
0x000000019dbf7000 	/System/Library/Frameworks/ImageIO.framework/Versions/A/Resources/libJPEG.dylib
0x000000019db49000 	/System/Library/Frameworks/ImageIO.framework/Versions/A/Resources/libPng.dylib
0x000000019db6b000 	/System/Library/Frameworks/ImageIO.framework/Versions/A/Resources/libTIFF.dylib
0x000000019dc52000 	/System/Library/Frameworks/ImageIO.framework/Versions/A/Resources/libGIF.dylib
0x000000019d597000 	/System/Library/Frameworks/ImageIO.framework/Versions/A/Resources/libJP2.dylib
0x000000019ccda000 	/usr/lib/libexpat.1.dylib
0x000000019d552000 	/System/Library/PrivateFrameworks/AppleJPEG.framework/Versions/A/AppleJPEG
0x000000019a0ab000 	/System/Library/PrivateFrameworks/FontServices.framework/libFontParser.dylib
0x0000000197dc5000 	/System/Library/PrivateFrameworks/RunningBoardServices.framework/Versions/A/RunningBoardServices
0x00000001a8287000 	/System/Library/PrivateFrameworks/IOSurfaceAccelerator.framework/Versions/A/IOSurfaceAccelerator
0x000000019d683000 	/System/Library/PrivateFrameworks/WatchdogClient.framework/Versions/A/WatchdogClient
0x0000000192a0d000 	/System/Library/Frameworks/CoreDisplay.framework/Versions/A/CoreDisplay
0x0000000199f9a000 	/System/Library/Frameworks/CoreMedia.framework/Versions/A/CoreMedia
0x0000000199e2e000 	/System/Library/PrivateFrameworks/IOAccelerator.framework/Versions/A/IOAccelerator
0x0000000198bfc000 	/System/Library/Frameworks/CoreVideo.framework/Versions/A/CoreVideo
0x000000019c309000 	/System/Library/Frameworks/MetalPerformanceShaders.framework/Versions/A/MetalPerformanceShaders
0x000000019d6c0000 	/System/Library/Frameworks/VideoToolbox.framework/Versions/A/VideoToolbox
0x0000000197d09000 	/System/Library/PrivateFrameworks/BaseBoard.framework/Versions/A/BaseBoard
0x0000000197aa8000 	/System/Library/PrivateFrameworks/ProtocolBuffer.framework/Versions/A/ProtocolBuffer
0x000000019dbe9000 	/System/Library/PrivateFrameworks/GPUWrangler.framework/Versions/A/GPUWrangler
0x000000019dbc8000 	/System/Library/PrivateFrameworks/IOPresentment.framework/Versions/A/IOPresentment
0x000000019dbf1000 	/System/Library/PrivateFrameworks/DSExternalDisplay.framework/Versions/A/DSExternalDisplay
0x00000001f25b4000 	/System/Library/Frameworks/OpenGL.framework/Versions/A/Libraries/libCoreFSCache.dylib
0x00000001fbcce000 	/System/Library/PrivateFrameworks/GPUCompiler.framework/Versions/31001/Libraries/libGPUCompilerUtils.dylib
0x000000019dc57000 	/System/Library/PrivateFrameworks/CMCaptureCore.framework/Versions/A/CMCaptureCore
0x000000019d28d000 	/System/Library/PrivateFrameworks/AppServerSupport.framework/Versions/A/AppServerSupport
0x000000019f42c000 	/System/Library/PrivateFrameworks/perfdata.framework/Versions/A/perfdata
0x0000000192b2d000 	/System/Library/PrivateFrameworks/AudioToolboxCore.framework/Versions/A/AudioToolboxCore
0x0000000199f72000 	/System/Library/PrivateFrameworks/caulk.framework/Versions/A/caulk
0x000000019ed21000 	/usr/lib/libAudioStatistics.dylib
0x00000001b053a000 	/System/Library/PrivateFrameworks/SystemPolicy.framework/Versions/A/SystemPolicy
0x000000019ef81000 	/usr/lib/libSMC.dylib
0x00000001a7afe000 	/System/Library/Frameworks/CoreMIDI.framework/Versions/A/CoreMIDI
0x000000019db17000 	/usr/lib/libAudioToolboxUtility.dylib
0x00000001ac9e0000 	/System/Library/PrivateFrameworks/OSAServicesClient.framework/Versions/A/OSAServicesClient
0x000000019f439000 	/usr/lib/libperfcheck.dylib
0x00000001b103d000 	/usr/lib/libmis.dylib
0x00000001f2615000 	/System/Library/Frameworks/OpenGL.framework/Versions/A/Libraries/libGLU.dylib
0x00000001f25d4000 	/System/Library/Frameworks/OpenGL.framework/Versions/A/Libraries/libGFXShared.dylib
0x00000001f27be000 	/System/Library/Frameworks/OpenGL.framework/Versions/A/Libraries/libGL.dylib
0x00000001f25dd000 	/System/Library/Frameworks/OpenGL.framework/Versions/A/Libraries/libGLImage.dylib
0x00000001f25d1000 	/System/Library/Frameworks/OpenGL.framework/Versions/A/Libraries/libCVMSPluginSupport.dylib
0x00000001f25bb000 	/System/Library/Frameworks/OpenGL.framework/Versions/A/Libraries/libCoreVMClient.dylib
0x000000019ab03000 	/System/Library/Frameworks/MetalPerformanceShaders.framework/Versions/A/Frameworks/MPSCore.framework/Versions/A/MPSCore
0x000000019bccb000 	/System/Library/Frameworks/MetalPerformanceShaders.framework/Versions/A/Frameworks/MPSImage.framework/Versions/A/MPSImage
0x000000019b7c9000 	/System/Library/Frameworks/MetalPerformanceShaders.framework/Versions/A/Frameworks/MPSNeuralNetwork.framework/Versions/A/MPSNeuralNetwork
0x000000019bc06000 	/System/Library/Frameworks/MetalPerformanceShaders.framework/Versions/A/Frameworks/MPSMatrix.framework/Versions/A/MPSMatrix
0x000000019b9e1000 	/System/Library/Frameworks/MetalPerformanceShaders.framework/Versions/A/Frameworks/MPSRayIntersector.framework/Versions/A/MPSRayIntersector
0x000000019bc37000 	/System/Library/Frameworks/MetalPerformanceShaders.framework/Versions/A/Frameworks/MPSNDArray.framework/Versions/A/MPSNDArray
0x00000001f42d0000 	/System/Library/Frameworks/MetalPerformanceShaders.framework/Versions/A/Frameworks/MPSFunctions.framework/Versions/A/MPSFunctions
0x0000000191dc9000 	/System/Library/PrivateFrameworks/MetalTools.framework/Versions/A/MetalTools
0x000000019ab7f000 	/System/Library/PrivateFrameworks/AggregateDictionary.framework/Versions/A/AggregateDictionary
0x000000019cac0000 	/usr/lib/libIOReport.dylib
0x00000001a6aec000 	/System/Library/PrivateFrameworks/ASEProcessing.framework/Versions/A/ASEProcessing
0x000000019ce32000 	/System/Library/PrivateFrameworks/FaceCore.framework/Versions/A/FaceCore
0x000000019ce24000 	/System/Library/PrivateFrameworks/GraphVisualizer.framework/Versions/A/GraphVisualizer
0x00000001fbbe5000 	/System/Library/PrivateFrameworks/FontServices.framework/Versions/A/FontServices
0x000000019d247000 	/System/Library/PrivateFrameworks/OTSVG.framework/Versions/A/OTSVG
0x00000001987ca000 	/System/Library/Frameworks/ApplicationServices.framework/Versions/A/Frameworks/ATS.framework/Versions/A/Resources/libFontRegistry.dylib
0x000000019d296000 	/System/Library/PrivateFrameworks/FontServices.framework/libhvf.dylib
0x00000001fbbe6000 	/System/Library/PrivateFrameworks/FontServices.framework/libXTFontStaticRegistryData.dylib
0x00000001f2960000 	/System/Library/Frameworks/OpenCL.framework/Versions/A/OpenCL
0x000000019cc8e000 	/System/Library/PrivateFrameworks/AppleVA.framework/Versions/A/AppleVA
0x000000019ed49000 	/System/Library/Frameworks/ApplicationServices.framework/Versions/A/Frameworks/ATS.framework/Versions/A/ATS
0x000000019726e000 	/System/Library/Frameworks/ApplicationServices.framework/Versions/A/Frameworks/HIServices.framework/Versions/A/HIServices
0x000000019dc61000 	/System/Library/Frameworks/ApplicationServices.framework/Versions/A/Frameworks/PrintCore.framework/Versions/A/PrintCore
0x000000019f0d4000 	/System/Library/Frameworks/ApplicationServices.framework/Versions/A/Frameworks/QD.framework/Versions/A/QD
0x000000019f0cc000 	/System/Library/Frameworks/ApplicationServices.framework/Versions/A/Frameworks/ColorSyncLegacy.framework/Versions/A/ColorSyncLegacy
0x000000019ed35000 	/System/Library/Frameworks/ApplicationServices.framework/Versions/A/Frameworks/SpeechSynthesis.framework/Versions/A/SpeechSynthesis
0x000000019dc22000 	/System/Library/Frameworks/ApplicationServices.framework/Versions/A/Frameworks/ATSUI.framework/Versions/A/ATSUI
0x000000019f061000 	/usr/lib/libcups.2.dylib
0x000000019f447000 	/System/Library/Frameworks/Kerberos.framework/Versions/A/Kerberos
0x000000019f458000 	/System/Library/Frameworks/GSS.framework/Versions/A/GSS
0x000000019edb8000 	/usr/lib/libresolv.9.dylib
0x000000019d2a4000 	/System/Library/PrivateFrameworks/Heimdal.framework/Versions/A/Heimdal
0x00000001a5d60000 	/System/Library/Frameworks/Kerberos.framework/Versions/A/Libraries/libHeimdalProxy.dylib
0x0000000197ea4000 	/System/Library/Frameworks/Network.framework/Versions/A/Network
0x000000019ccf5000 	/usr/lib/libheimdal-asn1.dylib
0x000000019f49e000 	/System/Library/PrivateFrameworks/CommonAuth.framework/Versions/A/CommonAuth
0x000000019ecaf000 	/System/Library/PrivateFrameworks/AudioSession.framework/Versions/A/AudioSession
0x000000019cd86000 	/System/Library/PrivateFrameworks/MediaExperience.framework/Versions/A/MediaExperience
0x000000019eb37000 	/System/Library/PrivateFrameworks/AudioSession.framework/libSessionUtility.dylib
0x000000019f0e0000 	/System/Library/PrivateFrameworks/AudioResourceArbitration.framework/Versions/A/AudioResourceArbitration
0x000000019ccfe000 	/System/Library/PrivateFrameworks/IconFoundation.framework/Versions/A/IconFoundation
0x00000001a1f65000 	/System/Library/PrivateFrameworks/SpeechRecognitionCore.framework/Versions/A/SpeechRecognitionCore
0x00000001059c4000 	/Library/Java/JavaVirtualMachines/amazon-corretto-17.jdk/Contents/Home/lib/server/libjvm.dylib
0x00000001049e8000 	/Library/Java/JavaVirtualMachines/amazon-corretto-17.jdk/Contents/Home/lib/libjimage.dylib
0x0000000104a14000 	/Library/Java/JavaVirtualMachines/amazon-corretto-17.jdk/Contents/Home/lib/libinstrument.dylib
0x0000000104a60000 	/Library/Java/JavaVirtualMachines/amazon-corretto-17.jdk/Contents/Home/lib/libjava.dylib
0x0000000105914000 	/Library/Java/JavaVirtualMachines/amazon-corretto-17.jdk/Contents/Home/lib/libnio.dylib
0x0000000105934000 	/Library/Java/JavaVirtualMachines/amazon-corretto-17.jdk/Contents/Home/lib/libnet.dylib
0x0000000104a48000 	/Library/Java/JavaVirtualMachines/amazon-corretto-17.jdk/Contents/Home/lib/libzip.dylib
0x0000000105958000 	/Users/raihanromzi/.openjfx/cache/17-ea/libprism_es2.dylib
0x000000019400b000 	/System/Library/PrivateFrameworks/CoreServicesInternal.framework/Versions/A/CoreServicesInternal
0x00000001f27c8000 	/System/Library/Frameworks/OpenGL.framework/Versions/A/Resources/GLEngine.bundle/GLEngine
0x00000001f264f000 	/System/Library/Frameworks/OpenGL.framework/Versions/A/Libraries/libGLProgrammability.dylib
0x00000001215cc000 	/System/Library/Extensions/AppleMetalOpenGLRenderer.bundle/Contents/MacOS/AppleMetalOpenGLRenderer
0x00000001f2937000 	/System/Library/Frameworks/OpenGL.framework/Versions/A/Resources/GLRendererFloat.bundle/GLRendererFloat
0x00000001f29d8000 	/System/Library/Extensions/AGXMetal13_3.bundle/Contents/MacOS/AGXMetal13_3
0x00000001b1059000 	/System/Library/PrivateFrameworks/GPURawCounter.framework/Versions/A/GPURawCounter
0x00000001abb2e000 	/System/Library/PrivateFrameworks/IOGPU.framework/Versions/A/IOGPU
0x00000001216c8000 	/Users/raihanromzi/.openjfx/cache/17-ea/libglass.dylib
0x00000001a3405000 	/System/Library/Frameworks/FileProvider.framework/Versions/A/FileProvider
0x0000000197c71000 	/System/Library/Frameworks/Accounts.framework/Versions/A/Accounts
0x00000001a3585000 	/System/Library/PrivateFrameworks/GenerationalStorage.framework/Versions/A/GenerationalStorage
0x00000001a4135000 	/System/Library/PrivateFrameworks/CoreSymbolication.framework/Versions/A/CoreSymbolication
0x00000001a31a5000 	/System/Library/PrivateFrameworks/SymptomDiagnosticReporter.framework/Versions/A/SymptomDiagnosticReporter
0x00000001952f0000 	/System/Library/PrivateFrameworks/DesktopServicesPriv.framework/Versions/A/DesktopServicesPriv
0x000000019416a000 	/usr/lib/libsandbox.1.dylib
0x0000000198c88000 	/System/Library/PrivateFrameworks/UserManagement.framework/Versions/A/UserManagement
0x00000001a40f6000 	/System/Library/PrivateFrameworks/DebugSymbols.framework/Versions/A/DebugSymbols
0x000000019f0bf000 	/System/Library/PrivateFrameworks/NetAuth.framework/Versions/A/NetAuth
0x000000019ffbd000 	/System/Library/PrivateFrameworks/Sharing.framework/Versions/A/Sharing
0x0000000198c58000 	/System/Library/PrivateFrameworks/login.framework/Versions/A/Frameworks/loginsupport.framework/Versions/A/loginsupport
0x00000001a52a6000 	/System/Library/PrivateFrameworks/Apple80211.framework/Versions/A/Apple80211
0x000000019bdaf000 	/System/Library/PrivateFrameworks/AuthKit.framework/Versions/A/AuthKit
0x000000019b446000 	/System/Library/PrivateFrameworks/CoreUtils.framework/Versions/A/CoreUtils
0x000000019b366000 	/System/Library/Frameworks/CoreWLAN.framework/Versions/A/CoreWLAN
0x00000001a0126000 	/System/Library/Frameworks/IOBluetooth.framework/Versions/A/IOBluetooth
0x00000001a5306000 	/System/Library/PrivateFrameworks/CoreWiFi.framework/Versions/A/CoreWiFi
0x00000001a3cdd000 	/System/Library/PrivateFrameworks/FrontBoardServices.framework/Versions/A/FrontBoardServices
0x00000001a3d75000 	/System/Library/PrivateFrameworks/BoardServices.framework/Versions/A/BoardServices
0x000000019b661000 	/System/Library/PrivateFrameworks/AssertionServices.framework/Versions/A/AssertionServices
0x00000001a5474000 	/System/Library/PrivateFrameworks/BackBoardServices.framework/Versions/A/BackBoardServices
0x000000019f531000 	/System/Library/PrivateFrameworks/CorePhoneNumbers.framework/Versions/A/CorePhoneNumbers
0x00000001a32d5000 	/System/Library/PrivateFrameworks/DiskManagement.framework/Versions/A/DiskManagement
0x00000001a31d8000 	/System/Library/PrivateFrameworks/AppleIDAuthSupport.framework/Versions/A/AppleIDAuthSupport
0x00000001f6569000 	/System/Library/PrivateFrameworks/AAAFoundation.framework/Versions/A/AAAFoundation
0x000000019f510000 	/System/Library/PrivateFrameworks/KeychainCircle.framework/Versions/A/KeychainCircle
0x00000001a32a1000 	/System/Library/PrivateFrameworks/MediaKit.framework/Versions/A/MediaKit
0x00000001a31e5000 	/System/Library/Frameworks/DiscRecording.framework/Versions/A/DiscRecording
0x000000019cc0a000 	/usr/lib/libCoreStorage.dylib
0x00000001a576e000 	/usr/lib/libcsfde.dylib
0x00000001a01fb000 	/System/Library/PrivateFrameworks/ProtectedCloudStorage.framework/Versions/A/ProtectedCloudStorage
0x00000001a5766000 	/System/Library/PrivateFrameworks/EFILogin.framework/Versions/A/EFILogin
0x00000001a35ac000 	/System/Library/PrivateFrameworks/OctagonTrust.framework/Versions/A/OctagonTrust
0x00000001fae50000 	/System/Library/PrivateFrameworks/CoreUtilsExtras.framework/Versions/A/CoreUtilsExtras
0x00000001a3117000 	/System/Library/Frameworks/CoreBluetooth.framework/Versions/A/CoreBluetooth
0x00000001a5de5000 	/System/Library/Frameworks/AudioUnit.framework/Versions/A/AudioUnit
0x000000019cc02000 	/usr/lib/libMatch.1.dylib
0x00000001b52c0000 	/System/Library/Frameworks/Accelerate.framework/Versions/A/Frameworks/vImage.framework/Versions/A/Libraries/libCGInterfaces.dylib
0x0000000122dd0000 	/usr/lib/libobjc-trampolines.dylib
0x000000020e066000 	/usr/lib/libRosetta.dylib
0x0000000198956000 	/System/Library/PrivateFrameworks/ViewBridge.framework/Versions/A/ViewBridge
0x000000019cac9000 	/System/Library/PrivateFrameworks/CrashReporterSupport.framework/Versions/A/CrashReporterSupport
0x00000001bcbcf000 	/System/Library/PrivateFrameworks/OSAnalytics.framework/Versions/A/OSAnalytics
0x00000001c7d1e000 	/System/Library/PrivateFrameworks/Symbolication.framework/Versions/A/Symbolication
0x00000001b101a000 	/System/Library/PrivateFrameworks/MallocStackLogging.framework/Versions/A/MallocStackLogging
0x00000001456bc000 	/Users/raihanromzi/.openjfx/cache/17-ea/libjavafx_font.dylib
0x000000019d352000 	/System/Library/PrivateFrameworks/login.framework/Versions/A/login


VM Arguments:
jvm_args: -javaagent:/Applications/IntelliJ IDEA CE.app/Contents/lib/idea_rt.jar=52147:/Applications/IntelliJ IDEA CE.app/Contents/bin -Dfile.encoding=UTF-8 --module-path=/Users/raihanromzi/.m2/repository/org/openjfx/javafx-controls/17-ea+11/javafx-controls-17-ea+11-mac-aarch64.jar:/Users/raihanromzi/.m2/repository/org/openjfx/javafx-graphics/17-ea+11/javafx-graphics-17-ea+11-mac-aarch64.jar:/Users/raihanromzi/Documents/Programming/javaFX-Project-1/target/classes:/Users/raihanromzi/.m2/repository/org/openjfx/javafx-base/17-ea+11/javafx-base-17-ea+11-mac-aarch64.jar:/Users/raihanromzi/.m2/repository/org/openjfx/javafx-fxml/17-ea+11/javafx-fxml-17-ea+11-mac-aarch64.jar -Djdk.module.main=com.javafxproject 
java_command: com.javafxproject/com.javafxproject.HelloApplication
java_class_path (initial): /Users/raihanromzi/.m2/repository/org/openjfx/javafx-controls/17-ea+11/javafx-controls-17-ea+11.jar:/Users/raihanromzi/.m2/repository/org/openjfx/javafx-graphics/17-ea+11/javafx-graphics-17-ea+11.jar:/Users/raihanromzi/.m2/repository/org/openjfx/javafx-base/17-ea+11/javafx-base-17-ea+11.jar:/Users/raihanromzi/.m2/repository/org/openjfx/javafx-fxml/17-ea+11/javafx-fxml-17-ea+11.jar
Launcher Type: SUN_STANDARD

[Global flags]
     intx CICompilerCount                          = 4                                         {product} {ergonomic}
     uint ConcGCThreads                            = 2                                         {product} {ergonomic}
     uint G1ConcRefinementThreads                  = 8                                         {product} {ergonomic}
   size_t G1HeapRegionSize                         = 1048576                                   {product} {ergonomic}
    uintx GCDrainStackTargetSize                   = 64                                        {product} {ergonomic}
   size_t InitialHeapSize                          = 134217728                                 {product} {ergonomic}
   size_t MarkStackSize                            = 4194304                                   {product} {ergonomic}
   size_t MaxHeapSize                              = 2147483648                                {product} {ergonomic}
   size_t MaxNewSize                               = 1287651328                                {product} {ergonomic}
   size_t MinHeapDeltaBytes                        = 1048576                                   {product} {ergonomic}
   size_t MinHeapSize                              = 8388608                                   {product} {ergonomic}
    uintx NonNMethodCodeHeapSize                   = 5839564                                {pd product} {ergonomic}
    uintx NonProfiledCodeHeapSize                  = 122909338                              {pd product} {ergonomic}
    uintx ProfiledCodeHeapSize                     = 122909338                              {pd product} {ergonomic}
    uintx ReservedCodeCacheSize                    = 251658240                              {pd product} {ergonomic}
     bool SegmentedCodeCache                       = true                                      {product} {ergonomic}
   size_t SoftMaxHeapSize                          = 2147483648                             {manageable} {ergonomic}
     bool UseCompressedClassPointers               = true                           {product lp64_product} {ergonomic}
     bool UseCompressedOops                        = true                           {product lp64_product} {ergonomic}
     bool UseG1GC                                  = true                                      {product} {ergonomic}
     bool UseNUMA                                  = false                                     {product} {ergonomic}
     bool UseNUMAInterleaving                      = false                                     {product} {ergonomic}

Logging:
Log output configuration:
 #0: stdout all=warning uptime,level,tags
 #1: stderr all=off uptime,level,tags

Environment Variables:
PATH=/Library/Frameworks/Python.framework/Versions/3.9/bin:/opt/homebrew/bin:/opt/homebrew/sbin:/usr/local/bin:/usr/bin:/bin:/usr/sbin:/sbin:/Library/Apple/usr/bin
SHELL=/bin/zsh
LC_CTYPE=en_US.UTF-8

Signal Handlers:
   SIGSEGV: _ZL13crash_handleriP9__siginfoPv in libjvm.dylib, mask=11100110000111110111111111111111, flags=SA_RESTART|SA_SIGINFO
    SIGBUS: _ZL13crash_handleriP9__siginfoPv in libjvm.dylib, mask=11100110000111110111111111111111, flags=SA_RESTART|SA_SIGINFO
    SIGFPE: _ZL13crash_handleriP9__siginfoPv in libjvm.dylib, mask=11100110000111110111111111111111, flags=SA_RESTART|SA_SIGINFO
   SIGPIPE: _ZL17javaSignalHandleriP9__siginfoPv in libjvm.dylib, mask=11100110000111110111111111111111, flags=SA_RESTART|SA_SIGINFO
   SIGXFSZ: _ZL17javaSignalHandleriP9__siginfoPv in libjvm.dylib, mask=11100110000111110111111111111111, flags=SA_RESTART|SA_SIGINFO
    SIGILL: _ZL13crash_handleriP9__siginfoPv in libjvm.dylib, mask=11100110000111110111111111111111, flags=SA_RESTART|SA_SIGINFO
   SIGUSR2: _ZL10SR_handleriP9__siginfoP17__darwin_ucontext in libjvm.dylib, mask=00100000000000000000000000000000, flags=SA_RESTART|SA_SIGINFO
    SIGHUP: _ZL11UserHandleriPvS_ in libjvm.dylib, mask=11100110000111110111111111111111, flags=SA_RESTART|SA_SIGINFO
    SIGINT: _ZL11UserHandleriPvS_ in libjvm.dylib, mask=11100110000111110111111111111111, flags=SA_RESTART|SA_SIGINFO
   SIGTERM: _ZL11UserHandleriPvS_ in libjvm.dylib, mask=11100110000111110111111111111111, flags=SA_RESTART|SA_SIGINFO
   SIGQUIT: _ZL11UserHandleriPvS_ in libjvm.dylib, mask=11100110000111110111111111111111, flags=SA_RESTART|SA_SIGINFO
   SIGTRAP: _ZL13crash_handleriP9__siginfoPv in libjvm.dylib, mask=11100110000111110111111111111111, flags=SA_RESTART|SA_SIGINFO


---------------  S Y S T E M  ---------------

OS:
uname: Darwin 21.1.0 Darwin Kernel Version 21.1.0: Wed Oct 13 17:33:24 PDT 2021; root:xnu-8019.41.5~1/RELEASE_ARM64_T8101 arm64
OS uptime: 7 days 16:08 hours
rlimit (soft/hard): STACK 8176k/65520k , CORE 0k/infinity , NPROC 1333/2000 , NOFILE 10240/infinity , AS infinity/infinity , CPU infinity/infinity , DATA infinity/infinity , FSIZE infinity/infinity , MEMLOCK infinity/infinity , RSS infinity/infinity
load average: 1.89 1.67 1.88

CPU: total 8 (initial active 8) 0x61:0x0:0x1b588bb3:0, fp, simd, crc, lse

Memory: 16k page, physical 8388608k(69696k free), swap 4194304k(974848k free)

vm_info: OpenJDK 64-Bit Server VM (17.0.1+12-LTS) for bsd-aarch64 JRE (17.0.1+12-LTS), built on Oct 20 2021 15:30:38 by "jenkins" with clang Apple LLVM 13.0.0 (clang-1300.0.29.3)

END.
