#
# A fatal error has been detected by the Java Runtime Environment:
#
#  SIGBUS (0xa) at pc=0x00000001300014f0, pid=58506, tid=34575
#
# JRE version: OpenJDK Runtime Environment Corretto-17.0.1.12.1 (17.0.1+12) (build 17.0.1+12-LTS)
# Java VM: OpenJDK 64-Bit Server VM Corretto-17.0.1.12.1 (17.0.1+12-LTS, mixed mode, sharing, tiered, compressed oops, compressed class ptrs, g1 gc, bsd-aarch64)
# Problematic frame:
# v  ~StubRoutines::SafeFetchN
#
# No core dump will be written. Core dumps have been disabled. To enable core dumping, try "ulimit -c unlimited" before starting Java again
#
# If you would like to submit a bug report, please visit:
#   https://github.com/corretto/corretto-17/issues/
# The crash happened outside the Java Virtual Machine in native code.
# See problematic frame for where to report the bug.
#

---------------  S U M M A R Y ------------

Command Line: -javaagent:/Applications/IntelliJ IDEA CE.app/Contents/lib/idea_rt.jar=52144:/Applications/IntelliJ IDEA CE.app/Contents/bin -Dfile.encoding=UTF-8 --module-path=/Users/raihanromzi/.m2/repository/org/openjfx/javafx-controls/17-ea+11/javafx-controls-17-ea+11-mac-aarch64.jar:/Users/raihanromzi/.m2/repository/org/openjfx/javafx-graphics/17-ea+11/javafx-graphics-17-ea+11-mac-aarch64.jar:/Users/raihanromzi/Documents/Programming/javaFX-Project-1/target/classes:/Users/raihanromzi/.m2/repository/org/openjfx/javafx-base/17-ea+11/javafx-base-17-ea+11-mac-aarch64.jar:/Users/raihanromzi/.m2/repository/org/openjfx/javafx-fxml/17-ea+11/javafx-fxml-17-ea+11-mac-aarch64.jar -Djdk.module.main=com.javafxproject com.javafxproject/com.javafxproject.HelloApplication

Host: "MacBookAir10,1" arm64 1 MHz, 8 cores, 8G, Darwin 21.1.0, macOS 12.0.1 (21A559)
Time: Sun Nov  7 07:28:45 2021 WIB elapsed time: 2.756661 seconds (0d 0h 0m 2s)

---------------  T H R E A D  ---------------

Current thread (0x000000012307e600):  JavaThread "InvokeLaterDispatcher" daemon [_thread_in_native, id=34575, stack(0x00000001726f0000,0x00000001728f3000)]

Stack: [0x00000001726f0000,0x00000001728f3000],  sp=0x00000001728f2790,  free space=2057k
Native frames: (J=compiled Java code, j=interpreted, Vv=VM code, C=native code)
v  ~StubRoutines::SafeFetchN
V  [libjvm.dylib+0x7ae3e0]  _ZN10OopStorage7releaseEPKP7oopDesc+0x20
V  [libjvm.dylib+0x4c6480]  jni_DeleteGlobalRef+0xd8
C  [libglass.dylib+0xa880]  -[GlassRunnable dealloc]+0x34
C  [Foundation+0x85e0c]  -[_NSThreadPerformInfo dealloc]+0x30
C  [Foundation+0x525e8]  -[NSObject(NSThreadPerformAdditions) performSelectorOnMainThread:withObject:waitUntilDone:]+0x88
C  0x151f0001300098ac
j  com.sun.glass.ui.mac.MacApplication.submitForLaterInvocation(Ljava/lang/Runnable;)V+2 javafx.graphics
j  com.sun.glass.ui.InvokeLaterDispatcher.run()V+82 javafx.graphics
v  ~StubRoutines::call_stub
V  [libjvm.dylib+0x46b5dc]  _ZN9JavaCalls11call_helperEP9JavaValueRK12methodHandleP17JavaCallArgumentsP10JavaThread+0x390
V  [libjvm.dylib+0x46a648]  _ZN9JavaCalls12call_virtualEP9JavaValueP5KlassP6SymbolS5_P17JavaCallArgumentsP10JavaThread+0xf8
V  [libjvm.dylib+0x46a710]  _ZN9JavaCalls12call_virtualEP9JavaValue6HandleP5KlassP6SymbolS6_P10JavaThread+0x64
V  [libjvm.dylib+0x51f494]  _ZL12thread_entryP10JavaThreadS0_+0xc4
V  [libjvm.dylib+0x98f4e4]  _ZN10JavaThread17thread_main_innerEv+0x138
V  [libjvm.dylib+0x98dbc0]  _ZN6Thread8call_runEv+0x128
V  [libjvm.dylib+0x7b5330]  _ZL19thread_native_entryP6Thread+0x158
C  [libsystem_pthread.dylib+0x74ec]  _pthread_start+0x94

Java frames: (J=compiled Java code, j=interpreted, Vv=VM code)
j  com.sun.glass.ui.mac.MacApplication._submitForLaterInvocation(Ljava/lang/Runnable;)V+0 javafx.graphics
j  com.sun.glass.ui.mac.MacApplication.submitForLaterInvocation(Ljava/lang/Runnable;)V+2 javafx.graphics
j  com.sun.glass.ui.InvokeLaterDispatcher.run()V+82 javafx.graphics
v  ~StubRoutines::call_stub

siginfo: si_signo: 10 (SIGBUS), si_code: 1 (BUS_ADRALN), si_addr: 0x00000001300014f0

Register to memory mapping:

 x0=0x0000000122606208 is a global jni handle
 x1=0x0 is NULL
 x2=0x0000000786f008d8 is an oop: com.sun.glass.ui.InvokeLaterDispatcher$Future 
{0x0000000786f008d8} - klass: 'com/sun/glass/ui/InvokeLaterDispatcher$Future'
 - ---- fields (total size 3 words):
 - private 'done' 'Z' @12  true
 - private final 'runnable' 'Ljava/lang/Runnable;' @16  a 'com/sun/javafx/application/PlatformImpl$$Lambda$92+0x0000000800c81d88'{0x000000078690a450} (f0d2148a)
 - final synthetic 'this$0' 'Lcom/sun/glass/ui/InvokeLaterDispatcher;' @20  a 'com/sun/glass/ui/InvokeLaterDispatcher'{0x0000000786815708} (f0d02ae1)
 x3=0x0 is NULL
 x4=0x00000000000130a8 is an unknown value
 x5=0x0 is NULL
 x6=0x0 is NULL
 x7=0x0 is NULL
 x8=0x00000001300014ec is at begin+0 in a stub
StubRoutines::SafeFetchN [0x00000001300014ec, 0x00000001300014f8] (12 bytes)
 x9=0x0 is NULL
x10=0x2010000030300000 is an unknown value
x11=0x0000000000000007 is an unknown value
x12=0x0 is NULL
x13=0x00006000015c00f0 points into unknown readable memory: 0x0000000000000000 | 00 00 00 00 00 00 00 00
x14=0x0000000000000001 is an unknown value
x15=0x0000000110c45f98: OBJC_CLASS_$_GlassRunnable+0 in /Users/raihanromzi/.openjfx/cache/17-ea/libglass.dylib at 0x0000000110c00000
x16=0x00000001915d8340: pthread_getspecific+0 in /usr/lib/system/libsystem_pthread.dylib at 0x00000001915d6000
x17=0x0000600001fcfc60 points into unknown readable memory: 0xfffffffffffffffe | fe ff ff ff ff ff ff ff
x18=0x0 is NULL
x19=0x00006000010cc690 points into unknown readable memory: 0x00006000039c04a0 | a0 04 9c 03 00 60 00 00
x20=0x0000000122606000 points into unknown readable memory: 0x0000000000000000 | 00 00 00 00 00 00 00 00
x21=0x0000000122606208 is a global jni handle
x22=0x000000012307e600 is a thread
x23=0x0000000000000001 is an unknown value
x24=0x00000001226061c0 is a global jni handle
x25=0x000000010222ba08: _ZN12StubRoutines17_safefetchN_entryE+0 in /Library/Java/JavaVirtualMachines/amazon-corretto-17.jdk/Contents/Home/lib/server/libjvm.dylib at 0x00000001015dc000
x26=0x0000000110918140 is pointing into metadata
x27=0x0 is NULL
x28=0x000000012307e600 is a thread


Registers:
 x0=0x0000000122606208  x1=0x0000000000000000  x2=0x0000000786f008d8  x3=0x0000000000000000
 x4=0x00000000000130a8  x5=0x0000000000000000  x6=0x0000000000000000  x7=0x0000000000000000
 x8=0x00000001300014ec  x9=0x0000000000000000 x10=0x2010000030300000 x11=0x0000000000000007
x12=0x0000000000000000 x13=0x00006000015c00f0 x14=0x0000000000000001 x15=0x0000000110c45f98
x16=0x00000001915d8340 x17=0x0000600001fcfc60 x18=0x0000000000000000 x19=0x00006000010cc690
x20=0x0000000122606000 x21=0x0000000122606208 x22=0x000000012307e600 x23=0x0000000000000001
x24=0x00000001226061c0 x25=0x000000010222ba08 x26=0x0000000110918140 x27=0x0000000000000000
x28=0x000000012307e600  fp=0x00000001728f27d0  lr=0x0000000101d891bc  sp=0x00000001728f2790
pc=0x00000001300014f0 cpsr=0x0000000060001000
Top of Stack: (sp=0x00000001728f2790)
0x00000001728f2790:   0000000110918140 0000000000000001
0x00000001728f27a0:   00000001129eaf38 0000000000000000
0x00000001728f27b0:   00000001129eaea8 00000001226061f0
0x00000001728f27c0:   00000001226061f0 00006000010cc690
0x00000001728f27d0:   00000001728f2810 0000000101d8a3e0
0x00000001728f27e0:   0000000000000001 00000001226061f0
0x00000001728f27f0:   00000001129eaea8 00000001226061f0
0x00000001728f2800:   0000000000000001 00000001129eac00
0x00000001728f2810:   00000001728f2850 0000000101aa2480
0x00000001728f2820:   00000001728f2998 00006000039e8750
0x00000001728f2830:   00006000039e8740 00000001db8059f4
0x00000001728f2840:   0000000000000000 00006000039e8740
0x00000001728f2850:   00000001728f2880 0000000110c0a880
0x00000001728f2860:   508764f5133e005b 0000000000000000
0x00000001728f2870:   0000000000000000 0000600002ee5600
0x00000001728f2880:   00000001728f28c0 00000001925a0e0c
0x00000001728f2890:   00000001728f2998 00006000039e8750
0x00000001728f28a0:   00006000039e8740 508764f5133e005b
0x00000001728f28b0:   0000000000000000 0000000000000000
0x00000001728f28c0:   00000001728f2900 114200019256d5e8
0x00000001728f28d0:   00000001728f2998 00000001300087c0
0x00000001728f28e0:   0000000000000000 00000001022333c0
0x00000001728f28f0:   00000001728f2910 0000000130007730
0x00000001728f2900:   00000001728f2970 151f0001300098ac
0x00000001728f2910:   00000001728f2910 00000008009847e5
0x00000001728f2920:   00000001728f2920 0000000000000000
0x00000001728f2930:   00000001728f2998 0000000110918140
0x00000001728f2940:   0000000786832410 0000000000000000
0x00000001728f2950:   0000000000000000 00000001108f7120
0x00000001728f2960:   0000000000000000 00000001728f2970
0x00000001728f2970:   00000001728f29f0 0000000130005fc8
0x00000001728f2980:   0000000000000000 0000000000000000 

Instructions: (pc=0x00000001300014f0)
0x00000001300013f0:   f2a043e9 f2c00029 6d425935 1e640886
0x0000000130001400:   0c402d31 1e6408c7 1f5654d0 1e6c1017
0x0000000130001410:   1f5050d0 1f504cd0 1f5048d0 1e650af6
0x0000000130001420:   1f50d8f6 1f5694d6 1f5158f6 1e762880
0x0000000130001430:   36000501 1e614000 14000026 2e251ca5
0x0000000130001440:   d2903009 f2a043e9 f2c00029 6d425d36
0x0000000130001450:   1e600806 0c402d32 1f5758c7 1e6c101a
0x0000000130001460:   1f4754c7 1e650805 1f4750c7 d2866668
0x0000000130001470:   f2a7fa68 1f474cc7 1e6608c0 1f4748c7
0x0000000130001480:   1e6e1019 eb08007f 540000ac 1f479400
0x0000000130001490:   1f460340 1e603b20 1400000e d2a7fd29
0x00000001300014a0:   eb09007f 540000ac 51480069 d3607d29
0x00000001300014b0:   9e670121 14000002 1e6a5001 1f679417
0x00000001300014c0:   1f668742 1e613b23 1e773857 1e773860
0x00000001300014d0:   a8c17ff3 910003bf a8c17bfd d65f03c0
0x00000001300014e0:   b9400001 aa0103e0 d65f03c0 f9400001
0x00000001300014f0:   aa0103e0 d65f03c0 00000000 00000000
0x0000000130001500:   00000000 00000000 00000000 00000000
0x0000000130001510:   00000000 00000000 00000000 00000000
0x0000000130001520:   00000000 00000000 00000000 00000000
0x0000000130001530:   00000000 00000000 00000000 00000000
0x0000000130001540:   00000000 00000000 00000000 00000000
0x0000000130001550:   00000000 00000000 00000000 00000000
0x0000000130001560:   00000000 00000000 00000000 00000000
0x0000000130001570:   00000000 00000000 00000000 00000000
0x0000000130001580:   00000000 00000000 00000000 00000000
0x0000000130001590:   00000000 00000000 00000000 00000000
0x00000001300015a0:   00000000 00000000 00000000 00000000
0x00000001300015b0:   00000000 00000000 00000000 00000000
0x00000001300015c0:   00000000 00000000 00000000 00000000
0x00000001300015d0:   00000000 00000000 00000000 00000000
0x00000001300015e0:   00000000 00000000 00000000 00000000 


Stack slot to memory mapping:
stack at sp + 0 slots: 0x0000000110918140 is pointing into metadata
stack at sp + 1 slots: 0x0000000000000001 is an unknown value
stack at sp + 2 slots: 0x00000001129eaf38 points into unknown readable memory: 0x1000b30300000006 | 06 00 00 00 03 b3 00 10
stack at sp + 3 slots: 0x0 is NULL
stack at sp + 4 slots: 0x00000001129eaea8 points into unknown readable memory: 0x00000001021e68a0 | a0 68 1e 02 01 00 00 00
stack at sp + 5 slots: 0x00000001226061f0 is a global jni handle
stack at sp + 6 slots: 0x00000001226061f0 is a global jni handle
stack at sp + 7 slots: 0x00006000010cc690 points into unknown readable memory: 0x00006000039c04a0 | a0 04 9c 03 00 60 00 00

StubRoutines::SafeFetchN [0x00000001300014ec, 0x00000001300014f8] (12 bytes)
[MachCode]
  0x00000001300014ec: 0100 40f9 | e003 01aa | c003 5fd6 
[/MachCode]

---------------  P R O C E S S  ---------------

Threads class SMR info:
_java_thread_list=0x0000600003bc1a40, length=20, elements={
0x0000000112808200, 0x0000000123026c00, 0x000000012280b600, 0x0000000122812200,
0x0000000122819e00, 0x000000012281a400, 0x0000000122815a00, 0x0000000122816000,
0x0000000122816600, 0x000000012302ae00, 0x00000001128d3200, 0x00000001128d2a00,
0x0000000112808800, 0x000000012307e600, 0x00000001129eac00, 0x0000000122909e00,
0x0000000112ab5200, 0x0000000122889000, 0x0000000125237000, 0x000000012382ba00
}

Java Threads: ( => current thread )
  0x0000000112808200 JavaThread "main" [_thread_blocked, id=6147, stack(0x000000016fce8000,0x000000016feeb000)]
  0x0000000123026c00 JavaThread "Reference Handler" daemon [_thread_blocked, id=15619, stack(0x0000000170b3c000,0x0000000170d3f000)]
  0x000000012280b600 JavaThread "Finalizer" daemon [_thread_blocked, id=15107, stack(0x0000000170d48000,0x0000000170f4b000)]
  0x0000000122812200 JavaThread "Signal Dispatcher" daemon [_thread_blocked, id=41731, stack(0x000000017106c000,0x000000017126f000)]
  0x0000000122819e00 JavaThread "Service Thread" daemon [_thread_blocked, id=22531, stack(0x0000000171278000,0x000000017147b000)]
  0x000000012281a400 JavaThread "Monitor Deflation Thread" daemon [_thread_blocked, id=23043, stack(0x0000000171484000,0x0000000171687000)]
  0x0000000122815a00 JavaThread "C2 CompilerThread0" daemon [_thread_in_native, id=23299, stack(0x0000000171690000,0x0000000171893000)]
  0x0000000122816000 JavaThread "C1 CompilerThread0" daemon [_thread_blocked, id=23811, stack(0x000000017189c000,0x0000000171a9f000)]
  0x0000000122816600 JavaThread "Sweeper thread" daemon [_thread_blocked, id=24067, stack(0x0000000171aa8000,0x0000000171cab000)]
  0x000000012302ae00 JavaThread "Common-Cleaner" daemon [_thread_blocked, id=24579, stack(0x0000000171cb4000,0x0000000171eb7000)]
  0x00000001128d3200 JavaThread "Monitor Ctrl-Break" daemon [_thread_in_native, id=24835, stack(0x0000000171ec0000,0x00000001720c3000)]
  0x00000001128d2a00 JavaThread "Notification Thread" daemon [_thread_blocked, id=25347, stack(0x00000001720cc000,0x00000001722cf000)]
  0x0000000112808800 JavaThread "QuantumRenderer-0" daemon [_thread_blocked, id=40195, stack(0x00000001724e4000,0x00000001726e7000)]
=>0x000000012307e600 JavaThread "InvokeLaterDispatcher" daemon [_thread_in_native, id=34575, stack(0x00000001726f0000,0x00000001728f3000)]
  0x00000001129eac00 JavaThread "JavaFX Application Thread" [_thread_in_native, id=259, stack(0x000000016f460000,0x000000016fc5c000)]
  0x0000000122909e00 JavaThread "JavaFX-Launcher" [_thread_blocked, id=52507, stack(0x0000000172b94000,0x0000000172d97000)]
  0x0000000112ab5200 JavaThread "Prism Font Disposer" daemon [_thread_blocked, id=60315, stack(0x0000000177fc4000,0x00000001781c7000)]
  0x0000000122889000 JavaThread "Cleaner-0" daemon [_thread_blocked, id=75527, stack(0x00000001781d0000,0x00000001783d3000)]
  0x0000000125237000 JavaThread "Attach Listener" daemon [_thread_blocked, id=52231, stack(0x00000001783dc000,0x00000001785df000)]
  0x000000012382ba00 JavaThread "PulseTimer-CVDisplayLink thread" daemon [_thread_in_native, id=68403, stack(0x0000000172988000,0x0000000172a0b000)]

Other Threads:
  0x0000000122707a80 VMThread "VM Thread" [stack: 0x0000000170930000,0x0000000170b33000] [id=16131]
  0x00000001101043b0 WatcherThread [stack: 0x00000001722d8000,0x00000001724db000] [id=40451]
  0x0000000124206b00 GCTaskThread "GC Thread#0" [stack: 0x000000016fef4000,0x00000001700f7000] [id=19715]
  0x0000000122626940 GCTaskThread "GC Thread#1" [stack: 0x0000000172da0000,0x0000000172fa3000] [id=76291]
  0x0000000122626bf0 GCTaskThread "GC Thread#2" [stack: 0x0000000172fac000,0x00000001731af000] [id=76035]
  0x0000000122627070 GCTaskThread "GC Thread#3" [stack: 0x00000001731b8000,0x00000001733bb000] [id=57091]
  0x00000001226278e0 GCTaskThread "GC Thread#4" [stack: 0x00000001733c4000,0x00000001735c7000] [id=57603]
  0x0000000122627d60 GCTaskThread "GC Thread#5" [stack: 0x00000001735d0000,0x00000001737d3000] [id=75779]
  0x00000001242071b0 ConcurrentGCThread "G1 Main Marker" [stack: 0x0000000170100000,0x0000000170303000] [id=19203]
  0x00000001241043d0 ConcurrentGCThread "G1 Conc#0" [stack: 0x000000017030c000,0x000000017050f000] [id=18435]
  0x0000000124106100 ConcurrentGCThread "G1 Refine#0" [stack: 0x0000000170518000,0x000000017071b000] [id=12803]
  0x0000000124207b70 ConcurrentGCThread "G1 Service" [stack: 0x0000000170724000,0x0000000170927000] [id=17667]

Threads with active compile tasks:
C2 CompilerThread0     2762 1939       4       com.sun.marlin.Renderer::_endRendering (2473 bytes)

VM state: not at safepoint (normal execution)

VM Mutex/Monitor currently owned by a thread: None

Heap address: 0x0000000780000000, size: 2048 MB, Compressed Oops mode: Zero based, Oop shift amount: 3

CDS archive(s) mapped at: [0x0000000800000000-0x0000000800bd4000-0x0000000800bd4000), size 12402688, SharedBaseAddress: 0x0000000800000000, ArchiveRelocationMode: 0.
Compressed class space mapped at: 0x0000000800c00000-0x0000000840c00000, reserved size: 1073741824
Narrow klass base: 0x0000000800000000, Narrow klass shift: 0, Narrow klass range: 0x100000000

GC Precious Log:
 CPUs: 8 total, 8 available
 Memory: 8192M
 Large Page Support: Disabled
 NUMA Support: Disabled
 Compressed Oops: Enabled (Zero based)
 Heap Region Size: 1M
 Heap Min Capacity: 8M
 Heap Initial Capacity: 128M
 Heap Max Capacity: 2G
 Pre-touch: Disabled
 Parallel Workers: 8
 Concurrent Workers: 2
 Concurrent Refinement Workers: 8
 Periodic GC: Disabled

Heap:
 garbage-first heap   total 133120K, used 28725K [0x0000000780000000, 0x0000000800000000)
  region size 1024K, 26 young (26624K), 3 survivors (3072K)
 Metaspace       used 12809K, committed 13056K, reserved 1064960K
  class space    used 1721K, committed 1856K, reserved 1048576K

Heap Regions: E=young(eden), S=young(survivor), O=old, HS=humongous(starts), HC=humongous(continues), CS=collection set, F=free, OA=open archive, CA=closed archive, TAMS=top-at-mark-start (previous, next)
|   0|0x0000000780000000, 0x0000000780015600, 0x0000000780100000|  8%| O|  |TAMS 0x0000000780000000, 0x0000000780000000| Untracked 
|   1|0x0000000780100000, 0x0000000780200000, 0x0000000780200000|100%|HS|  |TAMS 0x0000000780100000, 0x0000000780100000| Complete 
|   2|0x0000000780200000, 0x0000000780300000, 0x0000000780300000|100%|HC|  |TAMS 0x0000000780200000, 0x0000000780200000| Complete 
|   3|0x0000000780300000, 0x0000000780300000, 0x0000000780400000|  0%| F|  |TAMS 0x0000000780300000, 0x0000000780300000| Untracked 
|   4|0x0000000780400000, 0x0000000780400000, 0x0000000780500000|  0%| F|  |TAMS 0x0000000780400000, 0x0000000780400000| Untracked 
|   5|0x0000000780500000, 0x0000000780500000, 0x0000000780600000|  0%| F|  |TAMS 0x0000000780500000, 0x0000000780500000| Untracked 
|   6|0x0000000780600000, 0x0000000780600000, 0x0000000780700000|  0%| F|  |TAMS 0x0000000780600000, 0x0000000780600000| Untracked 
|   7|0x0000000780700000, 0x0000000780700000, 0x0000000780800000|  0%| F|  |TAMS 0x0000000780700000, 0x0000000780700000| Untracked 
|   8|0x0000000780800000, 0x0000000780800000, 0x0000000780900000|  0%| F|  |TAMS 0x0000000780800000, 0x0000000780800000| Untracked 
|   9|0x0000000780900000, 0x0000000780900000, 0x0000000780a00000|  0%| F|  |TAMS 0x0000000780900000, 0x0000000780900000| Untracked 
|  10|0x0000000780a00000, 0x0000000780a00000, 0x0000000780b00000|  0%| F|  |TAMS 0x0000000780a00000, 0x0000000780a00000| Untracked 
|  11|0x0000000780b00000, 0x0000000780b00000, 0x0000000780c00000|  0%| F|  |TAMS 0x0000000780b00000, 0x0000000780b00000| Untracked 
|  12|0x0000000780c00000, 0x0000000780c00000, 0x0000000780d00000|  0%| F|  |TAMS 0x0000000780c00000, 0x0000000780c00000| Untracked 
|  13|0x0000000780d00000, 0x0000000780d00000, 0x0000000780e00000|  0%| F|  |TAMS 0x0000000780d00000, 0x0000000780d00000| Untracked 
|  14|0x0000000780e00000, 0x0000000780e00000, 0x0000000780f00000|  0%| F|  |TAMS 0x0000000780e00000, 0x0000000780e00000| Untracked 
|  15|0x0000000780f00000, 0x0000000780f00000, 0x0000000781000000|  0%| F|  |TAMS 0x0000000780f00000, 0x0000000780f00000| Untracked 
|  16|0x0000000781000000, 0x0000000781000000, 0x0000000781100000|  0%| F|  |TAMS 0x0000000781000000, 0x0000000781000000| Untracked 
|  17|0x0000000781100000, 0x0000000781100000, 0x0000000781200000|  0%| F|  |TAMS 0x0000000781100000, 0x0000000781100000| Untracked 
|  18|0x0000000781200000, 0x0000000781200000, 0x0000000781300000|  0%| F|  |TAMS 0x0000000781200000, 0x0000000781200000| Untracked 
|  19|0x0000000781300000, 0x0000000781300000, 0x0000000781400000|  0%| F|  |TAMS 0x0000000781300000, 0x0000000781300000| Untracked 
|  20|0x0000000781400000, 0x0000000781400000, 0x0000000781500000|  0%| F|  |TAMS 0x0000000781400000, 0x0000000781400000| Untracked 
|  21|0x0000000781500000, 0x0000000781500000, 0x0000000781600000|  0%| F|  |TAMS 0x0000000781500000, 0x0000000781500000| Untracked 
|  22|0x0000000781600000, 0x0000000781600000, 0x0000000781700000|  0%| F|  |TAMS 0x0000000781600000, 0x0000000781600000| Untracked 
|  23|0x0000000781700000, 0x0000000781700000, 0x0000000781800000|  0%| F|  |TAMS 0x0000000781700000, 0x0000000781700000| Untracked 
|  24|0x0000000781800000, 0x0000000781800000, 0x0000000781900000|  0%| F|  |TAMS 0x0000000781800000, 0x0000000781800000| Untracked 
|  25|0x0000000781900000, 0x0000000781900000, 0x0000000781a00000|  0%| F|  |TAMS 0x0000000781900000, 0x0000000781900000| Untracked 
|  26|0x0000000781a00000, 0x0000000781a00000, 0x0000000781b00000|  0%| F|  |TAMS 0x0000000781a00000, 0x0000000781a00000| Untracked 
|  27|0x0000000781b00000, 0x0000000781b00000, 0x0000000781c00000|  0%| F|  |TAMS 0x0000000781b00000, 0x0000000781b00000| Untracked 
|  28|0x0000000781c00000, 0x0000000781c00000, 0x0000000781d00000|  0%| F|  |TAMS 0x0000000781c00000, 0x0000000781c00000| Untracked 
|  29|0x0000000781d00000, 0x0000000781d00000, 0x0000000781e00000|  0%| F|  |TAMS 0x0000000781d00000, 0x0000000781d00000| Untracked 
|  30|0x0000000781e00000, 0x0000000781e00000, 0x0000000781f00000|  0%| F|  |TAMS 0x0000000781e00000, 0x0000000781e00000| Untracked 
|  31|0x0000000781f00000, 0x0000000781f00000, 0x0000000782000000|  0%| F|  |TAMS 0x0000000781f00000, 0x0000000781f00000| Untracked 
|  32|0x0000000782000000, 0x0000000782000000, 0x0000000782100000|  0%| F|  |TAMS 0x0000000782000000, 0x0000000782000000| Untracked 
|  33|0x0000000782100000, 0x0000000782100000, 0x0000000782200000|  0%| F|  |TAMS 0x0000000782100000, 0x0000000782100000| Untracked 
|  34|0x0000000782200000, 0x0000000782200000, 0x0000000782300000|  0%| F|  |TAMS 0x0000000782200000, 0x0000000782200000| Untracked 
|  35|0x0000000782300000, 0x0000000782300000, 0x0000000782400000|  0%| F|  |TAMS 0x0000000782300000, 0x0000000782300000| Untracked 
|  36|0x0000000782400000, 0x0000000782400000, 0x0000000782500000|  0%| F|  |TAMS 0x0000000782400000, 0x0000000782400000| Untracked 
|  37|0x0000000782500000, 0x0000000782500000, 0x0000000782600000|  0%| F|  |TAMS 0x0000000782500000, 0x0000000782500000| Untracked 
|  38|0x0000000782600000, 0x0000000782600000, 0x0000000782700000|  0%| F|  |TAMS 0x0000000782600000, 0x0000000782600000| Untracked 
|  39|0x0000000782700000, 0x0000000782700000, 0x0000000782800000|  0%| F|  |TAMS 0x0000000782700000, 0x0000000782700000| Untracked 
|  40|0x0000000782800000, 0x0000000782800000, 0x0000000782900000|  0%| F|  |TAMS 0x0000000782800000, 0x0000000782800000| Untracked 
|  41|0x0000000782900000, 0x0000000782900000, 0x0000000782a00000|  0%| F|  |TAMS 0x0000000782900000, 0x0000000782900000| Untracked 
|  42|0x0000000782a00000, 0x0000000782a00000, 0x0000000782b00000|  0%| F|  |TAMS 0x0000000782a00000, 0x0000000782a00000| Untracked 
|  43|0x0000000782b00000, 0x0000000782b00000, 0x0000000782c00000|  0%| F|  |TAMS 0x0000000782b00000, 0x0000000782b00000| Untracked 
|  44|0x0000000782c00000, 0x0000000782c00000, 0x0000000782d00000|  0%| F|  |TAMS 0x0000000782c00000, 0x0000000782c00000| Untracked 
|  45|0x0000000782d00000, 0x0000000782d00000, 0x0000000782e00000|  0%| F|  |TAMS 0x0000000782d00000, 0x0000000782d00000| Untracked 
|  46|0x0000000782e00000, 0x0000000782e00000, 0x0000000782f00000|  0%| F|  |TAMS 0x0000000782e00000, 0x0000000782e00000| Untracked 
|  47|0x0000000782f00000, 0x0000000782f00000, 0x0000000783000000|  0%| F|  |TAMS 0x0000000782f00000, 0x0000000782f00000| Untracked 
|  48|0x0000000783000000, 0x0000000783000000, 0x0000000783100000|  0%| F|  |TAMS 0x0000000783000000, 0x0000000783000000| Untracked 
|  49|0x0000000783100000, 0x0000000783100000, 0x0000000783200000|  0%| F|  |TAMS 0x0000000783100000, 0x0000000783100000| Untracked 
|  50|0x0000000783200000, 0x0000000783200000, 0x0000000783300000|  0%| F|  |TAMS 0x0000000783200000, 0x0000000783200000| Untracked 
|  51|0x0000000783300000, 0x0000000783300000, 0x0000000783400000|  0%| F|  |TAMS 0x0000000783300000, 0x0000000783300000| Untracked 
|  52|0x0000000783400000, 0x0000000783400000, 0x0000000783500000|  0%| F|  |TAMS 0x0000000783400000, 0x0000000783400000| Untracked 
|  53|0x0000000783500000, 0x0000000783500000, 0x0000000783600000|  0%| F|  |TAMS 0x0000000783500000, 0x0000000783500000| Untracked 
|  54|0x0000000783600000, 0x0000000783600000, 0x0000000783700000|  0%| F|  |TAMS 0x0000000783600000, 0x0000000783600000| Untracked 
|  55|0x0000000783700000, 0x0000000783700000, 0x0000000783800000|  0%| F|  |TAMS 0x0000000783700000, 0x0000000783700000| Untracked 
|  56|0x0000000783800000, 0x0000000783800000, 0x0000000783900000|  0%| F|  |TAMS 0x0000000783800000, 0x0000000783800000| Untracked 
|  57|0x0000000783900000, 0x0000000783900000, 0x0000000783a00000|  0%| F|  |TAMS 0x0000000783900000, 0x0000000783900000| Untracked 
|  58|0x0000000783a00000, 0x0000000783a00000, 0x0000000783b00000|  0%| F|  |TAMS 0x0000000783a00000, 0x0000000783a00000| Untracked 
|  59|0x0000000783b00000, 0x0000000783b00000, 0x0000000783c00000|  0%| F|  |TAMS 0x0000000783b00000, 0x0000000783b00000| Untracked 
|  60|0x0000000783c00000, 0x0000000783c00000, 0x0000000783d00000|  0%| F|  |TAMS 0x0000000783c00000, 0x0000000783c00000| Untracked 
|  61|0x0000000783d00000, 0x0000000783d00000, 0x0000000783e00000|  0%| F|  |TAMS 0x0000000783d00000, 0x0000000783d00000| Untracked 
|  62|0x0000000783e00000, 0x0000000783e00000, 0x0000000783f00000|  0%| F|  |TAMS 0x0000000783e00000, 0x0000000783e00000| Untracked 
|  63|0x0000000783f00000, 0x0000000783f00000, 0x0000000784000000|  0%| F|  |TAMS 0x0000000783f00000, 0x0000000783f00000| Untracked 
|  64|0x0000000784000000, 0x0000000784000000, 0x0000000784100000|  0%| F|  |TAMS 0x0000000784000000, 0x0000000784000000| Untracked 
|  65|0x0000000784100000, 0x0000000784100000, 0x0000000784200000|  0%| F|  |TAMS 0x0000000784100000, 0x0000000784100000| Untracked 
|  66|0x0000000784200000, 0x0000000784200000, 0x0000000784300000|  0%| F|  |TAMS 0x0000000784200000, 0x0000000784200000| Untracked 
|  67|0x0000000784300000, 0x0000000784300000, 0x0000000784400000|  0%| F|  |TAMS 0x0000000784300000, 0x0000000784300000| Untracked 
|  68|0x0000000784400000, 0x0000000784400000, 0x0000000784500000|  0%| F|  |TAMS 0x0000000784400000, 0x0000000784400000| Untracked 
|  69|0x0000000784500000, 0x0000000784500000, 0x0000000784600000|  0%| F|  |TAMS 0x0000000784500000, 0x0000000784500000| Untracked 
|  70|0x0000000784600000, 0x0000000784600000, 0x0000000784700000|  0%| F|  |TAMS 0x0000000784600000, 0x0000000784600000| Untracked 
|  71|0x0000000784700000, 0x0000000784700000, 0x0000000784800000|  0%| F|  |TAMS 0x0000000784700000, 0x0000000784700000| Untracked 
|  72|0x0000000784800000, 0x0000000784800000, 0x0000000784900000|  0%| F|  |TAMS 0x0000000784800000, 0x0000000784800000| Untracked 
|  73|0x0000000784900000, 0x0000000784900000, 0x0000000784a00000|  0%| F|  |TAMS 0x0000000784900000, 0x0000000784900000| Untracked 
|  74|0x0000000784a00000, 0x0000000784a00000, 0x0000000784b00000|  0%| F|  |TAMS 0x0000000784a00000, 0x0000000784a00000| Untracked 
|  75|0x0000000784b00000, 0x0000000784b00000, 0x0000000784c00000|  0%| F|  |TAMS 0x0000000784b00000, 0x0000000784b00000| Untracked 
|  76|0x0000000784c00000, 0x0000000784c00000, 0x0000000784d00000|  0%| F|  |TAMS 0x0000000784c00000, 0x0000000784c00000| Untracked 
|  77|0x0000000784d00000, 0x0000000784d00000, 0x0000000784e00000|  0%| F|  |TAMS 0x0000000784d00000, 0x0000000784d00000| Untracked 
|  78|0x0000000784e00000, 0x0000000784e00000, 0x0000000784f00000|  0%| F|  |TAMS 0x0000000784e00000, 0x0000000784e00000| Untracked 
|  79|0x0000000784f00000, 0x0000000784f00000, 0x0000000785000000|  0%| F|  |TAMS 0x0000000784f00000, 0x0000000784f00000| Untracked 
|  80|0x0000000785000000, 0x0000000785000000, 0x0000000785100000|  0%| F|  |TAMS 0x0000000785000000, 0x0000000785000000| Untracked 
|  81|0x0000000785100000, 0x0000000785100000, 0x0000000785200000|  0%| F|  |TAMS 0x0000000785100000, 0x0000000785100000| Untracked 
|  82|0x0000000785200000, 0x0000000785200000, 0x0000000785300000|  0%| F|  |TAMS 0x0000000785200000, 0x0000000785200000| Untracked 
|  83|0x0000000785300000, 0x0000000785300000, 0x0000000785400000|  0%| F|  |TAMS 0x0000000785300000, 0x0000000785300000| Untracked 
|  84|0x0000000785400000, 0x0000000785400000, 0x0000000785500000|  0%| F|  |TAMS 0x0000000785400000, 0x0000000785400000| Untracked 
|  85|0x0000000785500000, 0x0000000785500000, 0x0000000785600000|  0%| F|  |TAMS 0x0000000785500000, 0x0000000785500000| Untracked 
|  86|0x0000000785600000, 0x0000000785600000, 0x0000000785700000|  0%| F|  |TAMS 0x0000000785600000, 0x0000000785600000| Untracked 
|  87|0x0000000785700000, 0x0000000785700000, 0x0000000785800000|  0%| F|  |TAMS 0x0000000785700000, 0x0000000785700000| Untracked 
|  88|0x0000000785800000, 0x0000000785800000, 0x0000000785900000|  0%| F|  |TAMS 0x0000000785800000, 0x0000000785800000| Untracked 
|  89|0x0000000785900000, 0x0000000785900000, 0x0000000785a00000|  0%| F|  |TAMS 0x0000000785900000, 0x0000000785900000| Untracked 
|  90|0x0000000785a00000, 0x0000000785a00000, 0x0000000785b00000|  0%| F|  |TAMS 0x0000000785a00000, 0x0000000785a00000| Untracked 
|  91|0x0000000785b00000, 0x0000000785b00000, 0x0000000785c00000|  0%| F|  |TAMS 0x0000000785b00000, 0x0000000785b00000| Untracked 
|  92|0x0000000785c00000, 0x0000000785c00000, 0x0000000785d00000|  0%| F|  |TAMS 0x0000000785c00000, 0x0000000785c00000| Untracked 
|  93|0x0000000785d00000, 0x0000000785d00000, 0x0000000785e00000|  0%| F|  |TAMS 0x0000000785d00000, 0x0000000785d00000| Untracked 
|  94|0x0000000785e00000, 0x0000000785e00000, 0x0000000785f00000|  0%| F|  |TAMS 0x0000000785e00000, 0x0000000785e00000| Untracked 
|  95|0x0000000785f00000, 0x0000000785f00000, 0x0000000786000000|  0%| F|  |TAMS 0x0000000785f00000, 0x0000000785f00000| Untracked 
|  96|0x0000000786000000, 0x0000000786000000, 0x0000000786100000|  0%| F|  |TAMS 0x0000000786000000, 0x0000000786000000| Untracked 
|  97|0x0000000786100000, 0x0000000786100000, 0x0000000786200000|  0%| F|  |TAMS 0x0000000786100000, 0x0000000786100000| Untracked 
|  98|0x0000000786200000, 0x0000000786200000, 0x0000000786300000|  0%| F|  |TAMS 0x0000000786200000, 0x0000000786200000| Untracked 
|  99|0x0000000786300000, 0x0000000786300000, 0x0000000786400000|  0%| F|  |TAMS 0x0000000786300000, 0x0000000786300000| Untracked 
| 100|0x0000000786400000, 0x0000000786400000, 0x0000000786500000|  0%| F|  |TAMS 0x0000000786400000, 0x0000000786400000| Untracked 
| 101|0x0000000786500000, 0x0000000786500000, 0x0000000786600000|  0%| F|  |TAMS 0x0000000786500000, 0x0000000786500000| Untracked 
| 102|0x0000000786600000, 0x0000000786700000, 0x0000000786700000|100%| S|CS|TAMS 0x0000000786600000, 0x0000000786600000| Complete 
| 103|0x0000000786700000, 0x0000000786800000, 0x0000000786800000|100%| S|CS|TAMS 0x0000000786700000, 0x0000000786700000| Complete 
| 104|0x0000000786800000, 0x0000000786900000, 0x0000000786900000|100%| S|CS|TAMS 0x0000000786800000, 0x0000000786800000| Complete 
| 105|0x0000000786900000, 0x0000000786980800, 0x0000000786a00000| 50%| E|  |TAMS 0x0000000786900000, 0x0000000786900000| Complete 
| 106|0x0000000786a00000, 0x0000000786b00000, 0x0000000786b00000|100%| E|CS|TAMS 0x0000000786a00000, 0x0000000786a00000| Complete 
| 107|0x0000000786b00000, 0x0000000786c00000, 0x0000000786c00000|100%| E|CS|TAMS 0x0000000786b00000, 0x0000000786b00000| Complete 
| 108|0x0000000786c00000, 0x0000000786d00000, 0x0000000786d00000|100%| E|CS|TAMS 0x0000000786c00000, 0x0000000786c00000| Complete 
| 109|0x0000000786d00000, 0x0000000786e00000, 0x0000000786e00000|100%| E|CS|TAMS 0x0000000786d00000, 0x0000000786d00000| Complete 
| 110|0x0000000786e00000, 0x0000000786f00000, 0x0000000786f00000|100%| E|CS|TAMS 0x0000000786e00000, 0x0000000786e00000| Complete 
| 111|0x0000000786f00000, 0x0000000787000000, 0x0000000787000000|100%| E|CS|TAMS 0x0000000786f00000, 0x0000000786f00000| Complete 
| 112|0x0000000787000000, 0x0000000787100000, 0x0000000787100000|100%| E|CS|TAMS 0x0000000787000000, 0x0000000787000000| Complete 
| 113|0x0000000787100000, 0x0000000787200000, 0x0000000787200000|100%| E|CS|TAMS 0x0000000787100000, 0x0000000787100000| Complete 
| 114|0x0000000787200000, 0x0000000787300000, 0x0000000787300000|100%| E|CS|TAMS 0x0000000787200000, 0x0000000787200000| Complete 
| 115|0x0000000787300000, 0x0000000787400000, 0x0000000787400000|100%| E|CS|TAMS 0x0000000787300000, 0x0000000787300000| Complete 
| 116|0x0000000787400000, 0x0000000787500000, 0x0000000787500000|100%| E|CS|TAMS 0x0000000787400000, 0x0000000787400000| Complete 
| 117|0x0000000787500000, 0x0000000787600000, 0x0000000787600000|100%| E|CS|TAMS 0x0000000787500000, 0x0000000787500000| Complete 
| 118|0x0000000787600000, 0x0000000787700000, 0x0000000787700000|100%| E|CS|TAMS 0x0000000787600000, 0x0000000787600000| Complete 
| 119|0x0000000787700000, 0x0000000787800000, 0x0000000787800000|100%| E|CS|TAMS 0x0000000787700000, 0x0000000787700000| Complete 
| 120|0x0000000787800000, 0x0000000787900000, 0x0000000787900000|100%| E|CS|TAMS 0x0000000787800000, 0x0000000787800000| Complete 
| 121|0x0000000787900000, 0x0000000787a00000, 0x0000000787a00000|100%| E|CS|TAMS 0x0000000787900000, 0x0000000787900000| Complete 
| 122|0x0000000787a00000, 0x0000000787b00000, 0x0000000787b00000|100%| E|CS|TAMS 0x0000000787a00000, 0x0000000787a00000| Complete 
| 123|0x0000000787b00000, 0x0000000787c00000, 0x0000000787c00000|100%| E|CS|TAMS 0x0000000787b00000, 0x0000000787b00000| Complete 
| 124|0x0000000787c00000, 0x0000000787d00000, 0x0000000787d00000|100%| E|CS|TAMS 0x0000000787c00000, 0x0000000787c00000| Complete 
| 125|0x0000000787d00000, 0x0000000787e00000, 0x0000000787e00000|100%| E|CS|TAMS 0x0000000787d00000, 0x0000000787d00000| Complete 
| 126|0x0000000787e00000, 0x0000000787f00000, 0x0000000787f00000|100%| E|CS|TAMS 0x0000000787e00000, 0x0000000787e00000| Complete 
| 127|0x0000000787f00000, 0x0000000788000000, 0x0000000788000000|100%| E|CS|TAMS 0x0000000787f00000, 0x0000000787f00000| Complete 
|2046|0x00000007ffe00000, 0x00000007ffe78000, 0x00000007fff00000| 46%|OA|  |TAMS 0x00000007ffe00000, 0x00000007ffe00000| Untracked 
|2047|0x00000007fff00000, 0x00000007fff80000, 0x0000000800000000| 50%|CA|  |TAMS 0x00000007fff00000, 0x00000007fff00000| Untracked 

Card table byte_map: [0x0000000100ad4000,0x0000000100ed4000] _byte_map_base: 0x00000000fced4000

Marking Bits (Prev, Next): (CMBitMap*) 0x000000011282da10, (CMBitMap*) 0x000000011282da50
 Prev Bits: [0x000000010a030000, 0x000000010c030000)
 Next Bits: [0x000000010c030000, 0x000000010e030000)

Polling page: 0x0000000100328000

Metaspace:

Usage:
  Non-class:     10.83 MB used.
      Class:      1.68 MB used.
       Both:     12.51 MB used.

Virtual space:
  Non-class space:       16.00 MB reserved,      10.94 MB ( 68%) committed,  2 nodes.
      Class space:        1.00 GB reserved,       1.81 MB ( <1%) committed,  1 nodes.
             Both:        1.02 GB reserved,      12.75 MB (  1%) committed. 

Chunk freelists:
   Non-Class:  1.05 MB
       Class:  2.17 MB
        Both:  3.22 MB

MaxMetaspaceSize: unlimited
CompressedClassSpaceSize: 1.00 GB
Initial GC threshold: 21.00 MB
Current GC threshold: 21.00 MB
CDS: on
MetaspaceReclaimPolicy: balanced
 - commit_granule_bytes: 65536.
 - commit_granule_words: 8192.
 - virtual_space_node_default_size: 1048576.
 - enlarge_chunks_in_place: 1.
 - new_chunks_are_fully_committed: 0.
 - uncommit_free_chunks: 1.
 - use_allocation_guard: 0.
 - handle_deallocations: 1.


Internal statistics:

num_allocs_failed_limit: 0.
num_arena_births: 180.
num_arena_deaths: 0.
num_vsnodes_births: 3.
num_vsnodes_deaths: 0.
num_space_committed: 204.
num_space_uncommitted: 0.
num_chunks_returned_to_freelist: 0.
num_chunks_taken_from_freelist: 556.
num_chunk_merges: 0.
num_chunk_splits: 392.
num_chunks_enlarged: 301.
num_purges: 0.
num_inconsistent_stats: 0.

CodeHeap 'non-profiled nmethods': size=120032Kb used=652Kb max_used=652Kb free=119379Kb
 bounds [0x0000000137ac8000, 0x0000000137d38000, 0x000000013f000000]
CodeHeap 'profiled nmethods': size=120016Kb used=3537Kb max_used=3537Kb free=116478Kb
 bounds [0x0000000130594000, 0x0000000130914000, 0x0000000137ac8000]
CodeHeap 'non-nmethods': size=5712Kb used=1361Kb max_used=1397Kb free=4350Kb
 bounds [0x0000000130000000, 0x0000000130270000, 0x0000000130594000]
 total_blobs=2640 nmethods=1895 adapters=661
 compilation: enabled
              stopped_count=0, restarted_count=0
 full_count=0

Compilation events (20 events):
Event: 2.749 Thread 0x0000000122816000 1922       1       javafx.scene.input.PickResult::getIntersectedPoint (5 bytes)
Event: 2.749 Thread 0x0000000122816000 nmethod 1922 0x0000000137b68910 code [0x0000000137b68a80, 0x0000000137b68b68]
Event: 2.749 Thread 0x0000000122816000 1923       3       javafx.scene.Scene::getRoot (22 bytes)
Event: 2.749 Thread 0x0000000122816000 nmethod 1923 0x00000001308fdb90 code [0x00000001308fdd80, 0x00000001308fe298]
Event: 2.750 Thread 0x0000000122816000 1924       3       com.sun.javafx.css.CascadingStyle::getParsedValue (11 bytes)
Event: 2.750 Thread 0x0000000122816000 nmethod 1924 0x00000001308fe410 code [0x00000001308fe5c0, 0x00000001308fe768]
Event: 2.751 Thread 0x0000000122816000 1925       3       javafx.scene.CssStyleHelper::getStyleHelper (13 bytes)
Event: 2.751 Thread 0x0000000122816000 nmethod 1925 0x00000001308fe890 code [0x00000001308fea40, 0x00000001308feba8]
Event: 2.751 Thread 0x0000000122816000 1926       3       com.sun.javafx.css.ParsedValueImpl::hashCode (236 bytes)
Event: 2.751 Thread 0x0000000122815a00 1929       4       com.sun.javafx.css.ParsedValueImpl::<init> (38 bytes)
Event: 2.752 Thread 0x0000000122816000 nmethod 1926 0x00000001308fec90 code [0x00000001308fef40, 0x00000001308ffd38]
Event: 2.752 Thread 0x0000000122816000 1931       3       com.sun.javafx.css.ParsedValueImpl::containsFontRelativeSize (231 bytes)
Event: 2.753 Thread 0x0000000122816000 nmethod 1931 0x0000000130900090 code [0x00000001309003c0, 0x0000000130901538]
Event: 2.753 Thread 0x0000000122816000 1932       3       com.sun.javafx.css.ParsedValueImpl::convert (24 bytes)
Event: 2.753 Thread 0x0000000122816000 nmethod 1932 0x0000000130901890 code [0x0000000130901a40, 0x0000000130901d18]
Event: 2.753 Thread 0x0000000122816000 1927       3       javafx.scene.CssStyleHelper::resolveRef (134 bytes)
Event: 2.754 Thread 0x0000000122816000 nmethod 1927 0x0000000130901e10 code [0x0000000130902100, 0x0000000130903008]
Event: 2.754 Thread 0x0000000122816000 1928       3       com.sun.javafx.css.PseudoClassState::containsAll (6 bytes)
Event: 2.754 Thread 0x0000000122816000 nmethod 1928 0x0000000130903410 code [0x00000001309035c0, 0x0000000130903758]
Event: 2.754 Thread 0x0000000122816000 1935       3       javafx.scene.paint.Paint::<init> (5 bytes)

GC Heap History (2 events):
Event: 0.378 GC heap before
{Heap before GC invocations=0 (full 0):
 garbage-first heap   total 133120K, used 23520K [0x0000000780000000, 0x0000000800000000)
  region size 1024K, 23 young (23552K), 0 survivors (0K)
 Metaspace       used 7854K, committed 8000K, reserved 1056768K
  class space    used 997K, committed 1088K, reserved 1048576K
}
Event: 0.380 GC heap after
{Heap after GC invocations=1 (full 0):
 garbage-first heap   total 133120K, used 4149K [0x0000000780000000, 0x0000000800000000)
  region size 1024K, 3 young (3072K), 3 survivors (3072K)
 Metaspace       used 7854K, committed 8000K, reserved 1056768K
  class space    used 997K, committed 1088K, reserved 1048576K
}

Deoptimization events (20 events):
Event: 0.682 Thread 0x0000000112808800 DEOPT PACKING pc=0x00000001308a06b8 sp=0x00000001726e54c0
Event: 0.682 Thread 0x0000000112808800 DEOPT UNPACKING pc=0x000000013003eb7c sp=0x00000001726e5120 mode 0
Event: 0.682 Thread 0x0000000112808800 DEOPT PACKING pc=0x00000001308a06b8 sp=0x00000001726e54c0
Event: 0.682 Thread 0x0000000112808800 DEOPT UNPACKING pc=0x000000013003eb7c sp=0x00000001726e5120 mode 0
Event: 0.682 Thread 0x0000000112808800 DEOPT PACKING pc=0x00000001308a06b8 sp=0x00000001726e54c0
Event: 0.682 Thread 0x0000000112808800 DEOPT UNPACKING pc=0x000000013003eb7c sp=0x00000001726e5120 mode 0
Event: 0.684 Thread 0x0000000112808800 DEOPT PACKING pc=0x00000001308a06b8 sp=0x00000001726e54c0
Event: 0.684 Thread 0x0000000112808800 DEOPT UNPACKING pc=0x000000013003eb7c sp=0x00000001726e5120 mode 0
Event: 0.684 Thread 0x0000000112808800 DEOPT PACKING pc=0x00000001308a06b8 sp=0x00000001726e54c0
Event: 0.684 Thread 0x0000000112808800 DEOPT UNPACKING pc=0x000000013003eb7c sp=0x00000001726e5120 mode 0
Event: 0.685 Thread 0x0000000112808800 DEOPT PACKING pc=0x00000001308a06b8 sp=0x00000001726e54c0
Event: 0.685 Thread 0x0000000112808800 DEOPT UNPACKING pc=0x000000013003eb7c sp=0x00000001726e5120 mode 0
Event: 0.685 Thread 0x0000000112808800 DEOPT PACKING pc=0x00000001308a06b8 sp=0x00000001726e54c0
Event: 0.685 Thread 0x0000000112808800 DEOPT UNPACKING pc=0x000000013003eb7c sp=0x00000001726e5120 mode 0
Event: 0.685 Thread 0x0000000112808800 DEOPT PACKING pc=0x00000001308a06b8 sp=0x00000001726e54c0
Event: 0.685 Thread 0x0000000112808800 DEOPT UNPACKING pc=0x000000013003eb7c sp=0x00000001726e5120 mode 0
Event: 0.685 Thread 0x0000000112808800 DEOPT PACKING pc=0x00000001308a06b8 sp=0x00000001726e54c0
Event: 0.685 Thread 0x0000000112808800 DEOPT UNPACKING pc=0x000000013003eb7c sp=0x00000001726e5120 mode 0
Event: 0.686 Thread 0x0000000112808800 DEOPT PACKING pc=0x00000001308a06b8 sp=0x00000001726e54c0
Event: 0.686 Thread 0x0000000112808800 DEOPT UNPACKING pc=0x000000013003eb7c sp=0x00000001726e5120 mode 0

Classes unloaded (0 events):
No events

Classes redefined (0 events):
No events

Internal exceptions (20 events):
Event: 0.184 Thread 0x0000000112808200 Exception <a 'java/lang/NoSuchMethodError'{0x00000007877fd9e0}: 'int java.lang.invoke.DirectMethodHandle$Holder.invokeStaticInit(java.lang.Object, java.lang.Object, java.lang.Object)'> (0x00000007877fd9e0) 
thrown [src/hotspot/share/interpreter/linkResolver.cpp, line 766]
Event: 0.293 Thread 0x00000001129eac00 Exception <a 'java/lang/NoSuchMethodError'{0x00000007873a7be8}: 'void java.lang.invoke.DirectMethodHandle$Holder.invokeStaticInit(java.lang.Object)'> (0x00000007873a7be8) 
thrown [src/hotspot/share/interpreter/linkResolver.cpp, line 766]
Event: 0.294 Thread 0x0000000112808200 Exception <a 'java/lang/NoSuchMethodError'{0x00000007876baaf8}: 'java.lang.Object java.lang.invoke.DirectMethodHandle$Holder.newInvokeSpecial(java.lang.Object, java.lang.Object, java.lang.Object, java.lang.Object, java.lang.Object, java.lang.Object)'> (0x00000007876baaf8) 
thrown [src/hotspot/share/interpreter/linkResolver.cpp, line 766]
Event: 0.303 Thread 0x0000000112808200 Exception <a 'java/lang/NoSuchMethodError'{0x00000007876ed100}: 'java.lang.Object java.lang.invoke.DirectMethodHandle$Holder.newInvokeSpecial(java.lang.Object, java.lang.Object, java.lang.Object, java.lang.Object, java.lang.Object)'> (0x00000007876ed100) 
thrown [src/hotspot/share/interpreter/linkResolver.cpp, line 766]
Event: 0.303 Thread 0x0000000122909e00 Exception <a 'java/lang/NoSuchMethodError'{0x000000078727a2f0}: 'void java.lang.invoke.DirectMethodHandle$Holder.invokeStatic(java.lang.Object, java.lang.Object, java.lang.Object, java.lang.Object)'> (0x000000078727a2f0) 
thrown [src/hotspot/share/interpreter/linkResolver.cpp, line 766]
Event: 0.322 Thread 0x00000001129eac00 Exception <a 'sun/nio/fs/UnixException'{0x00000007870e0008}> (0x00000007870e0008) 
thrown [src/hotspot/share/prims/jni.cpp, line 516]
Event: 0.343 Thread 0x00000001129eac00 Exception <a 'java/lang/NoSuchMethodError'{0x0000000786db5578}: 'java.lang.Object java.lang.invoke.DirectMethodHandle$Holder.invokeStaticInit(java.lang.Object, java.lang.Object, java.lang.Object, java.lang.Object)'> (0x0000000786db5578) 
thrown [src/hotspot/share/interpreter/linkResolver.cpp, line 766]
Event: 0.344 Thread 0x00000001129eac00 Exception <a 'java/lang/NullPointerException'{0x0000000786dc1280}> (0x0000000786dc1280) 
thrown [src/hotspot/share/interpreter/linkResolver.cpp, line 1357]
Event: 0.357 Thread 0x00000001129eac00 Exception <a 'java/lang/NoSuchMethodError'{0x0000000786b86570}: 'java.lang.Object java.lang.invoke.DirectMethodHandle$Holder.invokeSpecial(java.lang.Object, java.lang.Object, java.lang.Object, int, java.lang.Object)'> (0x0000000786b86570) 
thrown [src/hotspot/share/interpreter/linkResolver.cpp, line 766]
Event: 0.398 Thread 0x00000001129eac00 Exception <a 'java/lang/NoSuchMethodError'{0x0000000787c650c0}: 'void java.lang.invoke.DirectMethodHandle$Holder.invokeStaticInit(java.lang.Object, java.lang.Object)'> (0x0000000787c650c0) 
thrown [src/hotspot/share/interpreter/linkResolver.cpp, line 766]
Event: 0.432 Thread 0x00000001129eac00 Exception <a 'sun/nio/fs/UnixException'{0x000000078788d0f0}> (0x000000078788d0f0) 
thrown [src/hotspot/share/prims/jni.cpp, line 516]
Event: 0.437 Thread 0x00000001129eac00 Implicit null exception at 0x0000000137b08278 to 0x0000000137b08308
Event: 0.441 Thread 0x00000001129eac00 Implicit null exception at 0x0000000137b11b54 to 0x0000000137b11eac
Event: 0.441 Thread 0x00000001129eac00 Implicit null exception at 0x0000000137b13214 to 0x0000000137b135c8
Event: 0.441 Thread 0x00000001129eac00 Implicit null exception at 0x0000000137ae83d4 to 0x0000000137ae8440
Event: 0.557 Thread 0x00000001129eac00 Exception <a 'java/lang/NoSuchMethodError'{0x00000007872719d0}: 'void java.lang.invoke.DirectMethodHandle$Holder.invokeSpecial(java.lang.Object, java.lang.Object, java.lang.Object, java.lang.Object, java.lang.Object)'> (0x00000007872719d0) 
thrown [src/hotspot/share/interpreter/linkResolver.cpp, line 766]
Event: 0.557 Thread 0x00000001129eac00 Exception <a 'java/lang/NoSuchMethodError'{0x0000000787282428}: 'java.lang.Object java.lang.invoke.DirectMethodHandle$Holder.invokeInterface(java.lang.Object, java.lang.Object, java.lang.Object)'> (0x0000000787282428) 
thrown [src/hotspot/share/interpreter/linkResolver.cpp, line 766]
Event: 0.557 Thread 0x00000001129eac00 Exception <a 'java/lang/IncompatibleClassChangeError'{0x0000000787285db0}: Found class java.lang.Object, but interface was expected> (0x0000000787285db0) 
thrown [src/hotspot/share/interpreter/linkResolver.cpp, line 833]
Event: 0.592 Thread 0x00000001129eac00 Exception <a 'java/lang/NoSuchMethodError'{0x00000007870e1df8}: 'java.lang.Object java.lang.invoke.DirectMethodHandle$Holder.newInvokeSpecial(java.lang.Object, java.lang.Object, int)'> (0x00000007870e1df8) 
thrown [src/hotspot/share/interpreter/linkResolver.cpp, line 766]
Event: 0.645 Thread 0x0000000112808800 Exception <a 'java/lang/NoSuchMethodError'{0x0000000786e4e4c0}: 'int java.lang.invoke.DirectMethodHandle$Holder.invokeStaticInit(java.lang.Object, java.lang.Object)'> (0x0000000786e4e4c0) 
thrown [src/hotspot/share/interpreter/linkResolver.cpp, line 766]

VM Operations (20 events):
Event: 0.052 Executing VM operation: HandshakeAllThreads
Event: 0.052 Executing VM operation: HandshakeAllThreads done
Event: 0.061 Executing VM operation: HandshakeAllThreads
Event: 0.061 Executing VM operation: HandshakeAllThreads done
Event: 0.064 Executing VM operation: ICBufferFull
Event: 0.064 Executing VM operation: ICBufferFull done
Event: 0.376 Executing VM operation: HandshakeAllThreads
Event: 0.376 Executing VM operation: HandshakeAllThreads done
Event: 0.378 Executing VM operation: G1CollectForAllocation
Event: 0.380 Executing VM operation: G1CollectForAllocation done
Event: 0.404 Executing VM operation: ICBufferFull
Event: 0.404 Executing VM operation: ICBufferFull done
Event: 0.550 Executing VM operation: ICBufferFull
Event: 0.550 Executing VM operation: ICBufferFull done
Event: 0.550 Executing VM operation: HandshakeAllThreads
Event: 0.550 Executing VM operation: HandshakeAllThreads done
Event: 0.637 Executing VM operation: ICBufferFull
Event: 0.637 Executing VM operation: ICBufferFull done
Event: 2.043 Executing VM operation: Cleanup
Event: 2.043 Executing VM operation: Cleanup done

Events (20 events):
Event: 1.152 loading class sun/util/resources/OpenListResourceBundle
Event: 1.152 loading class sun/util/resources/OpenListResourceBundle done
Event: 1.152 loading class sun/util/resources/TimeZoneNamesBundle done
Event: 1.152 loading class sun/util/resources/cldr/TimeZoneNames done
Event: 1.152 loading class sun/util/resources/cldr/TimeZoneNames_en
Event: 1.153 loading class sun/util/resources/cldr/TimeZoneNames_en done
Event: 1.153 loading class sun/util/resources/cldr/TimeZoneNames_en_US
Event: 1.153 loading class sun/util/resources/cldr/TimeZoneNames_en_US done
Event: 1.153 loading class sun/util/resources/TimeZoneNames
Event: 1.154 loading class sun/util/resources/TimeZoneNames done
Event: 1.154 loading class sun/util/resources/TimeZoneNames_en
Event: 1.154 loading class sun/util/resources/TimeZoneNames_en done
Event: 2.546 loading class java/util/EnumMap$Values
Event: 2.546 loading class java/util/EnumMap$Values done
Event: 2.546 loading class java/util/EnumMap$ValueIterator
Event: 2.546 loading class java/util/EnumMap$EnumMapIterator
Event: 2.546 loading class java/util/EnumMap$EnumMapIterator done
Event: 2.546 loading class java/util/EnumMap$ValueIterator done
Event: 2.749 Protecting memory [0x0000000172988000,0x0000000172994000] with protection modes 0
Event: 2.749 Thread 0x000000012382ba00 Thread added: 0x000000012382ba00


Dynamic libraries:
0x00000001002d8000 	/Library/Java/JavaVirtualMachines/amazon-corretto-17.jdk/Contents/Home/lib/libjli.dylib
0x000000019bfc2000 	/usr/lib/libz.1.dylib
0x000000019c072000 	/usr/lib/libSystem.B.dylib
0x000000019c06c000 	/usr/lib/system/libcache.dylib
0x000000019c02a000 	/usr/lib/system/libcommonCrypto.dylib
0x000000019c053000 	/usr/lib/system/libcompiler_rt.dylib
0x000000019c04a000 	/usr/lib/system/libcopyfile.dylib
0x0000000191376000 	/usr/lib/system/libcorecrypto.dylib
0x000000019141b000 	/usr/lib/system/libdispatch.dylib
0x00000001915e3000 	/usr/lib/system/libdyld.dylib
0x000000019c062000 	/usr/lib/system/libkeymgr.dylib
0x000000019c00c000 	/usr/lib/system/libmacho.dylib
0x000000019b718000 	/usr/lib/system/libquarantine.dylib
0x000000019c05f000 	/usr/lib/system/libremovefile.dylib
0x0000000196765000 	/usr/lib/system/libsystem_asl.dylib
0x0000000191320000 	/usr/lib/system/libsystem_blocks.dylib
0x00000001914a1000 	/usr/lib/system/libsystem_c.dylib
0x000000019c057000 	/usr/lib/system/libsystem_collections.dylib
0x000000019ab75000 	/usr/lib/system/libsystem_configuration.dylib
0x0000000199dfb000 	/usr/lib/system/libsystem_containermanager.dylib
0x000000019bd76000 	/usr/lib/system/libsystem_coreservices.dylib
0x0000000193d08000 	/usr/lib/system/libsystem_darwin.dylib
0x000000019c063000 	/usr/lib/system/libsystem_dnssd.dylib
0x000000019149e000 	/usr/lib/system/libsystem_featureflags.dylib
0x00000001915f8000 	/usr/lib/system/libsystem_info.dylib
0x000000019bfd4000 	/usr/lib/system/libsystem_m.dylib
0x00000001913f0000 	/usr/lib/system/libsystem_malloc.dylib
0x00000001966f6000 	/usr/lib/system/libsystem_networkextension.dylib
0x000000019415b000 	/usr/lib/system/libsystem_notify.dylib
0x00000001a223f000 	/usr/lib/system/libsystem_product_info_filter.dylib
0x000000019ab7a000 	/usr/lib/system/libsystem_sandbox.dylib
0x000000019c05c000 	/usr/lib/system/libsystem_secinit.dylib
0x00000001915a0000 	/usr/lib/system/libsystem_kernel.dylib
0x00000001915f0000 	/usr/lib/system/libsystem_platform.dylib
0x00000001915d6000 	/usr/lib/system/libsystem_pthread.dylib
0x0000000197e9b000 	/usr/lib/system/libsystem_symptoms.dylib
0x000000019135c000 	/usr/lib/system/libsystem_trace.dylib
0x000000019c037000 	/usr/lib/system/libunwind.dylib
0x0000000191322000 	/usr/lib/system/libxpc.dylib
0x0000000191586000 	/usr/lib/libc++abi.dylib
0x0000000191462000 	/usr/lib/libobjc.A.dylib
0x000000019c042000 	/usr/lib/liboah.dylib
0x0000000191522000 	/usr/lib/libc++.1.dylib
0x00000001a7c1c000 	/System/Library/Frameworks/Cocoa.framework/Versions/A/Cocoa
0x00000001941ba000 	/System/Library/Frameworks/AppKit.framework/Versions/C/AppKit
0x00000001976dc000 	/System/Library/Frameworks/CoreData.framework/Versions/A/CoreData
0x000000019251b000 	/System/Library/Frameworks/Foundation.framework/Versions/C/Foundation
0x000000019506c000 	/System/Library/PrivateFrameworks/UIFoundation.framework/Versions/A/UIFoundation
0x00000001a1f39000 	/System/Library/PrivateFrameworks/RemoteViewServices.framework/Versions/A/RemoteViewServices
0x000000019a534000 	/System/Library/PrivateFrameworks/XCTTargetBootstrap.framework/Versions/A/XCTTargetBootstrap
0x000000019dd74000 	/System/Library/PrivateFrameworks/InternationalSupport.framework/Versions/A/InternationalSupport
0x000000019ddfd000 	/System/Library/PrivateFrameworks/UserActivity.framework/Versions/A/UserActivity
0x000000019d29f000 	/usr/lib/libspindump.dylib
0x00000001952dc000 	/System/Library/Frameworks/UniformTypeIdentifiers.framework/Versions/A/UniformTypeIdentifiers
0x0000000198ac2000 	/usr/lib/libapp_launch_measurement.dylib
0x000000019803f000 	/System/Library/PrivateFrameworks/CoreAnalytics.framework/Versions/A/CoreAnalytics
0x0000000198ac5000 	/System/Library/PrivateFrameworks/CoreAutoLayout.framework/Versions/A/CoreAutoLayout
0x0000000199e38000 	/System/Library/Frameworks/Metal.framework/Versions/A/Metal
0x000000019ab85000 	/usr/lib/liblangid.dylib
0x000000019a538000 	/System/Library/PrivateFrameworks/CoreSVG.framework/Versions/A/CoreSVG
0x0000000196799000 	/System/Library/PrivateFrameworks/SkyLight.framework/Versions/A/SkyLight
0x0000000196b61000 	/System/Library/Frameworks/CoreGraphics.framework/Versions/A/CoreGraphics
0x00000001a25b2000 	/System/Library/Frameworks/Accelerate.framework/Versions/A/Accelerate
0x000000019cd14000 	/System/Library/PrivateFrameworks/IconServices.framework/Versions/A/IconServices
0x0000000199e1a000 	/System/Library/Frameworks/IOSurface.framework/Versions/A/IOSurface
0x000000019806f000 	/usr/lib/libDiagnosticMessagesClient.dylib
0x00000001a59ea000 	/System/Library/Frameworks/ApplicationServices.framework/Versions/A/ApplicationServices
0x000000019a51c000 	/System/Library/PrivateFrameworks/DFRFoundation.framework/Versions/A/DFRFoundation
0x0000000193a5d000 	/usr/lib/libicucore.A.dylib
0x000000019eb71000 	/System/Library/Frameworks/AudioToolbox.framework/Versions/A/AudioToolbox
0x000000019dd80000 	/System/Library/PrivateFrameworks/DataDetectorsCore.framework/Versions/A/DataDetectorsCore
0x00000001b3d9c000 	/System/Library/PrivateFrameworks/TextInput.framework/Versions/A/TextInput
0x0000000196710000 	/usr/lib/libMobileGestalt.dylib
0x000000019a1ec000 	/System/Library/Frameworks/Carbon.framework/Versions/A/Frameworks/HIToolbox.framework/Versions/A/HIToolbox
0x00000001984cc000 	/System/Library/Frameworks/QuartzCore.framework/Versions/A/QuartzCore
0x00000001936da000 	/System/Library/Frameworks/Security.framework/Versions/A/Security
0x00000001a1f79000 	/System/Library/Frameworks/Carbon.framework/Versions/A/Frameworks/SpeechRecognition.framework/Versions/A/SpeechRecognition
0x0000000198819000 	/System/Library/PrivateFrameworks/CoreUI.framework/Versions/A/CoreUI
0x0000000192fad000 	/System/Library/Frameworks/CoreAudio.framework/Versions/A/CoreAudio
0x000000019815f000 	/System/Library/Frameworks/DiskArbitration.framework/Versions/A/DiskArbitration
0x000000019d687000 	/System/Library/PrivateFrameworks/MultitouchSupport.framework/Versions/A/MultitouchSupport
0x000000019670e000 	/usr/lib/libenergytrace.dylib
0x0000000194086000 	/System/Library/Frameworks/IOKit.framework/Versions/A/IOKit
0x00000001a2360000 	/System/Library/Frameworks/CoreServices.framework/Versions/A/CoreServices
0x0000000198a52000 	/System/Library/PrivateFrameworks/PerformanceAnalysis.framework/Versions/A/PerformanceAnalysis
0x00000001f25c1000 	/System/Library/Frameworks/OpenGL.framework/Versions/A/OpenGL
0x000000019b638000 	/System/Library/PrivateFrameworks/MobileKeyBag.framework/Versions/A/MobileKeyBag
0x0000000197171000 	/System/Library/Frameworks/ColorSync.framework/Versions/A/ColorSync
0x0000000191624000 	/System/Library/Frameworks/CoreFoundation.framework/Versions/A/CoreFoundation
0x000000019a7b9000 	/System/Library/Frameworks/CoreImage.framework/Versions/A/CoreImage
0x0000000192dd0000 	/System/Library/Frameworks/CoreText.framework/Versions/A/CoreText
0x000000019a568000 	/System/Library/Frameworks/ImageIO.framework/Versions/A/ImageIO
0x000000019c078000 	/System/Library/PrivateFrameworks/SoftLinking.framework/Versions/A/SoftLinking
0x0000000198b0f000 	/usr/lib/libxml2.2.dylib
0x000000019c310000 	/usr/lib/libcompression.dylib
0x000000019dccd000 	/System/Library/PrivateFrameworks/TextureIO.framework/Versions/A/TextureIO
0x000000019ca2e000 	/usr/lib/libate.dylib
0x000000019c8f6000 	/usr/lib/liblzma.5.dylib
0x000000019220c000 	/System/Library/Frameworks/SystemConfiguration.framework/Versions/A/SystemConfiguration
0x000000019c074000 	/usr/lib/libfakelink.dylib
0x000000019623e000 	/System/Library/Frameworks/CFNetwork.framework/Versions/A/CFNetwork
0x000000019c1bb000 	/usr/lib/libarchive.2.dylib
0x000000019ab81000 	/System/Library/PrivateFrameworks/AppleSystemInfo.framework/Versions/A/AppleSystemInfo
0x000000019b742000 	/usr/lib/libbsm.0.dylib
0x000000019577b000 	/usr/lib/libnetwork.dylib
0x000000019c012000 	/usr/lib/system/libkxld.dylib
0x000000019b35a000 	/System/Library/PrivateFrameworks/IOMobileFramebuffer.framework/Versions/A/IOMobileFramebuffer
0x000000020deec000 	/usr/lib/libCoreEntitlements.dylib
0x000000019bd58000 	/System/Library/PrivateFrameworks/AppleFSCompression.framework/Versions/A/AppleFSCompression
0x000000019b72b000 	/usr/lib/libcoretls.dylib
0x000000019c90f000 	/usr/lib/libcoretls_cfhelpers.dylib
0x000000019c30b000 	/usr/lib/libpam.2.dylib
0x0000000197ac3000 	/usr/lib/libsqlite3.dylib
0x000000019c977000 	/usr/lib/libxar.1.dylib
0x000000019bd69000 	/usr/lib/libbz2.1.0.dylib
0x000000019c079000 	/usr/lib/libpcap.A.dylib
0x0000000197e92000 	/usr/lib/libdns_services.dylib
0x000000019c2de000 	/usr/lib/libapple_nghttp2.dylib
0x000000019c0b6000 	/usr/lib/libiconv.2.dylib
0x000000019c00b000 	/usr/lib/libcharset.1.dylib
0x0000000198a8e000 	/System/Library/Frameworks/CoreServices.framework/Versions/A/Frameworks/FSEvents.framework/Versions/A/FSEvents
0x0000000193d13000 	/System/Library/Frameworks/CoreServices.framework/Versions/A/Frameworks/CarbonCore.framework/Versions/A/CarbonCore
0x00000001980c2000 	/System/Library/Frameworks/CoreServices.framework/Versions/A/Frameworks/Metadata.framework/Versions/A/Metadata
0x000000019bd7c000 	/System/Library/Frameworks/CoreServices.framework/Versions/A/Frameworks/OSServices.framework/Versions/A/OSServices
0x000000019c240000 	/System/Library/Frameworks/CoreServices.framework/Versions/A/Frameworks/SearchKit.framework/Versions/A/SearchKit
0x0000000197e20000 	/System/Library/Frameworks/CoreServices.framework/Versions/A/Frameworks/AE.framework/Versions/A/AE
0x0000000191b68000 	/System/Library/Frameworks/CoreServices.framework/Versions/A/Frameworks/LaunchServices.framework/Versions/A/LaunchServices
0x000000019c89f000 	/System/Library/Frameworks/CoreServices.framework/Versions/A/Frameworks/DictionaryServices.framework/Versions/A/DictionaryServices
0x0000000198a9b000 	/System/Library/Frameworks/CoreServices.framework/Versions/A/Frameworks/SharedFileList.framework/Versions/A/SharedFileList
0x000000019b71b000 	/usr/lib/libCheckFix.dylib
0x000000019677d000 	/System/Library/PrivateFrameworks/TCC.framework/Versions/A/TCC
0x000000019ab87000 	/System/Library/PrivateFrameworks/CoreNLP.framework/Versions/A/CoreNLP
0x0000000198072000 	/System/Library/PrivateFrameworks/MetadataUtilities.framework/Versions/A/MetadataUtilities
0x00000001922c5000 	/usr/lib/libmecabra.dylib
0x000000019b753000 	/usr/lib/libmecab.dylib
0x0000000192291000 	/usr/lib/libCRFSuite.dylib
0x000000019b7b1000 	/usr/lib/libgermantok.dylib
0x000000019c2b7000 	/usr/lib/libThaiTokenizer.dylib
0x0000000198167000 	/System/Library/Frameworks/Accelerate.framework/Versions/A/Frameworks/vImage.framework/Versions/A/vImage
0x00000001a2337000 	/System/Library/Frameworks/Accelerate.framework/Versions/A/Frameworks/vecLib.framework/Versions/A/vecLib
0x000000019c9bb000 	/System/Library/Frameworks/Accelerate.framework/Versions/A/Frameworks/vecLib.framework/Versions/A/libvMisc.dylib
0x000000019b264000 	/System/Library/Frameworks/Accelerate.framework/Versions/A/Frameworks/vecLib.framework/Versions/A/libvDSP.dylib
0x0000000191eeb000 	/System/Library/Frameworks/Accelerate.framework/Versions/A/Frameworks/vecLib.framework/Versions/A/libBLAS.dylib
0x000000019c3df000 	/System/Library/Frameworks/Accelerate.framework/Versions/A/Frameworks/vecLib.framework/Versions/A/libLAPACK.dylib
0x000000019b7b4000 	/System/Library/Frameworks/Accelerate.framework/Versions/A/Frameworks/vecLib.framework/Versions/A/libLinearAlgebra.dylib
0x000000019c2f6000 	/System/Library/Frameworks/Accelerate.framework/Versions/A/Frameworks/vecLib.framework/Versions/A/libSparseBLAS.dylib
0x000000019c3da000 	/System/Library/Frameworks/Accelerate.framework/Versions/A/Frameworks/vecLib.framework/Versions/A/libQuadrature.dylib
0x000000019ac7e000 	/System/Library/Frameworks/Accelerate.framework/Versions/A/Frameworks/vecLib.framework/Versions/A/libBNNS.dylib
0x00000001921a9000 	/System/Library/Frameworks/Accelerate.framework/Versions/A/Frameworks/vecLib.framework/Versions/A/libSparse.dylib
0x000000019ac76000 	/System/Library/PrivateFrameworks/LinguisticData.framework/Versions/A/LinguisticData
0x000000019215f000 	/System/Library/PrivateFrameworks/Lexicon.framework/Versions/A/Lexicon
0x000000019c9b3000 	/usr/lib/libChineseTokenizer.dylib
0x0000000192909000 	/System/Library/PrivateFrameworks/LanguageModeling.framework/Versions/A/LanguageModeling
0x000000019c2b9000 	/System/Library/PrivateFrameworks/AppleSauce.framework/Versions/A/AppleSauce
0x000000019b347000 	/System/Library/PrivateFrameworks/CoreEmoji.framework/Versions/A/CoreEmoji
0x000000019c1a9000 	/usr/lib/libcmph.dylib
0x0000000198a6e000 	/System/Library/Frameworks/OpenDirectory.framework/Versions/A/Frameworks/CFOpenDirectory.framework/Versions/A/CFOpenDirectory
0x0000000198a5e000 	/System/Library/Frameworks/OpenDirectory.framework/Versions/A/OpenDirectory
0x000000019c911000 	/System/Library/PrivateFrameworks/APFS.framework/Versions/A/APFS
0x000000019b673000 	/System/Library/Frameworks/SecurityFoundation.framework/Versions/A/SecurityFoundation
0x000000019c985000 	/usr/lib/libutil.dylib
0x0000000194048000 	/System/Library/PrivateFrameworks/CoreServicesStore.framework/Versions/A/CoreServicesStore
0x000000019c989000 	/usr/lib/libxslt.1.dylib
0x000000019b707000 	/System/Library/PrivateFrameworks/BackgroundTaskManagement.framework/Versions/A/BackgroundTaskManagement
0x000000019dbee000 	/System/Library/Frameworks/ImageIO.framework/Versions/A/Resources/libRadiance.dylib
0x000000019dbf7000 	/System/Library/Frameworks/ImageIO.framework/Versions/A/Resources/libJPEG.dylib
0x000000019db49000 	/System/Library/Frameworks/ImageIO.framework/Versions/A/Resources/libPng.dylib
0x000000019db6b000 	/System/Library/Frameworks/ImageIO.framework/Versions/A/Resources/libTIFF.dylib
0x000000019dc52000 	/System/Library/Frameworks/ImageIO.framework/Versions/A/Resources/libGIF.dylib
0x000000019d597000 	/System/Library/Frameworks/ImageIO.framework/Versions/A/Resources/libJP2.dylib
0x000000019ccda000 	/usr/lib/libexpat.1.dylib
0x000000019d552000 	/System/Library/PrivateFrameworks/AppleJPEG.framework/Versions/A/AppleJPEG
0x000000019a0ab000 	/System/Library/PrivateFrameworks/FontServices.framework/libFontParser.dylib
0x0000000197dc5000 	/System/Library/PrivateFrameworks/RunningBoardServices.framework/Versions/A/RunningBoardServices
0x00000001a8287000 	/System/Library/PrivateFrameworks/IOSurfaceAccelerator.framework/Versions/A/IOSurfaceAccelerator
0x000000019d683000 	/System/Library/PrivateFrameworks/WatchdogClient.framework/Versions/A/WatchdogClient
0x0000000192a0d000 	/System/Library/Frameworks/CoreDisplay.framework/Versions/A/CoreDisplay
0x0000000199f9a000 	/System/Library/Frameworks/CoreMedia.framework/Versions/A/CoreMedia
0x0000000199e2e000 	/System/Library/PrivateFrameworks/IOAccelerator.framework/Versions/A/IOAccelerator
0x0000000198bfc000 	/System/Library/Frameworks/CoreVideo.framework/Versions/A/CoreVideo
0x000000019c309000 	/System/Library/Frameworks/MetalPerformanceShaders.framework/Versions/A/MetalPerformanceShaders
0x000000019d6c0000 	/System/Library/Frameworks/VideoToolbox.framework/Versions/A/VideoToolbox
0x0000000197d09000 	/System/Library/PrivateFrameworks/BaseBoard.framework/Versions/A/BaseBoard
0x0000000197aa8000 	/System/Library/PrivateFrameworks/ProtocolBuffer.framework/Versions/A/ProtocolBuffer
0x000000019dbe9000 	/System/Library/PrivateFrameworks/GPUWrangler.framework/Versions/A/GPUWrangler
0x000000019dbc8000 	/System/Library/PrivateFrameworks/IOPresentment.framework/Versions/A/IOPresentment
0x000000019dbf1000 	/System/Library/PrivateFrameworks/DSExternalDisplay.framework/Versions/A/DSExternalDisplay
0x00000001f25b4000 	/System/Library/Frameworks/OpenGL.framework/Versions/A/Libraries/libCoreFSCache.dylib
0x00000001fbcce000 	/System/Library/PrivateFrameworks/GPUCompiler.framework/Versions/31001/Libraries/libGPUCompilerUtils.dylib
0x000000019dc57000 	/System/Library/PrivateFrameworks/CMCaptureCore.framework/Versions/A/CMCaptureCore
0x000000019d28d000 	/System/Library/PrivateFrameworks/AppServerSupport.framework/Versions/A/AppServerSupport
0x000000019f42c000 	/System/Library/PrivateFrameworks/perfdata.framework/Versions/A/perfdata
0x0000000192b2d000 	/System/Library/PrivateFrameworks/AudioToolboxCore.framework/Versions/A/AudioToolboxCore
0x0000000199f72000 	/System/Library/PrivateFrameworks/caulk.framework/Versions/A/caulk
0x000000019ed21000 	/usr/lib/libAudioStatistics.dylib
0x00000001b053a000 	/System/Library/PrivateFrameworks/SystemPolicy.framework/Versions/A/SystemPolicy
0x000000019ef81000 	/usr/lib/libSMC.dylib
0x00000001a7afe000 	/System/Library/Frameworks/CoreMIDI.framework/Versions/A/CoreMIDI
0x000000019db17000 	/usr/lib/libAudioToolboxUtility.dylib
0x00000001ac9e0000 	/System/Library/PrivateFrameworks/OSAServicesClient.framework/Versions/A/OSAServicesClient
0x000000019f439000 	/usr/lib/libperfcheck.dylib
0x00000001b103d000 	/usr/lib/libmis.dylib
0x00000001f2615000 	/System/Library/Frameworks/OpenGL.framework/Versions/A/Libraries/libGLU.dylib
0x00000001f25d4000 	/System/Library/Frameworks/OpenGL.framework/Versions/A/Libraries/libGFXShared.dylib
0x00000001f27be000 	/System/Library/Frameworks/OpenGL.framework/Versions/A/Libraries/libGL.dylib
0x00000001f25dd000 	/System/Library/Frameworks/OpenGL.framework/Versions/A/Libraries/libGLImage.dylib
0x00000001f25d1000 	/System/Library/Frameworks/OpenGL.framework/Versions/A/Libraries/libCVMSPluginSupport.dylib
0x00000001f25bb000 	/System/Library/Frameworks/OpenGL.framework/Versions/A/Libraries/libCoreVMClient.dylib
0x000000019ab03000 	/System/Library/Frameworks/MetalPerformanceShaders.framework/Versions/A/Frameworks/MPSCore.framework/Versions/A/MPSCore
0x000000019bccb000 	/System/Library/Frameworks/MetalPerformanceShaders.framework/Versions/A/Frameworks/MPSImage.framework/Versions/A/MPSImage
0x000000019b7c9000 	/System/Library/Frameworks/MetalPerformanceShaders.framework/Versions/A/Frameworks/MPSNeuralNetwork.framework/Versions/A/MPSNeuralNetwork
0x000000019bc06000 	/System/Library/Frameworks/MetalPerformanceShaders.framework/Versions/A/Frameworks/MPSMatrix.framework/Versions/A/MPSMatrix
0x000000019b9e1000 	/System/Library/Frameworks/MetalPerformanceShaders.framework/Versions/A/Frameworks/MPSRayIntersector.framework/Versions/A/MPSRayIntersector
0x000000019bc37000 	/System/Library/Frameworks/MetalPerformanceShaders.framework/Versions/A/Frameworks/MPSNDArray.framework/Versions/A/MPSNDArray
0x00000001f42d0000 	/System/Library/Frameworks/MetalPerformanceShaders.framework/Versions/A/Frameworks/MPSFunctions.framework/Versions/A/MPSFunctions
0x0000000191dc9000 	/System/Library/PrivateFrameworks/MetalTools.framework/Versions/A/MetalTools
0x000000019ab7f000 	/System/Library/PrivateFrameworks/AggregateDictionary.framework/Versions/A/AggregateDictionary
0x000000019cac0000 	/usr/lib/libIOReport.dylib
0x00000001a6aec000 	/System/Library/PrivateFrameworks/ASEProcessing.framework/Versions/A/ASEProcessing
0x000000019ce32000 	/System/Library/PrivateFrameworks/FaceCore.framework/Versions/A/FaceCore
0x000000019ce24000 	/System/Library/PrivateFrameworks/GraphVisualizer.framework/Versions/A/GraphVisualizer
0x00000001fbbe5000 	/System/Library/PrivateFrameworks/FontServices.framework/Versions/A/FontServices
0x000000019d247000 	/System/Library/PrivateFrameworks/OTSVG.framework/Versions/A/OTSVG
0x00000001987ca000 	/System/Library/Frameworks/ApplicationServices.framework/Versions/A/Frameworks/ATS.framework/Versions/A/Resources/libFontRegistry.dylib
0x000000019d296000 	/System/Library/PrivateFrameworks/FontServices.framework/libhvf.dylib
0x00000001fbbe6000 	/System/Library/PrivateFrameworks/FontServices.framework/libXTFontStaticRegistryData.dylib
0x00000001f2960000 	/System/Library/Frameworks/OpenCL.framework/Versions/A/OpenCL
0x000000019cc8e000 	/System/Library/PrivateFrameworks/AppleVA.framework/Versions/A/AppleVA
0x000000019ed49000 	/System/Library/Frameworks/ApplicationServices.framework/Versions/A/Frameworks/ATS.framework/Versions/A/ATS
0x000000019726e000 	/System/Library/Frameworks/ApplicationServices.framework/Versions/A/Frameworks/HIServices.framework/Versions/A/HIServices
0x000000019dc61000 	/System/Library/Frameworks/ApplicationServices.framework/Versions/A/Frameworks/PrintCore.framework/Versions/A/PrintCore
0x000000019f0d4000 	/System/Library/Frameworks/ApplicationServices.framework/Versions/A/Frameworks/QD.framework/Versions/A/QD
0x000000019f0cc000 	/System/Library/Frameworks/ApplicationServices.framework/Versions/A/Frameworks/ColorSyncLegacy.framework/Versions/A/ColorSyncLegacy
0x000000019ed35000 	/System/Library/Frameworks/ApplicationServices.framework/Versions/A/Frameworks/SpeechSynthesis.framework/Versions/A/SpeechSynthesis
0x000000019dc22000 	/System/Library/Frameworks/ApplicationServices.framework/Versions/A/Frameworks/ATSUI.framework/Versions/A/ATSUI
0x000000019f061000 	/usr/lib/libcups.2.dylib
0x000000019f447000 	/System/Library/Frameworks/Kerberos.framework/Versions/A/Kerberos
0x000000019f458000 	/System/Library/Frameworks/GSS.framework/Versions/A/GSS
0x000000019edb8000 	/usr/lib/libresolv.9.dylib
0x000000019d2a4000 	/System/Library/PrivateFrameworks/Heimdal.framework/Versions/A/Heimdal
0x00000001a5d60000 	/System/Library/Frameworks/Kerberos.framework/Versions/A/Libraries/libHeimdalProxy.dylib
0x0000000197ea4000 	/System/Library/Frameworks/Network.framework/Versions/A/Network
0x000000019ccf5000 	/usr/lib/libheimdal-asn1.dylib
0x000000019f49e000 	/System/Library/PrivateFrameworks/CommonAuth.framework/Versions/A/CommonAuth
0x000000019ecaf000 	/System/Library/PrivateFrameworks/AudioSession.framework/Versions/A/AudioSession
0x000000019cd86000 	/System/Library/PrivateFrameworks/MediaExperience.framework/Versions/A/MediaExperience
0x000000019eb37000 	/System/Library/PrivateFrameworks/AudioSession.framework/libSessionUtility.dylib
0x000000019f0e0000 	/System/Library/PrivateFrameworks/AudioResourceArbitration.framework/Versions/A/AudioResourceArbitration
0x000000019ccfe000 	/System/Library/PrivateFrameworks/IconFoundation.framework/Versions/A/IconFoundation
0x00000001a1f65000 	/System/Library/PrivateFrameworks/SpeechRecognitionCore.framework/Versions/A/SpeechRecognitionCore
0x00000001015dc000 	/Library/Java/JavaVirtualMachines/amazon-corretto-17.jdk/Contents/Home/lib/server/libjvm.dylib
0x000000010033c000 	/Library/Java/JavaVirtualMachines/amazon-corretto-17.jdk/Contents/Home/lib/libjimage.dylib
0x0000000100368000 	/Library/Java/JavaVirtualMachines/amazon-corretto-17.jdk/Contents/Home/lib/libinstrument.dylib
0x00000001003b4000 	/Library/Java/JavaVirtualMachines/amazon-corretto-17.jdk/Contents/Home/lib/libjava.dylib
0x0000000100514000 	/Library/Java/JavaVirtualMachines/amazon-corretto-17.jdk/Contents/Home/lib/libnio.dylib
0x000000010133c000 	/Library/Java/JavaVirtualMachines/amazon-corretto-17.jdk/Contents/Home/lib/libnet.dylib
0x000000010039c000 	/Library/Java/JavaVirtualMachines/amazon-corretto-17.jdk/Contents/Home/lib/libzip.dylib
0x0000000101360000 	/Users/raihanromzi/.openjfx/cache/17-ea/libprism_es2.dylib
0x000000019400b000 	/System/Library/PrivateFrameworks/CoreServicesInternal.framework/Versions/A/CoreServicesInternal
0x00000001f27c8000 	/System/Library/Frameworks/OpenGL.framework/Versions/A/Resources/GLEngine.bundle/GLEngine
0x00000001f264f000 	/System/Library/Frameworks/OpenGL.framework/Versions/A/Libraries/libGLProgrammability.dylib
0x0000000110030000 	/System/Library/Extensions/AppleMetalOpenGLRenderer.bundle/Contents/MacOS/AppleMetalOpenGLRenderer
0x00000001f2937000 	/System/Library/Frameworks/OpenGL.framework/Versions/A/Resources/GLRendererFloat.bundle/GLRendererFloat
0x00000001f29d8000 	/System/Library/Extensions/AGXMetal13_3.bundle/Contents/MacOS/AGXMetal13_3
0x00000001b1059000 	/System/Library/PrivateFrameworks/GPURawCounter.framework/Versions/A/GPURawCounter
0x00000001abb2e000 	/System/Library/PrivateFrameworks/IOGPU.framework/Versions/A/IOGPU
0x0000000110c00000 	/Users/raihanromzi/.openjfx/cache/17-ea/libglass.dylib
0x00000001a3405000 	/System/Library/Frameworks/FileProvider.framework/Versions/A/FileProvider
0x0000000197c71000 	/System/Library/Frameworks/Accounts.framework/Versions/A/Accounts
0x00000001a3585000 	/System/Library/PrivateFrameworks/GenerationalStorage.framework/Versions/A/GenerationalStorage
0x00000001a4135000 	/System/Library/PrivateFrameworks/CoreSymbolication.framework/Versions/A/CoreSymbolication
0x00000001a31a5000 	/System/Library/PrivateFrameworks/SymptomDiagnosticReporter.framework/Versions/A/SymptomDiagnosticReporter
0x00000001952f0000 	/System/Library/PrivateFrameworks/DesktopServicesPriv.framework/Versions/A/DesktopServicesPriv
0x000000019416a000 	/usr/lib/libsandbox.1.dylib
0x0000000198c88000 	/System/Library/PrivateFrameworks/UserManagement.framework/Versions/A/UserManagement
0x00000001a40f6000 	/System/Library/PrivateFrameworks/DebugSymbols.framework/Versions/A/DebugSymbols
0x000000019f0bf000 	/System/Library/PrivateFrameworks/NetAuth.framework/Versions/A/NetAuth
0x000000019ffbd000 	/System/Library/PrivateFrameworks/Sharing.framework/Versions/A/Sharing
0x0000000198c58000 	/System/Library/PrivateFrameworks/login.framework/Versions/A/Frameworks/loginsupport.framework/Versions/A/loginsupport
0x00000001a52a6000 	/System/Library/PrivateFrameworks/Apple80211.framework/Versions/A/Apple80211
0x000000019bdaf000 	/System/Library/PrivateFrameworks/AuthKit.framework/Versions/A/AuthKit
0x000000019b446000 	/System/Library/PrivateFrameworks/CoreUtils.framework/Versions/A/CoreUtils
0x000000019b366000 	/System/Library/Frameworks/CoreWLAN.framework/Versions/A/CoreWLAN
0x00000001a0126000 	/System/Library/Frameworks/IOBluetooth.framework/Versions/A/IOBluetooth
0x00000001a5306000 	/System/Library/PrivateFrameworks/CoreWiFi.framework/Versions/A/CoreWiFi
0x00000001a3cdd000 	/System/Library/PrivateFrameworks/FrontBoardServices.framework/Versions/A/FrontBoardServices
0x00000001a3d75000 	/System/Library/PrivateFrameworks/BoardServices.framework/Versions/A/BoardServices
0x000000019b661000 	/System/Library/PrivateFrameworks/AssertionServices.framework/Versions/A/AssertionServices
0x00000001a5474000 	/System/Library/PrivateFrameworks/BackBoardServices.framework/Versions/A/BackBoardServices
0x000000019f531000 	/System/Library/PrivateFrameworks/CorePhoneNumbers.framework/Versions/A/CorePhoneNumbers
0x00000001a32d5000 	/System/Library/PrivateFrameworks/DiskManagement.framework/Versions/A/DiskManagement
0x00000001a31d8000 	/System/Library/PrivateFrameworks/AppleIDAuthSupport.framework/Versions/A/AppleIDAuthSupport
0x00000001f6569000 	/System/Library/PrivateFrameworks/AAAFoundation.framework/Versions/A/AAAFoundation
0x000000019f510000 	/System/Library/PrivateFrameworks/KeychainCircle.framework/Versions/A/KeychainCircle
0x00000001a32a1000 	/System/Library/PrivateFrameworks/MediaKit.framework/Versions/A/MediaKit
0x00000001a31e5000 	/System/Library/Frameworks/DiscRecording.framework/Versions/A/DiscRecording
0x000000019cc0a000 	/usr/lib/libCoreStorage.dylib
0x00000001a576e000 	/usr/lib/libcsfde.dylib
0x00000001a01fb000 	/System/Library/PrivateFrameworks/ProtectedCloudStorage.framework/Versions/A/ProtectedCloudStorage
0x00000001a5766000 	/System/Library/PrivateFrameworks/EFILogin.framework/Versions/A/EFILogin
0x00000001a35ac000 	/System/Library/PrivateFrameworks/OctagonTrust.framework/Versions/A/OctagonTrust
0x00000001fae50000 	/System/Library/PrivateFrameworks/CoreUtilsExtras.framework/Versions/A/CoreUtilsExtras
0x00000001a3117000 	/System/Library/Frameworks/CoreBluetooth.framework/Versions/A/CoreBluetooth
0x00000001a5de5000 	/System/Library/Frameworks/AudioUnit.framework/Versions/A/AudioUnit
0x000000019cc02000 	/usr/lib/libMatch.1.dylib
0x00000001b52c0000 	/System/Library/Frameworks/Accelerate.framework/Versions/A/Frameworks/vImage.framework/Versions/A/Libraries/libCGInterfaces.dylib
0x00000001127c8000 	/usr/lib/libobjc-trampolines.dylib
0x0000000198956000 	/System/Library/PrivateFrameworks/ViewBridge.framework/Versions/A/ViewBridge
0x000000019cac9000 	/System/Library/PrivateFrameworks/CrashReporterSupport.framework/Versions/A/CrashReporterSupport
0x00000001bcbcf000 	/System/Library/PrivateFrameworks/OSAnalytics.framework/Versions/A/OSAnalytics
0x00000001c7d1e000 	/System/Library/PrivateFrameworks/Symbolication.framework/Versions/A/Symbolication
0x00000001b101a000 	/System/Library/PrivateFrameworks/MallocStackLogging.framework/Versions/A/MallocStackLogging
0x0000000116e6c000 	/Users/raihanromzi/.openjfx/cache/17-ea/libjavafx_font.dylib
0x000000019d352000 	/System/Library/PrivateFrameworks/login.framework/Versions/A/login
0x000000020e066000 	/usr/lib/libRosetta.dylib


VM Arguments:
jvm_args: -javaagent:/Applications/IntelliJ IDEA CE.app/Contents/lib/idea_rt.jar=52144:/Applications/IntelliJ IDEA CE.app/Contents/bin -Dfile.encoding=UTF-8 --module-path=/Users/raihanromzi/.m2/repository/org/openjfx/javafx-controls/17-ea+11/javafx-controls-17-ea+11-mac-aarch64.jar:/Users/raihanromzi/.m2/repository/org/openjfx/javafx-graphics/17-ea+11/javafx-graphics-17-ea+11-mac-aarch64.jar:/Users/raihanromzi/Documents/Programming/javaFX-Project-1/target/classes:/Users/raihanromzi/.m2/repository/org/openjfx/javafx-base/17-ea+11/javafx-base-17-ea+11-mac-aarch64.jar:/Users/raihanromzi/.m2/repository/org/openjfx/javafx-fxml/17-ea+11/javafx-fxml-17-ea+11-mac-aarch64.jar -Djdk.module.main=com.javafxproject 
java_command: com.javafxproject/com.javafxproject.HelloApplication
java_class_path (initial): /Users/raihanromzi/.m2/repository/org/openjfx/javafx-controls/17-ea+11/javafx-controls-17-ea+11.jar:/Users/raihanromzi/.m2/repository/org/openjfx/javafx-graphics/17-ea+11/javafx-graphics-17-ea+11.jar:/Users/raihanromzi/.m2/repository/org/openjfx/javafx-base/17-ea+11/javafx-base-17-ea+11.jar:/Users/raihanromzi/.m2/repository/org/openjfx/javafx-fxml/17-ea+11/javafx-fxml-17-ea+11.jar
Launcher Type: SUN_STANDARD

[Global flags]
     intx CICompilerCount                          = 4                                         {product} {ergonomic}
     uint ConcGCThreads                            = 2                                         {product} {ergonomic}
     uint G1ConcRefinementThreads                  = 8                                         {product} {ergonomic}
   size_t G1HeapRegionSize                         = 1048576                                   {product} {ergonomic}
    uintx GCDrainStackTargetSize                   = 64                                        {product} {ergonomic}
   size_t InitialHeapSize                          = 134217728                                 {product} {ergonomic}
   size_t MarkStackSize                            = 4194304                                   {product} {ergonomic}
   size_t MaxHeapSize                              = 2147483648                                {product} {ergonomic}
   size_t MaxNewSize                               = 1287651328                                {product} {ergonomic}
   size_t MinHeapDeltaBytes                        = 1048576                                   {product} {ergonomic}
   size_t MinHeapSize                              = 8388608                                   {product} {ergonomic}
    uintx NonNMethodCodeHeapSize                   = 5839564                                {pd product} {ergonomic}
    uintx NonProfiledCodeHeapSize                  = 122909338                              {pd product} {ergonomic}
    uintx ProfiledCodeHeapSize                     = 122909338                              {pd product} {ergonomic}
    uintx ReservedCodeCacheSize                    = 251658240                              {pd product} {ergonomic}
     bool SegmentedCodeCache                       = true                                      {product} {ergonomic}
   size_t SoftMaxHeapSize                          = 2147483648                             {manageable} {ergonomic}
     bool UseCompressedClassPointers               = true                           {product lp64_product} {ergonomic}
     bool UseCompressedOops                        = true                           {product lp64_product} {ergonomic}
     bool UseG1GC                                  = true                                      {product} {ergonomic}
     bool UseNUMA                                  = false                                     {product} {ergonomic}
     bool UseNUMAInterleaving                      = false                                     {product} {ergonomic}

Logging:
Log output configuration:
 #0: stdout all=warning uptime,level,tags
 #1: stderr all=off uptime,level,tags

Environment Variables:
PATH=/Library/Frameworks/Python.framework/Versions/3.9/bin:/opt/homebrew/bin:/opt/homebrew/sbin:/usr/local/bin:/usr/bin:/bin:/usr/sbin:/sbin:/Library/Apple/usr/bin
SHELL=/bin/zsh
LC_CTYPE=en_US.UTF-8

Signal Handlers:
   SIGSEGV: _ZL13crash_handleriP9__siginfoPv in libjvm.dylib, mask=11100110000111110111111111111111, flags=SA_RESTART|SA_SIGINFO
    SIGBUS: _ZL13crash_handleriP9__siginfoPv in libjvm.dylib, mask=11100110000111110111111111111111, flags=SA_RESTART|SA_SIGINFO
    SIGFPE: _ZL13crash_handleriP9__siginfoPv in libjvm.dylib, mask=11100110000111110111111111111111, flags=SA_RESTART|SA_SIGINFO
   SIGPIPE: _ZL17javaSignalHandleriP9__siginfoPv in libjvm.dylib, mask=11100110000111110111111111111111, flags=SA_RESTART|SA_SIGINFO
   SIGXFSZ: _ZL17javaSignalHandleriP9__siginfoPv in libjvm.dylib, mask=11100110000111110111111111111111, flags=SA_RESTART|SA_SIGINFO
    SIGILL: _ZL13crash_handleriP9__siginfoPv in libjvm.dylib, mask=11100110000111110111111111111111, flags=SA_RESTART|SA_SIGINFO
   SIGUSR2: _ZL10SR_handleriP9__siginfoP17__darwin_ucontext in libjvm.dylib, mask=00100000000000000000000000000000, flags=SA_RESTART|SA_SIGINFO
    SIGHUP: _ZL11UserHandleriPvS_ in libjvm.dylib, mask=11100110000111110111111111111111, flags=SA_RESTART|SA_SIGINFO
    SIGINT: _ZL11UserHandleriPvS_ in libjvm.dylib, mask=11100110000111110111111111111111, flags=SA_RESTART|SA_SIGINFO
   SIGTERM: _ZL11UserHandleriPvS_ in libjvm.dylib, mask=11100110000111110111111111111111, flags=SA_RESTART|SA_SIGINFO
   SIGQUIT: _ZL11UserHandleriPvS_ in libjvm.dylib, mask=11100110000111110111111111111111, flags=SA_RESTART|SA_SIGINFO
   SIGTRAP: _ZL13crash_handleriP9__siginfoPv in libjvm.dylib, mask=11100110000111110111111111111111, flags=SA_RESTART|SA_SIGINFO


---------------  S Y S T E M  ---------------

OS:
uname: Darwin 21.1.0 Darwin Kernel Version 21.1.0: Wed Oct 13 17:33:24 PDT 2021; root:xnu-8019.41.5~1/RELEASE_ARM64_T8101 arm64
OS uptime: 7 days 16:07 hours
rlimit (soft/hard): STACK 8176k/65520k , CORE 0k/infinity , NPROC 1333/2000 , NOFILE 10240/infinity , AS infinity/infinity , CPU infinity/infinity , DATA infinity/infinity , FSIZE infinity/infinity , MEMLOCK infinity/infinity , RSS infinity/infinity
load average: 2.12 1.68 1.89

CPU: total 8 (initial active 8) 0x61:0x0:0x1b588bb3:0, fp, simd, crc, lse

Memory: 16k page, physical 8388608k(204048k free), swap 4194304k(974848k free)

vm_info: OpenJDK 64-Bit Server VM (17.0.1+12-LTS) for bsd-aarch64 JRE (17.0.1+12-LTS), built on Oct 20 2021 15:30:38 by "jenkins" with clang Apple LLVM 13.0.0 (clang-1300.0.29.3)

END.
